#! /c/Source/iverilog-install/bin/vvp
:ivl_version "12.0 (devel)" "(s20150603-1539-g2693dd32b)";
:ivl_delay_selection "TYPICAL";
:vpi_time_precision + 0;
:vpi_module "C:\iverilog\lib\ivl\system.vpi";
:vpi_module "C:\iverilog\lib\ivl\vhdl_sys.vpi";
:vpi_module "C:\iverilog\lib\ivl\vhdl_textio.vpi";
:vpi_module "C:\iverilog\lib\ivl\v2005_math.vpi";
:vpi_module "C:\iverilog\lib\ivl\va_math.vpi";
:vpi_module "C:\iverilog\lib\ivl\v2009.vpi";
S_000002b354745640 .scope package, "$unit" "$unit" 2 1;
 .timescale 0 0;
S_000002b3547457d0 .scope module, "ALUControl" "ALUControl" 3 1;
 .timescale 0 0;
    .port_info 0 /INPUT 1 "ALUOp1";
    .port_info 1 /INPUT 1 "ALUOp0";
    .port_info 2 /INPUT 6 "instrucao";
    .port_info 3 /OUTPUT 4 "operacao";
o000002b354756fc8 .functor BUFZ 1, C4<z>; HiZ drive
L_000002b354707660 .functor BUFZ 1, o000002b354756fc8, C4<0>, C4<0>, C4<0>;
o000002b354756f98 .functor BUFZ 1, C4<z>; HiZ drive
L_000002b354707450 .functor BUFZ 1, o000002b354756f98, C4<0>, C4<0>, C4<0>;
o000002b3547570e8 .functor BUFZ 6, C4<zzzzzz>; HiZ drive
L_000002b354734800 .functor BUFZ 6, o000002b3547570e8, C4<000000>, C4<000000>, C4<000000>;
L_000002b35470ef20 .functor BUFZ 4, v000002b354745ff0_0, C4<0000>, C4<0000>, C4<0000>;
v000002b3547466d0_0 .net "ALUOp0", 0 0, o000002b354756f98;  0 drivers
v000002b354746130_0 .net "ALUOp1", 0 0, o000002b354756fc8;  0 drivers
v000002b354746770_0 .net *"_ivl_12", 5 0, L_000002b354734800;  1 drivers
v000002b354745a50_0 .net *"_ivl_3", 0 0, L_000002b354707660;  1 drivers
v000002b3547461d0_0 .net *"_ivl_7", 0 0, L_000002b354707450;  1 drivers
v000002b354746270_0 .net "auxiliarIn", 7 0, L_000002b354745cd0;  1 drivers
v000002b354745ff0_0 .var "auxiliarOut", 3 0;
v000002b354745d70_0 .net "instrucao", 5 0, o000002b3547570e8;  0 drivers
v000002b3547468b0_0 .net "operacao", 3 0, L_000002b35470ef20;  1 drivers
E_000002b35470d000 .event anyedge, v000002b354746270_0;
L_000002b354745cd0 .concat8 [ 6 1 1 0], L_000002b354734800, L_000002b354707450, L_000002b354707660;
    .scope S_000002b3547457d0;
T_0 ;
    %wait E_000002b35470d000;
    %load/vec4 v000002b354746270_0;
    %dup/vec4;
    %pushi/vec4 0, 63, 8;
    %cmp/x;
    %jmp/1 T_0.0, 4;
    %dup/vec4;
    %pushi/vec4 64, 63, 8;
    %cmp/x;
    %jmp/1 T_0.1, 4;
    %dup/vec4;
    %pushi/vec4 128, 48, 8;
    %cmp/x;
    %jmp/1 T_0.2, 4;
    %dup/vec4;
    %pushi/vec4 130, 112, 8;
    %cmp/x;
    %jmp/1 T_0.3, 4;
    %dup/vec4;
    %pushi/vec4 132, 48, 8;
    %cmp/x;
    %jmp/1 T_0.4, 4;
    %dup/vec4;
    %pushi/vec4 133, 48, 8;
    %cmp/x;
    %jmp/1 T_0.5, 4;
    %dup/vec4;
    %pushi/vec4 138, 112, 8;
    %cmp/x;
    %jmp/1 T_0.6, 4;
    %pushi/vec4 0, 0, 4;
    %store/vec4 v000002b354745ff0_0, 0, 4;
    %jmp T_0.8;
T_0.0 ;
    %pushi/vec4 2, 0, 4;
    %store/vec4 v000002b354745ff0_0, 0, 4;
    %jmp T_0.8;
T_0.1 ;
    %pushi/vec4 6, 0, 4;
    %store/vec4 v000002b354745ff0_0, 0, 4;
    %jmp T_0.8;
T_0.2 ;
    %pushi/vec4 2, 0, 4;
    %store/vec4 v000002b354745ff0_0, 0, 4;
    %jmp T_0.8;
T_0.3 ;
    %pushi/vec4 6, 0, 4;
    %store/vec4 v000002b354745ff0_0, 0, 4;
    %jmp T_0.8;
T_0.4 ;
    %pushi/vec4 0, 0, 4;
    %store/vec4 v000002b354745ff0_0, 0, 4;
    %jmp T_0.8;
T_0.5 ;
    %pushi/vec4 1, 0, 4;
    %store/vec4 v000002b354745ff0_0, 0, 4;
    %jmp T_0.8;
T_0.6 ;
    %pushi/vec4 7, 0, 4;
    %store/vec4 v000002b354745ff0_0, 0, 4;
    %jmp T_0.8;
T_0.8 ;
    %pop/vec4 1;
    %jmp T_0;
    .thread T_0, $push;
# The file index is used to find the file name in the following table.
:file_names 4;
    "N/A";
    "<interactive>";
    "-";
    "ALUControl.v";
