#! /c/Source/iverilog-install/bin/vvp
:ivl_version "12.0 (devel)" "(s20150603-1539-g2693dd32b)";
:ivl_delay_selection "TYPICAL";
:vpi_time_precision + 0;
:vpi_module "C:\Users\masib\scoop\apps\iverilog\current\lib\ivl\system.vpi";
:vpi_module "C:\Users\masib\scoop\apps\iverilog\current\lib\ivl\vhdl_sys.vpi";
:vpi_module "C:\Users\masib\scoop\apps\iverilog\current\lib\ivl\vhdl_textio.vpi";
:vpi_module "C:\Users\masib\scoop\apps\iverilog\current\lib\ivl\v2005_math.vpi";
:vpi_module "C:\Users\masib\scoop\apps\iverilog\current\lib\ivl\va_math.vpi";
S_000001f8748fcf00 .scope module, "memoria_instrucoes" "memoria_instrucoes" 2 1;
 .timescale 0 0;
    .port_info 0 /INPUT 32 "endereco";
    .port_info 1 /OUTPUT 32 "instrucao";
o000001f874946fa8 .functor BUFZ 32, C4<zzzzzzzzzzzzzzzzzzzzzzzzzzzzzzzz>; HiZ drive
v000001f874912510_0 .net "endereco", 31 0, o000001f874946fa8;  0 drivers
v000001f8748fe940_0 .var "instrucao", 31 0;
v000001f8748fe9e0 .array "mem", 255 0, 31 0;
v000001f8748fe9e0_0 .array/port v000001f8748fe9e0, 0;
v000001f8748fe9e0_1 .array/port v000001f8748fe9e0, 1;
v000001f8748fe9e0_2 .array/port v000001f8748fe9e0, 2;
E_000001f874946630/0 .event anyedge, v000001f874912510_0, v000001f8748fe9e0_0, v000001f8748fe9e0_1, v000001f8748fe9e0_2;
v000001f8748fe9e0_3 .array/port v000001f8748fe9e0, 3;
v000001f8748fe9e0_4 .array/port v000001f8748fe9e0, 4;
v000001f8748fe9e0_5 .array/port v000001f8748fe9e0, 5;
v000001f8748fe9e0_6 .array/port v000001f8748fe9e0, 6;
E_000001f874946630/1 .event anyedge, v000001f8748fe9e0_3, v000001f8748fe9e0_4, v000001f8748fe9e0_5, v000001f8748fe9e0_6;
v000001f8748fe9e0_7 .array/port v000001f8748fe9e0, 7;
v000001f8748fe9e0_8 .array/port v000001f8748fe9e0, 8;
v000001f8748fe9e0_9 .array/port v000001f8748fe9e0, 9;
v000001f8748fe9e0_10 .array/port v000001f8748fe9e0, 10;
E_000001f874946630/2 .event anyedge, v000001f8748fe9e0_7, v000001f8748fe9e0_8, v000001f8748fe9e0_9, v000001f8748fe9e0_10;
v000001f8748fe9e0_11 .array/port v000001f8748fe9e0, 11;
v000001f8748fe9e0_12 .array/port v000001f8748fe9e0, 12;
v000001f8748fe9e0_13 .array/port v000001f8748fe9e0, 13;
v000001f8748fe9e0_14 .array/port v000001f8748fe9e0, 14;
E_000001f874946630/3 .event anyedge, v000001f8748fe9e0_11, v000001f8748fe9e0_12, v000001f8748fe9e0_13, v000001f8748fe9e0_14;
v000001f8748fe9e0_15 .array/port v000001f8748fe9e0, 15;
v000001f8748fe9e0_16 .array/port v000001f8748fe9e0, 16;
v000001f8748fe9e0_17 .array/port v000001f8748fe9e0, 17;
v000001f8748fe9e0_18 .array/port v000001f8748fe9e0, 18;
E_000001f874946630/4 .event anyedge, v000001f8748fe9e0_15, v000001f8748fe9e0_16, v000001f8748fe9e0_17, v000001f8748fe9e0_18;
v000001f8748fe9e0_19 .array/port v000001f8748fe9e0, 19;
v000001f8748fe9e0_20 .array/port v000001f8748fe9e0, 20;
v000001f8748fe9e0_21 .array/port v000001f8748fe9e0, 21;
v000001f8748fe9e0_22 .array/port v000001f8748fe9e0, 22;
E_000001f874946630/5 .event anyedge, v000001f8748fe9e0_19, v000001f8748fe9e0_20, v000001f8748fe9e0_21, v000001f8748fe9e0_22;
v000001f8748fe9e0_23 .array/port v000001f8748fe9e0, 23;
v000001f8748fe9e0_24 .array/port v000001f8748fe9e0, 24;
v000001f8748fe9e0_25 .array/port v000001f8748fe9e0, 25;
v000001f8748fe9e0_26 .array/port v000001f8748fe9e0, 26;
E_000001f874946630/6 .event anyedge, v000001f8748fe9e0_23, v000001f8748fe9e0_24, v000001f8748fe9e0_25, v000001f8748fe9e0_26;
v000001f8748fe9e0_27 .array/port v000001f8748fe9e0, 27;
v000001f8748fe9e0_28 .array/port v000001f8748fe9e0, 28;
v000001f8748fe9e0_29 .array/port v000001f8748fe9e0, 29;
v000001f8748fe9e0_30 .array/port v000001f8748fe9e0, 30;
E_000001f874946630/7 .event anyedge, v000001f8748fe9e0_27, v000001f8748fe9e0_28, v000001f8748fe9e0_29, v000001f8748fe9e0_30;
v000001f8748fe9e0_31 .array/port v000001f8748fe9e0, 31;
v000001f8748fe9e0_32 .array/port v000001f8748fe9e0, 32;
v000001f8748fe9e0_33 .array/port v000001f8748fe9e0, 33;
v000001f8748fe9e0_34 .array/port v000001f8748fe9e0, 34;
E_000001f874946630/8 .event anyedge, v000001f8748fe9e0_31, v000001f8748fe9e0_32, v000001f8748fe9e0_33, v000001f8748fe9e0_34;
v000001f8748fe9e0_35 .array/port v000001f8748fe9e0, 35;
v000001f8748fe9e0_36 .array/port v000001f8748fe9e0, 36;
v000001f8748fe9e0_37 .array/port v000001f8748fe9e0, 37;
v000001f8748fe9e0_38 .array/port v000001f8748fe9e0, 38;
E_000001f874946630/9 .event anyedge, v000001f8748fe9e0_35, v000001f8748fe9e0_36, v000001f8748fe9e0_37, v000001f8748fe9e0_38;
v000001f8748fe9e0_39 .array/port v000001f8748fe9e0, 39;
v000001f8748fe9e0_40 .array/port v000001f8748fe9e0, 40;
v000001f8748fe9e0_41 .array/port v000001f8748fe9e0, 41;
v000001f8748fe9e0_42 .array/port v000001f8748fe9e0, 42;
E_000001f874946630/10 .event anyedge, v000001f8748fe9e0_39, v000001f8748fe9e0_40, v000001f8748fe9e0_41, v000001f8748fe9e0_42;
v000001f8748fe9e0_43 .array/port v000001f8748fe9e0, 43;
v000001f8748fe9e0_44 .array/port v000001f8748fe9e0, 44;
v000001f8748fe9e0_45 .array/port v000001f8748fe9e0, 45;
v000001f8748fe9e0_46 .array/port v000001f8748fe9e0, 46;
E_000001f874946630/11 .event anyedge, v000001f8748fe9e0_43, v000001f8748fe9e0_44, v000001f8748fe9e0_45, v000001f8748fe9e0_46;
v000001f8748fe9e0_47 .array/port v000001f8748fe9e0, 47;
v000001f8748fe9e0_48 .array/port v000001f8748fe9e0, 48;
v000001f8748fe9e0_49 .array/port v000001f8748fe9e0, 49;
v000001f8748fe9e0_50 .array/port v000001f8748fe9e0, 50;
E_000001f874946630/12 .event anyedge, v000001f8748fe9e0_47, v000001f8748fe9e0_48, v000001f8748fe9e0_49, v000001f8748fe9e0_50;
v000001f8748fe9e0_51 .array/port v000001f8748fe9e0, 51;
v000001f8748fe9e0_52 .array/port v000001f8748fe9e0, 52;
v000001f8748fe9e0_53 .array/port v000001f8748fe9e0, 53;
v000001f8748fe9e0_54 .array/port v000001f8748fe9e0, 54;
E_000001f874946630/13 .event anyedge, v000001f8748fe9e0_51, v000001f8748fe9e0_52, v000001f8748fe9e0_53, v000001f8748fe9e0_54;
v000001f8748fe9e0_55 .array/port v000001f8748fe9e0, 55;
v000001f8748fe9e0_56 .array/port v000001f8748fe9e0, 56;
v000001f8748fe9e0_57 .array/port v000001f8748fe9e0, 57;
v000001f8748fe9e0_58 .array/port v000001f8748fe9e0, 58;
E_000001f874946630/14 .event anyedge, v000001f8748fe9e0_55, v000001f8748fe9e0_56, v000001f8748fe9e0_57, v000001f8748fe9e0_58;
v000001f8748fe9e0_59 .array/port v000001f8748fe9e0, 59;
v000001f8748fe9e0_60 .array/port v000001f8748fe9e0, 60;
v000001f8748fe9e0_61 .array/port v000001f8748fe9e0, 61;
v000001f8748fe9e0_62 .array/port v000001f8748fe9e0, 62;
E_000001f874946630/15 .event anyedge, v000001f8748fe9e0_59, v000001f8748fe9e0_60, v000001f8748fe9e0_61, v000001f8748fe9e0_62;
v000001f8748fe9e0_63 .array/port v000001f8748fe9e0, 63;
v000001f8748fe9e0_64 .array/port v000001f8748fe9e0, 64;
v000001f8748fe9e0_65 .array/port v000001f8748fe9e0, 65;
v000001f8748fe9e0_66 .array/port v000001f8748fe9e0, 66;
E_000001f874946630/16 .event anyedge, v000001f8748fe9e0_63, v000001f8748fe9e0_64, v000001f8748fe9e0_65, v000001f8748fe9e0_66;
v000001f8748fe9e0_67 .array/port v000001f8748fe9e0, 67;
v000001f8748fe9e0_68 .array/port v000001f8748fe9e0, 68;
v000001f8748fe9e0_69 .array/port v000001f8748fe9e0, 69;
v000001f8748fe9e0_70 .array/port v000001f8748fe9e0, 70;
E_000001f874946630/17 .event anyedge, v000001f8748fe9e0_67, v000001f8748fe9e0_68, v000001f8748fe9e0_69, v000001f8748fe9e0_70;
v000001f8748fe9e0_71 .array/port v000001f8748fe9e0, 71;
v000001f8748fe9e0_72 .array/port v000001f8748fe9e0, 72;
v000001f8748fe9e0_73 .array/port v000001f8748fe9e0, 73;
v000001f8748fe9e0_74 .array/port v000001f8748fe9e0, 74;
E_000001f874946630/18 .event anyedge, v000001f8748fe9e0_71, v000001f8748fe9e0_72, v000001f8748fe9e0_73, v000001f8748fe9e0_74;
v000001f8748fe9e0_75 .array/port v000001f8748fe9e0, 75;
v000001f8748fe9e0_76 .array/port v000001f8748fe9e0, 76;
v000001f8748fe9e0_77 .array/port v000001f8748fe9e0, 77;
v000001f8748fe9e0_78 .array/port v000001f8748fe9e0, 78;
E_000001f874946630/19 .event anyedge, v000001f8748fe9e0_75, v000001f8748fe9e0_76, v000001f8748fe9e0_77, v000001f8748fe9e0_78;
v000001f8748fe9e0_79 .array/port v000001f8748fe9e0, 79;
v000001f8748fe9e0_80 .array/port v000001f8748fe9e0, 80;
v000001f8748fe9e0_81 .array/port v000001f8748fe9e0, 81;
v000001f8748fe9e0_82 .array/port v000001f8748fe9e0, 82;
E_000001f874946630/20 .event anyedge, v000001f8748fe9e0_79, v000001f8748fe9e0_80, v000001f8748fe9e0_81, v000001f8748fe9e0_82;
v000001f8748fe9e0_83 .array/port v000001f8748fe9e0, 83;
v000001f8748fe9e0_84 .array/port v000001f8748fe9e0, 84;
v000001f8748fe9e0_85 .array/port v000001f8748fe9e0, 85;
v000001f8748fe9e0_86 .array/port v000001f8748fe9e0, 86;
E_000001f874946630/21 .event anyedge, v000001f8748fe9e0_83, v000001f8748fe9e0_84, v000001f8748fe9e0_85, v000001f8748fe9e0_86;
v000001f8748fe9e0_87 .array/port v000001f8748fe9e0, 87;
v000001f8748fe9e0_88 .array/port v000001f8748fe9e0, 88;
v000001f8748fe9e0_89 .array/port v000001f8748fe9e0, 89;
v000001f8748fe9e0_90 .array/port v000001f8748fe9e0, 90;
E_000001f874946630/22 .event anyedge, v000001f8748fe9e0_87, v000001f8748fe9e0_88, v000001f8748fe9e0_89, v000001f8748fe9e0_90;
v000001f8748fe9e0_91 .array/port v000001f8748fe9e0, 91;
v000001f8748fe9e0_92 .array/port v000001f8748fe9e0, 92;
v000001f8748fe9e0_93 .array/port v000001f8748fe9e0, 93;
v000001f8748fe9e0_94 .array/port v000001f8748fe9e0, 94;
E_000001f874946630/23 .event anyedge, v000001f8748fe9e0_91, v000001f8748fe9e0_92, v000001f8748fe9e0_93, v000001f8748fe9e0_94;
v000001f8748fe9e0_95 .array/port v000001f8748fe9e0, 95;
v000001f8748fe9e0_96 .array/port v000001f8748fe9e0, 96;
v000001f8748fe9e0_97 .array/port v000001f8748fe9e0, 97;
v000001f8748fe9e0_98 .array/port v000001f8748fe9e0, 98;
E_000001f874946630/24 .event anyedge, v000001f8748fe9e0_95, v000001f8748fe9e0_96, v000001f8748fe9e0_97, v000001f8748fe9e0_98;
v000001f8748fe9e0_99 .array/port v000001f8748fe9e0, 99;
v000001f8748fe9e0_100 .array/port v000001f8748fe9e0, 100;
v000001f8748fe9e0_101 .array/port v000001f8748fe9e0, 101;
v000001f8748fe9e0_102 .array/port v000001f8748fe9e0, 102;
E_000001f874946630/25 .event anyedge, v000001f8748fe9e0_99, v000001f8748fe9e0_100, v000001f8748fe9e0_101, v000001f8748fe9e0_102;
v000001f8748fe9e0_103 .array/port v000001f8748fe9e0, 103;
v000001f8748fe9e0_104 .array/port v000001f8748fe9e0, 104;
v000001f8748fe9e0_105 .array/port v000001f8748fe9e0, 105;
v000001f8748fe9e0_106 .array/port v000001f8748fe9e0, 106;
E_000001f874946630/26 .event anyedge, v000001f8748fe9e0_103, v000001f8748fe9e0_104, v000001f8748fe9e0_105, v000001f8748fe9e0_106;
v000001f8748fe9e0_107 .array/port v000001f8748fe9e0, 107;
v000001f8748fe9e0_108 .array/port v000001f8748fe9e0, 108;
v000001f8748fe9e0_109 .array/port v000001f8748fe9e0, 109;
v000001f8748fe9e0_110 .array/port v000001f8748fe9e0, 110;
E_000001f874946630/27 .event anyedge, v000001f8748fe9e0_107, v000001f8748fe9e0_108, v000001f8748fe9e0_109, v000001f8748fe9e0_110;
v000001f8748fe9e0_111 .array/port v000001f8748fe9e0, 111;
v000001f8748fe9e0_112 .array/port v000001f8748fe9e0, 112;
v000001f8748fe9e0_113 .array/port v000001f8748fe9e0, 113;
v000001f8748fe9e0_114 .array/port v000001f8748fe9e0, 114;
E_000001f874946630/28 .event anyedge, v000001f8748fe9e0_111, v000001f8748fe9e0_112, v000001f8748fe9e0_113, v000001f8748fe9e0_114;
v000001f8748fe9e0_115 .array/port v000001f8748fe9e0, 115;
v000001f8748fe9e0_116 .array/port v000001f8748fe9e0, 116;
v000001f8748fe9e0_117 .array/port v000001f8748fe9e0, 117;
v000001f8748fe9e0_118 .array/port v000001f8748fe9e0, 118;
E_000001f874946630/29 .event anyedge, v000001f8748fe9e0_115, v000001f8748fe9e0_116, v000001f8748fe9e0_117, v000001f8748fe9e0_118;
v000001f8748fe9e0_119 .array/port v000001f8748fe9e0, 119;
v000001f8748fe9e0_120 .array/port v000001f8748fe9e0, 120;
v000001f8748fe9e0_121 .array/port v000001f8748fe9e0, 121;
v000001f8748fe9e0_122 .array/port v000001f8748fe9e0, 122;
E_000001f874946630/30 .event anyedge, v000001f8748fe9e0_119, v000001f8748fe9e0_120, v000001f8748fe9e0_121, v000001f8748fe9e0_122;
v000001f8748fe9e0_123 .array/port v000001f8748fe9e0, 123;
v000001f8748fe9e0_124 .array/port v000001f8748fe9e0, 124;
v000001f8748fe9e0_125 .array/port v000001f8748fe9e0, 125;
v000001f8748fe9e0_126 .array/port v000001f8748fe9e0, 126;
E_000001f874946630/31 .event anyedge, v000001f8748fe9e0_123, v000001f8748fe9e0_124, v000001f8748fe9e0_125, v000001f8748fe9e0_126;
v000001f8748fe9e0_127 .array/port v000001f8748fe9e0, 127;
v000001f8748fe9e0_128 .array/port v000001f8748fe9e0, 128;
v000001f8748fe9e0_129 .array/port v000001f8748fe9e0, 129;
v000001f8748fe9e0_130 .array/port v000001f8748fe9e0, 130;
E_000001f874946630/32 .event anyedge, v000001f8748fe9e0_127, v000001f8748fe9e0_128, v000001f8748fe9e0_129, v000001f8748fe9e0_130;
v000001f8748fe9e0_131 .array/port v000001f8748fe9e0, 131;
v000001f8748fe9e0_132 .array/port v000001f8748fe9e0, 132;
v000001f8748fe9e0_133 .array/port v000001f8748fe9e0, 133;
v000001f8748fe9e0_134 .array/port v000001f8748fe9e0, 134;
E_000001f874946630/33 .event anyedge, v000001f8748fe9e0_131, v000001f8748fe9e0_132, v000001f8748fe9e0_133, v000001f8748fe9e0_134;
v000001f8748fe9e0_135 .array/port v000001f8748fe9e0, 135;
v000001f8748fe9e0_136 .array/port v000001f8748fe9e0, 136;
v000001f8748fe9e0_137 .array/port v000001f8748fe9e0, 137;
v000001f8748fe9e0_138 .array/port v000001f8748fe9e0, 138;
E_000001f874946630/34 .event anyedge, v000001f8748fe9e0_135, v000001f8748fe9e0_136, v000001f8748fe9e0_137, v000001f8748fe9e0_138;
v000001f8748fe9e0_139 .array/port v000001f8748fe9e0, 139;
v000001f8748fe9e0_140 .array/port v000001f8748fe9e0, 140;
v000001f8748fe9e0_141 .array/port v000001f8748fe9e0, 141;
v000001f8748fe9e0_142 .array/port v000001f8748fe9e0, 142;
E_000001f874946630/35 .event anyedge, v000001f8748fe9e0_139, v000001f8748fe9e0_140, v000001f8748fe9e0_141, v000001f8748fe9e0_142;
v000001f8748fe9e0_143 .array/port v000001f8748fe9e0, 143;
v000001f8748fe9e0_144 .array/port v000001f8748fe9e0, 144;
v000001f8748fe9e0_145 .array/port v000001f8748fe9e0, 145;
v000001f8748fe9e0_146 .array/port v000001f8748fe9e0, 146;
E_000001f874946630/36 .event anyedge, v000001f8748fe9e0_143, v000001f8748fe9e0_144, v000001f8748fe9e0_145, v000001f8748fe9e0_146;
v000001f8748fe9e0_147 .array/port v000001f8748fe9e0, 147;
v000001f8748fe9e0_148 .array/port v000001f8748fe9e0, 148;
v000001f8748fe9e0_149 .array/port v000001f8748fe9e0, 149;
v000001f8748fe9e0_150 .array/port v000001f8748fe9e0, 150;
E_000001f874946630/37 .event anyedge, v000001f8748fe9e0_147, v000001f8748fe9e0_148, v000001f8748fe9e0_149, v000001f8748fe9e0_150;
v000001f8748fe9e0_151 .array/port v000001f8748fe9e0, 151;
v000001f8748fe9e0_152 .array/port v000001f8748fe9e0, 152;
v000001f8748fe9e0_153 .array/port v000001f8748fe9e0, 153;
v000001f8748fe9e0_154 .array/port v000001f8748fe9e0, 154;
E_000001f874946630/38 .event anyedge, v000001f8748fe9e0_151, v000001f8748fe9e0_152, v000001f8748fe9e0_153, v000001f8748fe9e0_154;
v000001f8748fe9e0_155 .array/port v000001f8748fe9e0, 155;
v000001f8748fe9e0_156 .array/port v000001f8748fe9e0, 156;
v000001f8748fe9e0_157 .array/port v000001f8748fe9e0, 157;
v000001f8748fe9e0_158 .array/port v000001f8748fe9e0, 158;
E_000001f874946630/39 .event anyedge, v000001f8748fe9e0_155, v000001f8748fe9e0_156, v000001f8748fe9e0_157, v000001f8748fe9e0_158;
v000001f8748fe9e0_159 .array/port v000001f8748fe9e0, 159;
v000001f8748fe9e0_160 .array/port v000001f8748fe9e0, 160;
v000001f8748fe9e0_161 .array/port v000001f8748fe9e0, 161;
v000001f8748fe9e0_162 .array/port v000001f8748fe9e0, 162;
E_000001f874946630/40 .event anyedge, v000001f8748fe9e0_159, v000001f8748fe9e0_160, v000001f8748fe9e0_161, v000001f8748fe9e0_162;
v000001f8748fe9e0_163 .array/port v000001f8748fe9e0, 163;
v000001f8748fe9e0_164 .array/port v000001f8748fe9e0, 164;
v000001f8748fe9e0_165 .array/port v000001f8748fe9e0, 165;
v000001f8748fe9e0_166 .array/port v000001f8748fe9e0, 166;
E_000001f874946630/41 .event anyedge, v000001f8748fe9e0_163, v000001f8748fe9e0_164, v000001f8748fe9e0_165, v000001f8748fe9e0_166;
v000001f8748fe9e0_167 .array/port v000001f8748fe9e0, 167;
v000001f8748fe9e0_168 .array/port v000001f8748fe9e0, 168;
v000001f8748fe9e0_169 .array/port v000001f8748fe9e0, 169;
v000001f8748fe9e0_170 .array/port v000001f8748fe9e0, 170;
E_000001f874946630/42 .event anyedge, v000001f8748fe9e0_167, v000001f8748fe9e0_168, v000001f8748fe9e0_169, v000001f8748fe9e0_170;
v000001f8748fe9e0_171 .array/port v000001f8748fe9e0, 171;
v000001f8748fe9e0_172 .array/port v000001f8748fe9e0, 172;
v000001f8748fe9e0_173 .array/port v000001f8748fe9e0, 173;
v000001f8748fe9e0_174 .array/port v000001f8748fe9e0, 174;
E_000001f874946630/43 .event anyedge, v000001f8748fe9e0_171, v000001f8748fe9e0_172, v000001f8748fe9e0_173, v000001f8748fe9e0_174;
v000001f8748fe9e0_175 .array/port v000001f8748fe9e0, 175;
v000001f8748fe9e0_176 .array/port v000001f8748fe9e0, 176;
v000001f8748fe9e0_177 .array/port v000001f8748fe9e0, 177;
v000001f8748fe9e0_178 .array/port v000001f8748fe9e0, 178;
E_000001f874946630/44 .event anyedge, v000001f8748fe9e0_175, v000001f8748fe9e0_176, v000001f8748fe9e0_177, v000001f8748fe9e0_178;
v000001f8748fe9e0_179 .array/port v000001f8748fe9e0, 179;
v000001f8748fe9e0_180 .array/port v000001f8748fe9e0, 180;
v000001f8748fe9e0_181 .array/port v000001f8748fe9e0, 181;
v000001f8748fe9e0_182 .array/port v000001f8748fe9e0, 182;
E_000001f874946630/45 .event anyedge, v000001f8748fe9e0_179, v000001f8748fe9e0_180, v000001f8748fe9e0_181, v000001f8748fe9e0_182;
v000001f8748fe9e0_183 .array/port v000001f8748fe9e0, 183;
v000001f8748fe9e0_184 .array/port v000001f8748fe9e0, 184;
v000001f8748fe9e0_185 .array/port v000001f8748fe9e0, 185;
v000001f8748fe9e0_186 .array/port v000001f8748fe9e0, 186;
E_000001f874946630/46 .event anyedge, v000001f8748fe9e0_183, v000001f8748fe9e0_184, v000001f8748fe9e0_185, v000001f8748fe9e0_186;
v000001f8748fe9e0_187 .array/port v000001f8748fe9e0, 187;
v000001f8748fe9e0_188 .array/port v000001f8748fe9e0, 188;
v000001f8748fe9e0_189 .array/port v000001f8748fe9e0, 189;
v000001f8748fe9e0_190 .array/port v000001f8748fe9e0, 190;
E_000001f874946630/47 .event anyedge, v000001f8748fe9e0_187, v000001f8748fe9e0_188, v000001f8748fe9e0_189, v000001f8748fe9e0_190;
v000001f8748fe9e0_191 .array/port v000001f8748fe9e0, 191;
v000001f8748fe9e0_192 .array/port v000001f8748fe9e0, 192;
v000001f8748fe9e0_193 .array/port v000001f8748fe9e0, 193;
v000001f8748fe9e0_194 .array/port v000001f8748fe9e0, 194;
E_000001f874946630/48 .event anyedge, v000001f8748fe9e0_191, v000001f8748fe9e0_192, v000001f8748fe9e0_193, v000001f8748fe9e0_194;
v000001f8748fe9e0_195 .array/port v000001f8748fe9e0, 195;
v000001f8748fe9e0_196 .array/port v000001f8748fe9e0, 196;
v000001f8748fe9e0_197 .array/port v000001f8748fe9e0, 197;
v000001f8748fe9e0_198 .array/port v000001f8748fe9e0, 198;
E_000001f874946630/49 .event anyedge, v000001f8748fe9e0_195, v000001f8748fe9e0_196, v000001f8748fe9e0_197, v000001f8748fe9e0_198;
v000001f8748fe9e0_199 .array/port v000001f8748fe9e0, 199;
v000001f8748fe9e0_200 .array/port v000001f8748fe9e0, 200;
v000001f8748fe9e0_201 .array/port v000001f8748fe9e0, 201;
v000001f8748fe9e0_202 .array/port v000001f8748fe9e0, 202;
E_000001f874946630/50 .event anyedge, v000001f8748fe9e0_199, v000001f8748fe9e0_200, v000001f8748fe9e0_201, v000001f8748fe9e0_202;
v000001f8748fe9e0_203 .array/port v000001f8748fe9e0, 203;
v000001f8748fe9e0_204 .array/port v000001f8748fe9e0, 204;
v000001f8748fe9e0_205 .array/port v000001f8748fe9e0, 205;
v000001f8748fe9e0_206 .array/port v000001f8748fe9e0, 206;
E_000001f874946630/51 .event anyedge, v000001f8748fe9e0_203, v000001f8748fe9e0_204, v000001f8748fe9e0_205, v000001f8748fe9e0_206;
v000001f8748fe9e0_207 .array/port v000001f8748fe9e0, 207;
v000001f8748fe9e0_208 .array/port v000001f8748fe9e0, 208;
v000001f8748fe9e0_209 .array/port v000001f8748fe9e0, 209;
v000001f8748fe9e0_210 .array/port v000001f8748fe9e0, 210;
E_000001f874946630/52 .event anyedge, v000001f8748fe9e0_207, v000001f8748fe9e0_208, v000001f8748fe9e0_209, v000001f8748fe9e0_210;
v000001f8748fe9e0_211 .array/port v000001f8748fe9e0, 211;
v000001f8748fe9e0_212 .array/port v000001f8748fe9e0, 212;
v000001f8748fe9e0_213 .array/port v000001f8748fe9e0, 213;
v000001f8748fe9e0_214 .array/port v000001f8748fe9e0, 214;
E_000001f874946630/53 .event anyedge, v000001f8748fe9e0_211, v000001f8748fe9e0_212, v000001f8748fe9e0_213, v000001f8748fe9e0_214;
v000001f8748fe9e0_215 .array/port v000001f8748fe9e0, 215;
v000001f8748fe9e0_216 .array/port v000001f8748fe9e0, 216;
v000001f8748fe9e0_217 .array/port v000001f8748fe9e0, 217;
v000001f8748fe9e0_218 .array/port v000001f8748fe9e0, 218;
E_000001f874946630/54 .event anyedge, v000001f8748fe9e0_215, v000001f8748fe9e0_216, v000001f8748fe9e0_217, v000001f8748fe9e0_218;
v000001f8748fe9e0_219 .array/port v000001f8748fe9e0, 219;
v000001f8748fe9e0_220 .array/port v000001f8748fe9e0, 220;
v000001f8748fe9e0_221 .array/port v000001f8748fe9e0, 221;
v000001f8748fe9e0_222 .array/port v000001f8748fe9e0, 222;
E_000001f874946630/55 .event anyedge, v000001f8748fe9e0_219, v000001f8748fe9e0_220, v000001f8748fe9e0_221, v000001f8748fe9e0_222;
v000001f8748fe9e0_223 .array/port v000001f8748fe9e0, 223;
v000001f8748fe9e0_224 .array/port v000001f8748fe9e0, 224;
v000001f8748fe9e0_225 .array/port v000001f8748fe9e0, 225;
v000001f8748fe9e0_226 .array/port v000001f8748fe9e0, 226;
E_000001f874946630/56 .event anyedge, v000001f8748fe9e0_223, v000001f8748fe9e0_224, v000001f8748fe9e0_225, v000001f8748fe9e0_226;
v000001f8748fe9e0_227 .array/port v000001f8748fe9e0, 227;
v000001f8748fe9e0_228 .array/port v000001f8748fe9e0, 228;
v000001f8748fe9e0_229 .array/port v000001f8748fe9e0, 229;
v000001f8748fe9e0_230 .array/port v000001f8748fe9e0, 230;
E_000001f874946630/57 .event anyedge, v000001f8748fe9e0_227, v000001f8748fe9e0_228, v000001f8748fe9e0_229, v000001f8748fe9e0_230;
v000001f8748fe9e0_231 .array/port v000001f8748fe9e0, 231;
v000001f8748fe9e0_232 .array/port v000001f8748fe9e0, 232;
v000001f8748fe9e0_233 .array/port v000001f8748fe9e0, 233;
v000001f8748fe9e0_234 .array/port v000001f8748fe9e0, 234;
E_000001f874946630/58 .event anyedge, v000001f8748fe9e0_231, v000001f8748fe9e0_232, v000001f8748fe9e0_233, v000001f8748fe9e0_234;
v000001f8748fe9e0_235 .array/port v000001f8748fe9e0, 235;
v000001f8748fe9e0_236 .array/port v000001f8748fe9e0, 236;
v000001f8748fe9e0_237 .array/port v000001f8748fe9e0, 237;
v000001f8748fe9e0_238 .array/port v000001f8748fe9e0, 238;
E_000001f874946630/59 .event anyedge, v000001f8748fe9e0_235, v000001f8748fe9e0_236, v000001f8748fe9e0_237, v000001f8748fe9e0_238;
v000001f8748fe9e0_239 .array/port v000001f8748fe9e0, 239;
v000001f8748fe9e0_240 .array/port v000001f8748fe9e0, 240;
v000001f8748fe9e0_241 .array/port v000001f8748fe9e0, 241;
v000001f8748fe9e0_242 .array/port v000001f8748fe9e0, 242;
E_000001f874946630/60 .event anyedge, v000001f8748fe9e0_239, v000001f8748fe9e0_240, v000001f8748fe9e0_241, v000001f8748fe9e0_242;
v000001f8748fe9e0_243 .array/port v000001f8748fe9e0, 243;
v000001f8748fe9e0_244 .array/port v000001f8748fe9e0, 244;
v000001f8748fe9e0_245 .array/port v000001f8748fe9e0, 245;
v000001f8748fe9e0_246 .array/port v000001f8748fe9e0, 246;
E_000001f874946630/61 .event anyedge, v000001f8748fe9e0_243, v000001f8748fe9e0_244, v000001f8748fe9e0_245, v000001f8748fe9e0_246;
v000001f8748fe9e0_247 .array/port v000001f8748fe9e0, 247;
v000001f8748fe9e0_248 .array/port v000001f8748fe9e0, 248;
v000001f8748fe9e0_249 .array/port v000001f8748fe9e0, 249;
v000001f8748fe9e0_250 .array/port v000001f8748fe9e0, 250;
E_000001f874946630/62 .event anyedge, v000001f8748fe9e0_247, v000001f8748fe9e0_248, v000001f8748fe9e0_249, v000001f8748fe9e0_250;
v000001f8748fe9e0_251 .array/port v000001f8748fe9e0, 251;
v000001f8748fe9e0_252 .array/port v000001f8748fe9e0, 252;
v000001f8748fe9e0_253 .array/port v000001f8748fe9e0, 253;
v000001f8748fe9e0_254 .array/port v000001f8748fe9e0, 254;
E_000001f874946630/63 .event anyedge, v000001f8748fe9e0_251, v000001f8748fe9e0_252, v000001f8748fe9e0_253, v000001f8748fe9e0_254;
v000001f8748fe9e0_255 .array/port v000001f8748fe9e0, 255;
E_000001f874946630/64 .event anyedge, v000001f8748fe9e0_255;
E_000001f874946630 .event/or E_000001f874946630/0, E_000001f874946630/1, E_000001f874946630/2, E_000001f874946630/3, E_000001f874946630/4, E_000001f874946630/5, E_000001f874946630/6, E_000001f874946630/7, E_000001f874946630/8, E_000001f874946630/9, E_000001f874946630/10, E_000001f874946630/11, E_000001f874946630/12, E_000001f874946630/13, E_000001f874946630/14, E_000001f874946630/15, E_000001f874946630/16, E_000001f874946630/17, E_000001f874946630/18, E_000001f874946630/19, E_000001f874946630/20, E_000001f874946630/21, E_000001f874946630/22, E_000001f874946630/23, E_000001f874946630/24, E_000001f874946630/25, E_000001f874946630/26, E_000001f874946630/27, E_000001f874946630/28, E_000001f874946630/29, E_000001f874946630/30, E_000001f874946630/31, E_000001f874946630/32, E_000001f874946630/33, E_000001f874946630/34, E_000001f874946630/35, E_000001f874946630/36, E_000001f874946630/37, E_000001f874946630/38, E_000001f874946630/39, E_000001f874946630/40, E_000001f874946630/41, E_000001f874946630/42, E_000001f874946630/43, E_000001f874946630/44, E_000001f874946630/45, E_000001f874946630/46, E_000001f874946630/47, E_000001f874946630/48, E_000001f874946630/49, E_000001f874946630/50, E_000001f874946630/51, E_000001f874946630/52, E_000001f874946630/53, E_000001f874946630/54, E_000001f874946630/55, E_000001f874946630/56, E_000001f874946630/57, E_000001f874946630/58, E_000001f874946630/59, E_000001f874946630/60, E_000001f874946630/61, E_000001f874946630/62, E_000001f874946630/63, E_000001f874946630/64;
    .scope S_000001f8748fcf00;
T_0 ;
    %vpi_call 2 11 "$display", "Tentando carregar instrucoes.mem..." {0 0 0};
    %pushi/vec4 0, 0, 32;
    %store/vec4 v000001f8748fe940_0, 0, 32;
    %vpi_call 2 13 "$readmemb", "instrucoes.mem", v000001f8748fe9e0, 32'sb00000000000000000000000000000000, 32'sb00000000000000000000000000001001 {0 0 0};
    %vpi_call 2 14 "$display", "Arquivo carregado!" {0 0 0};
    %end;
    .thread T_0;
    .scope S_000001f8748fcf00;
T_1 ;
    %wait E_000001f874946630;
    %load/vec4 v000001f874912510_0;
    %parti/s 8, 2, 3;
    %pad/u 10;
    %ix/vec4 4;
    %load/vec4a v000001f8748fe9e0, 4;
    %store/vec4 v000001f8748fe940_0, 0, 32;
    %jmp T_1;
    .thread T_1, $push;
# The file index is used to find the file name in the following table.
:file_names 3;
    "N/A";
    "<interactive>";
    "memoria_instrucoes.v";
