#! /c/Source/iverilog-install/bin/vvp
:ivl_version "12.0 (devel)" "(s20150603-1539-g2693dd32b)";
:ivl_delay_selection "TYPICAL";
:vpi_time_precision - 9;
:vpi_module "C:\iverilog\lib\ivl\system.vpi";
:vpi_module "C:\iverilog\lib\ivl\vhdl_sys.vpi";
:vpi_module "C:\iverilog\lib\ivl\vhdl_textio.vpi";
:vpi_module "C:\iverilog\lib\ivl\v2005_math.vpi";
:vpi_module "C:\iverilog\lib\ivl\va_math.vpi";
S_000001d156098870 .scope module, "Simulacao" "Simulacao" 2 17;
 .timescale -9 -9;
v000001d1560f8250_0 .var "clk", 0 0;
v000001d1560f8110_0 .var "reset", 0 0;
S_000001d156098d50 .scope module, "mips" "ProcessadorMIPS" 2 23, 3 1 0, S_000001d156098870;
 .timescale -9 -9;
    .port_info 0 /INPUT 1 "clk";
    .port_info 1 /INPUT 1 "rst";
L_000001d156090be0 .functor AND 1, v000001d1560978f0_0, L_000001d156219630, C4<1>, C4<1>;
v000001d1560f33a0_0 .net "ALU_control_input", 3 0, v000001d156097850_0;  1 drivers
v000001d1560f3440_0 .net "ALU_op", 1 0, v000001d156097d50_0;  1 drivers
v000001d1560f3580_0 .net "ALU_result", 31 0, v000001d156097350_0;  1 drivers
v000001d1560f6c70_0 .net "ALU_src", 0 0, v000001d1560969f0_0;  1 drivers
v000001d1560f75d0_0 .net "adder32_result", 31 0, L_000001d156218870;  1 drivers
v000001d1560f7670_0 .net "and_result", 0 0, L_000001d156090be0;  1 drivers
v000001d1560f6bd0_0 .net "branch", 0 0, v000001d1560978f0_0;  1 drivers
v000001d1560f7a30_0 .net "clk", 0 0, v000001d1560f8250_0;  1 drivers
v000001d1560f72b0_0 .net "instruction", 31 0, L_000001d156090cc0;  1 drivers
v000001d1560f82f0_0 .net "jump", 0 0, v000001d1560973f0_0;  1 drivers
v000001d1560f7e90_0 .net "jump_address", 31 0, L_000001d1560f69f0;  1 drivers
v000001d1560f8570_0 .net "mem_read", 0 0, v000001d156097df0_0;  1 drivers
v000001d1560f6db0_0 .net "mem_write", 0 0, v000001d156097490_0;  1 drivers
v000001d1560f7850_0 .net "memto_reg", 0 0, v000001d156097f30_0;  1 drivers
v000001d1560f7990_0 .net "mux_ALU_result", 31 0, v000001d1560f4d40_0;  1 drivers
v000001d1560f8750_0 .net "mux_and_result", 31 0, v000001d1560f47a0_0;  1 drivers
v000001d1560f7710_0 .net "mux_jump_result", 31 0, v000001d1560f4340_0;  1 drivers
v000001d1560f8390_0 .net "mux_reg_result", 4 0, v000001d1560f3a80_0;  1 drivers
v000001d1560f86b0_0 .net "out_sign_extend", 31 0, L_000001d1560f6b30;  1 drivers
v000001d1560f78f0_0 .var "pc", 31 0;
v000001d1560f7ad0_0 .net "pc_incrementado", 31 0, L_000001d1560f7b70;  1 drivers
v000001d1560f68b0_0 .net "read_data", 31 0, L_000001d1562196d0;  1 drivers
v000001d1560f81b0_0 .net "read_data1", 31 0, L_000001d156090b70;  1 drivers
v000001d1560f84d0_0 .net "read_data2", 31 0, L_000001d156090860;  1 drivers
v000001d1560f7350_0 .net "reg_dst", 0 0, v000001d156097ad0_0;  1 drivers
v000001d1560f6f90_0 .net "reg_write", 0 0, v000001d156098070_0;  1 drivers
v000001d1560f73f0_0 .net "rst", 0 0, v000001d1560f8110_0;  1 drivers
v000001d1560f6d10_0 .net "shift_left_out", 31 0, L_000001d156218e10;  1 drivers
v000001d1560f6e50_0 .net "write_data", 31 0, v000001d1560f36c0_0;  1 drivers
v000001d1560f6950_0 .net "zero", 0 0, L_000001d156219630;  1 drivers
E_000001d156088370 .event posedge, v000001d1560f73f0_0, v000001d156096ef0_0;
L_000001d1560f8430 .part L_000001d156090cc0, 26, 6;
L_000001d1560f6a90 .part L_000001d156090cc0, 0, 26;
L_000001d1560f7490 .part L_000001d1560f7b70, 28, 4;
L_000001d1560f8610 .part L_000001d156090cc0, 16, 5;
L_000001d1560f7c10 .part L_000001d156090cc0, 11, 5;
L_000001d1560f7030 .part L_000001d156090cc0, 21, 5;
L_000001d1560f7df0 .part L_000001d156090cc0, 16, 5;
L_000001d1560f7210 .part L_000001d156090cc0, 0, 16;
L_000001d1562193b0 .part L_000001d156090cc0, 0, 6;
S_000001d15607caf0 .scope module, "ALU_control" "ALUControl" 3 93, 4 1 0, S_000001d156098d50;
 .timescale -9 -9;
    .port_info 0 /INPUT 6 "FunctField";
    .port_info 1 /INPUT 2 "ALUOp";
    .port_info 2 /OUTPUT 4 "ALUControl_Input";
v000001d156097850_0 .var "ALUControl_Input", 3 0;
v000001d156097c10_0 .net "ALUOp", 1 0, v000001d156097d50_0;  alias, 1 drivers
v000001d156097710_0 .net "FunctField", 5 0, L_000001d1562193b0;  1 drivers
E_000001d156088db0 .event anyedge, v000001d156097c10_0, v000001d156097710_0;
S_000001d15607cc80 .scope module, "add4" "Add4" 3 10, 5 1 0, S_000001d156098d50;
 .timescale -9 -9;
    .port_info 0 /INPUT 32 "in";
    .port_info 1 /OUTPUT 32 "out";
L_000001d1561c0088 .functor BUFT 1, C4<00000000000000000000000000000100>, C4<0>, C4<0>, C4<0>;
v000001d156097170_0 .net/2u *"_ivl_0", 31 0, L_000001d1561c0088;  1 drivers
v000001d156097fd0_0 .net "in", 31 0, v000001d1560f78f0_0;  1 drivers
v000001d156097210_0 .net "out", 31 0, L_000001d1560f7b70;  alias, 1 drivers
L_000001d1560f7b70 .arith/sum 32, v000001d1560f78f0_0, L_000001d1561c0088;
S_000001d15607c5c0 .scope module, "adder32" "Adder32" 3 112, 6 1 0, S_000001d156098d50;
 .timescale -9 -9;
    .port_info 0 /INPUT 32 "a";
    .port_info 1 /INPUT 32 "b";
    .port_info 2 /OUTPUT 32 "sum";
v000001d156097670_0 .net "a", 31 0, L_000001d1560f7b70;  alias, 1 drivers
v000001d156098250_0 .net "b", 31 0, L_000001d156218e10;  alias, 1 drivers
v000001d156096e50_0 .net "sum", 31 0, L_000001d156218870;  alias, 1 drivers
L_000001d156218870 .arith/sum 32, L_000001d1560f7b70, L_000001d156218e10;
S_000001d15607c750 .scope module, "alu" "ALU" 3 102, 7 1 0, S_000001d156098d50;
 .timescale -9 -9;
    .port_info 0 /INPUT 32 "A";
    .port_info 1 /INPUT 32 "B";
    .port_info 2 /INPUT 4 "ALUOperation";
    .port_info 3 /OUTPUT 32 "ALUResult";
    .port_info 4 /OUTPUT 1 "Zero";
v000001d156097e90_0 .net "A", 31 0, L_000001d156090b70;  alias, 1 drivers
v000001d1560972b0_0 .net "ALUOperation", 3 0, v000001d156097850_0;  alias, 1 drivers
v000001d156097350_0 .var "ALUResult", 31 0;
v000001d1560982f0_0 .net "B", 31 0, v000001d1560f4d40_0;  alias, 1 drivers
v000001d156097cb0_0 .net "Zero", 0 0, L_000001d156219630;  alias, 1 drivers
L_000001d1561c0238 .functor BUFT 1, C4<00000000000000000000000000000000>, C4<0>, C4<0>, C4<0>;
v000001d156096d10_0 .net/2u *"_ivl_0", 31 0, L_000001d1561c0238;  1 drivers
v000001d156098390_0 .net *"_ivl_2", 0 0, L_000001d156219770;  1 drivers
L_000001d1561c0280 .functor BUFT 1, C4<1>, C4<0>, C4<0>, C4<0>;
v000001d156096950_0 .net/2u *"_ivl_4", 0 0, L_000001d1561c0280;  1 drivers
L_000001d1561c02c8 .functor BUFT 1, C4<0>, C4<0>, C4<0>, C4<0>;
v000001d1560977b0_0 .net/2u *"_ivl_6", 0 0, L_000001d1561c02c8;  1 drivers
E_000001d1560889b0 .event anyedge, v000001d156097850_0, v000001d156097e90_0, v000001d1560982f0_0;
L_000001d156219770 .cmp/eq 32, v000001d156097350_0, L_000001d1561c0238;
L_000001d156219630 .functor MUXZ 1, L_000001d1561c02c8, L_000001d1561c0280, L_000001d156219770, C4<>;
S_000001d15607a080 .scope module, "control_unit" "Control" 3 25, 8 1 0, S_000001d156098d50;
 .timescale -9 -9;
    .port_info 0 /INPUT 6 "Op";
    .port_info 1 /OUTPUT 1 "RegDst";
    .port_info 2 /OUTPUT 1 "Jump";
    .port_info 3 /OUTPUT 1 "ALUSrc";
    .port_info 4 /OUTPUT 1 "MemtoReg";
    .port_info 5 /OUTPUT 1 "RegWrite";
    .port_info 6 /OUTPUT 1 "MemRead";
    .port_info 7 /OUTPUT 1 "MemWrite";
    .port_info 8 /OUTPUT 1 "Branch";
    .port_info 9 /OUTPUT 2 "ALUOp";
v000001d156097d50_0 .var "ALUOp", 1 0;
v000001d1560969f0_0 .var "ALUSrc", 0 0;
v000001d1560978f0_0 .var "Branch", 0 0;
v000001d1560973f0_0 .var "Jump", 0 0;
v000001d156097df0_0 .var "MemRead", 0 0;
v000001d156097490_0 .var "MemWrite", 0 0;
v000001d156097f30_0 .var "MemtoReg", 0 0;
v000001d156096b30_0 .net "Op", 5 0, L_000001d1560f8430;  1 drivers
v000001d156097ad0_0 .var "RegDst", 0 0;
v000001d156098070_0 .var "RegWrite", 0 0;
E_000001d156088b30 .event anyedge, v000001d156096b30_0;
S_000001d15607a210 .scope module, "data_memory" "DataMemory" 3 133, 9 1 0, S_000001d156098d50;
 .timescale -9 -9;
    .port_info 0 /INPUT 1 "clk";
    .port_info 1 /INPUT 1 "MemRead";
    .port_info 2 /INPUT 1 "MemWrite";
    .port_info 3 /INPUT 32 "address";
    .port_info 4 /INPUT 32 "writeData";
    .port_info 5 /OUTPUT 32 "readData";
v000001d1560968b0_0 .net "MemRead", 0 0, v000001d156097df0_0;  alias, 1 drivers
v000001d156098110_0 .net "MemWrite", 0 0, v000001d156097490_0;  alias, 1 drivers
v000001d156097990_0 .net *"_ivl_0", 31 0, L_000001d1562187d0;  1 drivers
v000001d1560981b0_0 .net *"_ivl_3", 7 0, L_000001d156219c70;  1 drivers
v000001d1560984d0_0 .net *"_ivl_4", 9 0, L_000001d156219bd0;  1 drivers
L_000001d1561c0310 .functor BUFT 1, C4<00>, C4<0>, C4<0>, C4<0>;
v000001d156098430_0 .net *"_ivl_7", 1 0, L_000001d1561c0310;  1 drivers
L_000001d1561c0358 .functor BUFT 1, C4<00000000000000000000000000000000>, C4<0>, C4<0>, C4<0>;
v000001d1560970d0_0 .net/2u *"_ivl_8", 31 0, L_000001d1561c0358;  1 drivers
v000001d156098750_0 .net "address", 31 0, v000001d156097350_0;  alias, 1 drivers
v000001d156096ef0_0 .net "clk", 0 0, v000001d1560f8250_0;  alias, 1 drivers
v000001d156098570_0 .var/i "i", 31 0;
v000001d156098610 .array "memory", 0 255, 31 0;
v000001d156096f90_0 .net "readData", 31 0, L_000001d1562196d0;  alias, 1 drivers
v000001d1560986b0_0 .net "writeData", 31 0, L_000001d156090860;  alias, 1 drivers
E_000001d156088830 .event posedge, v000001d156096ef0_0;
L_000001d1562187d0 .array/port v000001d156098610, L_000001d156219bd0;
L_000001d156219c70 .part v000001d156097350_0, 2, 8;
L_000001d156219bd0 .concat [ 8 2 0 0], L_000001d156219c70, L_000001d1561c0310;
L_000001d1562196d0 .functor MUXZ 32, L_000001d1561c0358, L_000001d1562187d0, v000001d156097df0_0, C4<>;
S_000001d156074550 .scope module, "jac" "JumpAddressCalculator" 3 40, 10 1 0, S_000001d156098d50;
 .timescale -9 -9;
    .port_info 0 /INPUT 26 "instruction";
    .port_info 1 /INPUT 4 "PCPlus4";
    .port_info 2 /OUTPUT 32 "JumpAddress";
v000001d156097530_0 .net "JumpAddress", 31 0, L_000001d1560f69f0;  alias, 1 drivers
v000001d156096a90_0 .net "PCPlus4", 3 0, L_000001d1560f7490;  1 drivers
L_000001d1561c0118 .functor BUFT 1, C4<00>, C4<0>, C4<0>, C4<0>;
v000001d1560975d0_0 .net/2u *"_ivl_0", 1 0, L_000001d1561c0118;  1 drivers
v000001d156097030_0 .net "instruction", 25 0, L_000001d1560f6a90;  1 drivers
L_000001d1560f69f0 .concat [ 2 26 4 0], L_000001d1561c0118, L_000001d1560f6a90, L_000001d1560f7490;
S_000001d1560746e0 .scope module, "memoria" "MemoriaDeInstrucoes" 3 17, 11 1 0, S_000001d156098d50;
 .timescale -9 -9;
    .port_info 0 /INPUT 32 "addr";
    .port_info 1 /OUTPUT 32 "instrucao";
L_000001d156090cc0 .functor BUFZ 32, L_000001d1560f77b0, C4<00000000000000000000000000000000>, C4<00000000000000000000000000000000>, C4<00000000000000000000000000000000>;
v000001d156096bd0_0 .net *"_ivl_0", 31 0, L_000001d1560f77b0;  1 drivers
v000001d156097a30_0 .net *"_ivl_3", 7 0, L_000001d1560f7d50;  1 drivers
v000001d156096c70_0 .net *"_ivl_4", 9 0, L_000001d1560f6ef0;  1 drivers
L_000001d1561c00d0 .functor BUFT 1, C4<00>, C4<0>, C4<0>, C4<0>;
v000001d156096db0_0 .net *"_ivl_7", 1 0, L_000001d1561c00d0;  1 drivers
v000001d1560f3080_0 .net "addr", 31 0, v000001d1560f78f0_0;  alias, 1 drivers
v000001d1560f4a20_0 .net "instrucao", 31 0, L_000001d156090cc0;  alias, 1 drivers
v000001d1560f3f80 .array "memoria", 0 255, 31 0;
L_000001d1560f77b0 .array/port v000001d1560f3f80, L_000001d1560f6ef0;
L_000001d1560f7d50 .part v000001d1560f78f0_0, 2, 8;
L_000001d1560f6ef0 .concat [ 8 2 0 0], L_000001d1560f7d50, L_000001d1561c00d0;
S_000001d156066b60 .scope module, "mux_ALU" "MUX_32b_2x1" 3 77, 12 1 0, S_000001d156098d50;
 .timescale -9 -9;
    .port_info 0 /INPUT 32 "A";
    .port_info 1 /INPUT 32 "B";
    .port_info 2 /INPUT 1 "sel";
    .port_info 3 /OUTPUT 32 "MUX_32b_Result";
v000001d1560f4480_0 .net "A", 31 0, L_000001d156090860;  alias, 1 drivers
v000001d1560f3620_0 .net "B", 31 0, L_000001d1560f6b30;  alias, 1 drivers
v000001d1560f4d40_0 .var "MUX_32b_Result", 31 0;
v000001d1560f4200_0 .net "sel", 0 0, v000001d1560969f0_0;  alias, 1 drivers
E_000001d156089770 .event anyedge, v000001d1560969f0_0, v000001d1560986b0_0, v000001d1560f3620_0;
S_000001d156066cf0 .scope module, "mux_and" "MUX_32b_2x1" 3 124, 12 1 0, S_000001d156098d50;
 .timescale -9 -9;
    .port_info 0 /INPUT 32 "A";
    .port_info 1 /INPUT 32 "B";
    .port_info 2 /INPUT 1 "sel";
    .port_info 3 /OUTPUT 32 "MUX_32b_Result";
v000001d1560f4ca0_0 .net "A", 31 0, L_000001d1560f7b70;  alias, 1 drivers
v000001d1560f43e0_0 .net "B", 31 0, L_000001d156218870;  alias, 1 drivers
v000001d1560f47a0_0 .var "MUX_32b_Result", 31 0;
v000001d1560f3b20_0 .net "sel", 0 0, L_000001d156090be0;  alias, 1 drivers
E_000001d156089130 .event anyedge, v000001d1560f3b20_0, v000001d156097210_0, v000001d156096e50_0;
S_000001d15605ccd0 .scope module, "mux_data" "MUX_32b_2x1" 3 142, 12 1 0, S_000001d156098d50;
 .timescale -9 -9;
    .port_info 0 /INPUT 32 "A";
    .port_info 1 /INPUT 32 "B";
    .port_info 2 /INPUT 1 "sel";
    .port_info 3 /OUTPUT 32 "MUX_32b_Result";
v000001d1560f3ee0_0 .net "A", 31 0, v000001d156097350_0;  alias, 1 drivers
v000001d1560f4ac0_0 .net "B", 31 0, L_000001d1562196d0;  alias, 1 drivers
v000001d1560f36c0_0 .var "MUX_32b_Result", 31 0;
v000001d1560f34e0_0 .net "sel", 0 0, v000001d156097f30_0;  alias, 1 drivers
E_000001d1560897f0 .event anyedge, v000001d156097f30_0, v000001d156097350_0, v000001d156096f90_0;
S_000001d15605ce60 .scope module, "mux_jump" "MUX_32b_2x1" 3 151, 12 1 0, S_000001d156098d50;
 .timescale -9 -9;
    .port_info 0 /INPUT 32 "A";
    .port_info 1 /INPUT 32 "B";
    .port_info 2 /INPUT 1 "sel";
    .port_info 3 /OUTPUT 32 "MUX_32b_Result";
v000001d1560f48e0_0 .net "A", 31 0, v000001d1560f47a0_0;  alias, 1 drivers
v000001d1560f3800_0 .net "B", 31 0, L_000001d1560f69f0;  alias, 1 drivers
v000001d1560f4340_0 .var "MUX_32b_Result", 31 0;
v000001d1560f39e0_0 .net "sel", 0 0, v000001d1560973f0_0;  alias, 1 drivers
E_000001d156089c70 .event anyedge, v000001d1560973f0_0, v000001d1560f47a0_0, v000001d156097530_0;
S_000001d156062120 .scope module, "mux_reg" "MUX_5b_2x1" 3 48, 13 1 0, S_000001d156098d50;
 .timescale -9 -9;
    .port_info 0 /INPUT 5 "A";
    .port_info 1 /INPUT 5 "B";
    .port_info 2 /INPUT 1 "sel";
    .port_info 3 /OUTPUT 5 "MUX_5b_Result";
v000001d1560f3760_0 .net "A", 4 0, L_000001d1560f8610;  1 drivers
v000001d1560f4b60_0 .net "B", 4 0, L_000001d1560f7c10;  1 drivers
v000001d1560f3a80_0 .var "MUX_5b_Result", 4 0;
v000001d1560f4de0_0 .net "sel", 0 0, v000001d156097ad0_0;  alias, 1 drivers
E_000001d156089230 .event anyedge, v000001d156097ad0_0, v000001d1560f3760_0, v000001d1560f4b60_0;
S_000001d1560622b0 .scope module, "registradores" "Registradores" 3 57, 14 1 0, S_000001d156098d50;
 .timescale -9 -9;
    .port_info 0 /INPUT 1 "clk";
    .port_info 1 /INPUT 5 "ReadRegister1";
    .port_info 2 /INPUT 5 "ReadRegister2";
    .port_info 3 /INPUT 5 "WriteRegister";
    .port_info 4 /INPUT 32 "WriteData";
    .port_info 5 /INPUT 1 "RegWrite";
    .port_info 6 /OUTPUT 32 "ReadData1";
    .port_info 7 /OUTPUT 32 "ReadData2";
L_000001d156090b70 .functor BUFZ 32, L_000001d1560f8070, C4<00000000000000000000000000000000>, C4<00000000000000000000000000000000>, C4<00000000000000000000000000000000>;
L_000001d156090860 .functor BUFZ 32, L_000001d1560f7fd0, C4<00000000000000000000000000000000>, C4<00000000000000000000000000000000>, C4<00000000000000000000000000000000>;
v000001d1560f3bc0_0 .net "ReadData1", 31 0, L_000001d156090b70;  alias, 1 drivers
v000001d1560f3c60_0 .net "ReadData2", 31 0, L_000001d156090860;  alias, 1 drivers
v000001d1560f38a0_0 .net "ReadRegister1", 4 0, L_000001d1560f7030;  1 drivers
v000001d1560f4c00_0 .net "ReadRegister2", 4 0, L_000001d1560f7df0;  1 drivers
v000001d1560f4520_0 .net "RegWrite", 0 0, v000001d156098070_0;  alias, 1 drivers
v000001d1560f3d00_0 .net "WriteData", 31 0, v000001d1560f36c0_0;  alias, 1 drivers
v000001d1560f45c0_0 .net "WriteRegister", 4 0, v000001d1560f3a80_0;  alias, 1 drivers
v000001d1560f3da0_0 .net *"_ivl_0", 31 0, L_000001d1560f8070;  1 drivers
v000001d1560f3940_0 .net *"_ivl_10", 6 0, L_000001d1560f7cb0;  1 drivers
L_000001d1561c01a8 .functor BUFT 1, C4<00>, C4<0>, C4<0>, C4<0>;
v000001d1560f4660_0 .net *"_ivl_13", 1 0, L_000001d1561c01a8;  1 drivers
v000001d1560f4160_0 .net *"_ivl_2", 6 0, L_000001d1560f70d0;  1 drivers
L_000001d1561c0160 .functor BUFT 1, C4<00>, C4<0>, C4<0>, C4<0>;
v000001d1560f4980_0 .net *"_ivl_5", 1 0, L_000001d1561c0160;  1 drivers
v000001d1560f42a0_0 .net *"_ivl_8", 31 0, L_000001d1560f7fd0;  1 drivers
v000001d1560f3e40_0 .net "clk", 0 0, v000001d1560f8250_0;  alias, 1 drivers
v000001d1560f3260_0 .var/i "i", 31 0;
v000001d1560f4020 .array "registers", 0 31, 31 0;
L_000001d1560f8070 .array/port v000001d1560f4020, L_000001d1560f70d0;
L_000001d1560f70d0 .concat [ 5 2 0 0], L_000001d1560f7030, L_000001d1561c0160;
L_000001d1560f7fd0 .array/port v000001d1560f4020, L_000001d1560f7cb0;
L_000001d1560f7cb0 .concat [ 5 2 0 0], L_000001d1560f7df0, L_000001d1561c01a8;
S_000001d156064e40 .scope module, "shift_left" "ShiftLeft2" 3 86, 15 1 0, S_000001d156098d50;
 .timescale -9 -9;
    .port_info 0 /INPUT 32 "in";
    .port_info 1 /OUTPUT 32 "out";
v000001d1560f40c0_0 .net *"_ivl_2", 29 0, L_000001d1560f7530;  1 drivers
L_000001d1561c01f0 .functor BUFT 1, C4<00>, C4<0>, C4<0>, C4<0>;
v000001d1560f4700_0 .net *"_ivl_4", 1 0, L_000001d1561c01f0;  1 drivers
v000001d1560f4840_0 .net "in", 31 0, L_000001d1560f6b30;  alias, 1 drivers
v000001d1560f4e80_0 .net "out", 31 0, L_000001d156218e10;  alias, 1 drivers
L_000001d1560f7530 .part L_000001d1560f6b30, 0, 30;
L_000001d156218e10 .concat [ 2 30 0 0], L_000001d1561c01f0, L_000001d1560f7530;
S_000001d1560f58a0 .scope module, "sign_extend" "SignExtend" 3 70, 16 1 0, S_000001d156098d50;
 .timescale -9 -9;
    .port_info 0 /INPUT 16 "in";
    .port_info 1 /OUTPUT 32 "out";
v000001d1560f4f20_0 .net *"_ivl_1", 0 0, L_000001d1560f7f30;  1 drivers
v000001d1560f3120_0 .net *"_ivl_2", 15 0, L_000001d1560f7170;  1 drivers
v000001d1560f31c0_0 .net "in", 15 0, L_000001d1560f7210;  1 drivers
v000001d1560f3300_0 .net "out", 31 0, L_000001d1560f6b30;  alias, 1 drivers
L_000001d1560f7f30 .part L_000001d1560f7210, 15, 1;
LS_000001d1560f7170_0_0 .concat [ 1 1 1 1], L_000001d1560f7f30, L_000001d1560f7f30, L_000001d1560f7f30, L_000001d1560f7f30;
LS_000001d1560f7170_0_4 .concat [ 1 1 1 1], L_000001d1560f7f30, L_000001d1560f7f30, L_000001d1560f7f30, L_000001d1560f7f30;
LS_000001d1560f7170_0_8 .concat [ 1 1 1 1], L_000001d1560f7f30, L_000001d1560f7f30, L_000001d1560f7f30, L_000001d1560f7f30;
LS_000001d1560f7170_0_12 .concat [ 1 1 1 1], L_000001d1560f7f30, L_000001d1560f7f30, L_000001d1560f7f30, L_000001d1560f7f30;
L_000001d1560f7170 .concat [ 4 4 4 4], LS_000001d1560f7170_0_0, LS_000001d1560f7170_0_4, LS_000001d1560f7170_0_8, LS_000001d1560f7170_0_12;
L_000001d1560f6b30 .concat [ 16 16 0 0], L_000001d1560f7210, L_000001d1560f7170;
    .scope S_000001d1560746e0;
T_0 ;
    %vpi_call 11 10 "$readmemh", "codigo.mem", v000001d1560f3f80 {0 0 0};
    %end;
    .thread T_0;
    .scope S_000001d15607a080;
T_1 ;
    %wait E_000001d156088b30;
    %load/vec4 v000001d156096b30_0;
    %dup/vec4;
    %pushi/vec4 0, 0, 6;
    %cmp/u;
    %jmp/1 T_1.0, 6;
    %dup/vec4;
    %pushi/vec4 8, 0, 6;
    %cmp/u;
    %jmp/1 T_1.1, 6;
    %dup/vec4;
    %pushi/vec4 35, 0, 6;
    %cmp/u;
    %jmp/1 T_1.2, 6;
    %dup/vec4;
    %pushi/vec4 43, 0, 6;
    %cmp/u;
    %jmp/1 T_1.3, 6;
    %dup/vec4;
    %pushi/vec4 4, 0, 6;
    %cmp/u;
    %jmp/1 T_1.4, 6;
    %dup/vec4;
    %pushi/vec4 2, 0, 6;
    %cmp/u;
    %jmp/1 T_1.5, 6;
    %pushi/vec4 0, 0, 1;
    %store/vec4 v000001d156097ad0_0, 0, 1;
    %pushi/vec4 0, 0, 1;
    %store/vec4 v000001d1560969f0_0, 0, 1;
    %pushi/vec4 0, 0, 1;
    %store/vec4 v000001d156097f30_0, 0, 1;
    %pushi/vec4 0, 0, 1;
    %store/vec4 v000001d156098070_0, 0, 1;
    %pushi/vec4 0, 0, 1;
    %store/vec4 v000001d156097df0_0, 0, 1;
    %pushi/vec4 0, 0, 1;
    %store/vec4 v000001d156097490_0, 0, 1;
    %pushi/vec4 0, 0, 1;
    %store/vec4 v000001d1560978f0_0, 0, 1;
    %pushi/vec4 0, 0, 2;
    %store/vec4 v000001d156097d50_0, 0, 2;
    %jmp T_1.7;
T_1.0 ;
    %pushi/vec4 1, 0, 1;
    %store/vec4 v000001d156097ad0_0, 0, 1;
    %pushi/vec4 0, 0, 1;
    %store/vec4 v000001d1560973f0_0, 0, 1;
    %pushi/vec4 0, 0, 1;
    %store/vec4 v000001d1560969f0_0, 0, 1;
    %pushi/vec4 0, 0, 1;
    %store/vec4 v000001d156097f30_0, 0, 1;
    %pushi/vec4 1, 0, 1;
    %store/vec4 v000001d156098070_0, 0, 1;
    %pushi/vec4 0, 0, 1;
    %store/vec4 v000001d156097df0_0, 0, 1;
    %pushi/vec4 0, 0, 1;
    %store/vec4 v000001d156097490_0, 0, 1;
    %pushi/vec4 0, 0, 1;
    %store/vec4 v000001d1560978f0_0, 0, 1;
    %pushi/vec4 2, 0, 2;
    %store/vec4 v000001d156097d50_0, 0, 2;
    %jmp T_1.7;
T_1.1 ;
    %pushi/vec4 0, 0, 1;
    %store/vec4 v000001d156097ad0_0, 0, 1;
    %pushi/vec4 0, 0, 1;
    %store/vec4 v000001d1560973f0_0, 0, 1;
    %pushi/vec4 1, 0, 1;
    %store/vec4 v000001d1560969f0_0, 0, 1;
    %pushi/vec4 0, 0, 1;
    %store/vec4 v000001d156097f30_0, 0, 1;
    %pushi/vec4 1, 0, 1;
    %store/vec4 v000001d156098070_0, 0, 1;
    %pushi/vec4 0, 0, 1;
    %store/vec4 v000001d156097df0_0, 0, 1;
    %pushi/vec4 0, 0, 1;
    %store/vec4 v000001d156097490_0, 0, 1;
    %pushi/vec4 0, 0, 1;
    %store/vec4 v000001d1560978f0_0, 0, 1;
    %pushi/vec4 0, 0, 2;
    %store/vec4 v000001d156097d50_0, 0, 2;
    %jmp T_1.7;
T_1.2 ;
    %pushi/vec4 0, 0, 1;
    %store/vec4 v000001d156097ad0_0, 0, 1;
    %pushi/vec4 0, 0, 1;
    %store/vec4 v000001d1560973f0_0, 0, 1;
    %pushi/vec4 1, 0, 1;
    %store/vec4 v000001d1560969f0_0, 0, 1;
    %pushi/vec4 1, 0, 1;
    %store/vec4 v000001d156097f30_0, 0, 1;
    %pushi/vec4 1, 0, 1;
    %store/vec4 v000001d156098070_0, 0, 1;
    %pushi/vec4 1, 0, 1;
    %store/vec4 v000001d156097df0_0, 0, 1;
    %pushi/vec4 0, 0, 1;
    %store/vec4 v000001d156097490_0, 0, 1;
    %pushi/vec4 0, 0, 1;
    %store/vec4 v000001d1560978f0_0, 0, 1;
    %pushi/vec4 0, 0, 2;
    %store/vec4 v000001d156097d50_0, 0, 2;
    %jmp T_1.7;
T_1.3 ;
    %pushi/vec4 0, 0, 1;
    %store/vec4 v000001d156097ad0_0, 0, 1;
    %pushi/vec4 0, 0, 1;
    %store/vec4 v000001d1560973f0_0, 0, 1;
    %pushi/vec4 1, 0, 1;
    %store/vec4 v000001d1560969f0_0, 0, 1;
    %pushi/vec4 0, 0, 1;
    %store/vec4 v000001d156097f30_0, 0, 1;
    %pushi/vec4 0, 0, 1;
    %store/vec4 v000001d156098070_0, 0, 1;
    %pushi/vec4 0, 0, 1;
    %store/vec4 v000001d156097df0_0, 0, 1;
    %pushi/vec4 1, 0, 1;
    %store/vec4 v000001d156097490_0, 0, 1;
    %pushi/vec4 0, 0, 1;
    %store/vec4 v000001d1560978f0_0, 0, 1;
    %pushi/vec4 0, 0, 2;
    %store/vec4 v000001d156097d50_0, 0, 2;
    %jmp T_1.7;
T_1.4 ;
    %pushi/vec4 0, 0, 1;
    %store/vec4 v000001d156097ad0_0, 0, 1;
    %pushi/vec4 0, 0, 1;
    %store/vec4 v000001d1560973f0_0, 0, 1;
    %pushi/vec4 0, 0, 1;
    %store/vec4 v000001d1560969f0_0, 0, 1;
    %pushi/vec4 0, 0, 1;
    %store/vec4 v000001d156097f30_0, 0, 1;
    %pushi/vec4 0, 0, 1;
    %store/vec4 v000001d156098070_0, 0, 1;
    %pushi/vec4 0, 0, 1;
    %store/vec4 v000001d156097df0_0, 0, 1;
    %pushi/vec4 0, 0, 1;
    %store/vec4 v000001d156097490_0, 0, 1;
    %pushi/vec4 1, 0, 1;
    %store/vec4 v000001d1560978f0_0, 0, 1;
    %pushi/vec4 1, 0, 2;
    %store/vec4 v000001d156097d50_0, 0, 2;
    %jmp T_1.7;
T_1.5 ;
    %pushi/vec4 0, 0, 1;
    %store/vec4 v000001d156097ad0_0, 0, 1;
    %pushi/vec4 1, 0, 1;
    %store/vec4 v000001d1560973f0_0, 0, 1;
    %pushi/vec4 0, 0, 1;
    %store/vec4 v000001d1560969f0_0, 0, 1;
    %pushi/vec4 0, 0, 1;
    %store/vec4 v000001d156097f30_0, 0, 1;
    %pushi/vec4 0, 0, 1;
    %store/vec4 v000001d156098070_0, 0, 1;
    %pushi/vec4 0, 0, 1;
    %store/vec4 v000001d156097df0_0, 0, 1;
    %pushi/vec4 0, 0, 1;
    %store/vec4 v000001d156097490_0, 0, 1;
    %pushi/vec4 0, 0, 1;
    %store/vec4 v000001d1560978f0_0, 0, 1;
    %pushi/vec4 0, 0, 2;
    %store/vec4 v000001d156097d50_0, 0, 2;
    %jmp T_1.7;
T_1.7 ;
    %pop/vec4 1;
    %jmp T_1;
    .thread T_1, $push;
    .scope S_000001d156062120;
T_2 ;
    %wait E_000001d156089230;
    %load/vec4 v000001d1560f4de0_0;
    %dup/vec4;
    %pushi/vec4 0, 0, 1;
    %cmp/u;
    %jmp/1 T_2.0, 6;
    %dup/vec4;
    %pushi/vec4 1, 0, 1;
    %cmp/u;
    %jmp/1 T_2.1, 6;
    %pushi/vec4 0, 0, 5;
    %store/vec4 v000001d1560f3a80_0, 0, 5;
    %jmp T_2.3;
T_2.0 ;
    %load/vec4 v000001d1560f3760_0;
    %store/vec4 v000001d1560f3a80_0, 0, 5;
    %jmp T_2.3;
T_2.1 ;
    %load/vec4 v000001d1560f4b60_0;
    %store/vec4 v000001d1560f3a80_0, 0, 5;
    %jmp T_2.3;
T_2.3 ;
    %pop/vec4 1;
    %jmp T_2;
    .thread T_2, $push;
    .scope S_000001d1560622b0;
T_3 ;
    %pushi/vec4 0, 0, 32;
    %store/vec4 v000001d1560f3260_0, 0, 32;
T_3.0 ;
    %load/vec4 v000001d1560f3260_0;
    %cmpi/s 32, 0, 32;
    %jmp/0xz T_3.1, 5;
    %pushi/vec4 0, 0, 32;
    %ix/getv/s 4, v000001d1560f3260_0;
    %store/vec4a v000001d1560f4020, 4, 0;
    %load/vec4 v000001d1560f3260_0;
    %addi 1, 0, 32;
    %store/vec4 v000001d1560f3260_0, 0, 32;
    %jmp T_3.0;
T_3.1 ;
    %end;
    .thread T_3;
    .scope S_000001d1560622b0;
T_4 ;
    %wait E_000001d156088830;
    %load/vec4 v000001d1560f4520_0;
    %flag_set/vec4 9;
    %flag_get/vec4 9;
    %jmp/0 T_4.2, 9;
    %load/vec4 v000001d1560f45c0_0;
    %pushi/vec4 0, 0, 5;
    %cmp/ne;
    %flag_get/vec4 4;
    %and;
T_4.2;
    %flag_set/vec4 8;
    %jmp/0xz  T_4.0, 8;
    %load/vec4 v000001d1560f3d00_0;
    %load/vec4 v000001d1560f45c0_0;
    %pad/u 7;
    %ix/vec4 3;
    %ix/load 4, 0, 0; Constant delay
    %assign/vec4/a/d v000001d1560f4020, 0, 4;
T_4.0 ;
    %jmp T_4;
    .thread T_4;
    .scope S_000001d156066b60;
T_5 ;
    %wait E_000001d156089770;
    %load/vec4 v000001d1560f4200_0;
    %dup/vec4;
    %pushi/vec4 0, 0, 1;
    %cmp/u;
    %jmp/1 T_5.0, 6;
    %dup/vec4;
    %pushi/vec4 1, 0, 1;
    %cmp/u;
    %jmp/1 T_5.1, 6;
    %pushi/vec4 0, 0, 32;
    %store/vec4 v000001d1560f4d40_0, 0, 32;
    %jmp T_5.3;
T_5.0 ;
    %load/vec4 v000001d1560f4480_0;
    %store/vec4 v000001d1560f4d40_0, 0, 32;
    %jmp T_5.3;
T_5.1 ;
    %load/vec4 v000001d1560f3620_0;
    %store/vec4 v000001d1560f4d40_0, 0, 32;
    %jmp T_5.3;
T_5.3 ;
    %pop/vec4 1;
    %jmp T_5;
    .thread T_5, $push;
    .scope S_000001d15607caf0;
T_6 ;
    %wait E_000001d156088db0;
    %load/vec4 v000001d156097c10_0;
    %dup/vec4;
    %pushi/vec4 0, 0, 2;
    %cmp/u;
    %jmp/1 T_6.0, 6;
    %dup/vec4;
    %pushi/vec4 1, 0, 2;
    %cmp/u;
    %jmp/1 T_6.1, 6;
    %dup/vec4;
    %pushi/vec4 2, 0, 2;
    %cmp/u;
    %jmp/1 T_6.2, 6;
    %pushi/vec4 0, 0, 4;
    %store/vec4 v000001d156097850_0, 0, 4;
    %jmp T_6.4;
T_6.0 ;
    %pushi/vec4 2, 0, 4;
    %store/vec4 v000001d156097850_0, 0, 4;
    %jmp T_6.4;
T_6.1 ;
    %pushi/vec4 6, 0, 4;
    %store/vec4 v000001d156097850_0, 0, 4;
    %jmp T_6.4;
T_6.2 ;
    %load/vec4 v000001d156097710_0;
    %dup/vec4;
    %pushi/vec4 32, 0, 6;
    %cmp/u;
    %jmp/1 T_6.5, 6;
    %dup/vec4;
    %pushi/vec4 34, 0, 6;
    %cmp/u;
    %jmp/1 T_6.6, 6;
    %dup/vec4;
    %pushi/vec4 36, 0, 6;
    %cmp/u;
    %jmp/1 T_6.7, 6;
    %dup/vec4;
    %pushi/vec4 37, 0, 6;
    %cmp/u;
    %jmp/1 T_6.8, 6;
    %dup/vec4;
    %pushi/vec4 42, 0, 6;
    %cmp/u;
    %jmp/1 T_6.9, 6;
    %pushi/vec4 0, 0, 4;
    %store/vec4 v000001d156097850_0, 0, 4;
    %jmp T_6.11;
T_6.5 ;
    %pushi/vec4 2, 0, 4;
    %store/vec4 v000001d156097850_0, 0, 4;
    %jmp T_6.11;
T_6.6 ;
    %pushi/vec4 6, 0, 4;
    %store/vec4 v000001d156097850_0, 0, 4;
    %jmp T_6.11;
T_6.7 ;
    %pushi/vec4 0, 0, 4;
    %store/vec4 v000001d156097850_0, 0, 4;
    %jmp T_6.11;
T_6.8 ;
    %pushi/vec4 1, 0, 4;
    %store/vec4 v000001d156097850_0, 0, 4;
    %jmp T_6.11;
T_6.9 ;
    %pushi/vec4 7, 0, 4;
    %store/vec4 v000001d156097850_0, 0, 4;
    %jmp T_6.11;
T_6.11 ;
    %pop/vec4 1;
    %jmp T_6.4;
T_6.4 ;
    %pop/vec4 1;
    %jmp T_6;
    .thread T_6, $push;
    .scope S_000001d15607c750;
T_7 ;
    %wait E_000001d1560889b0;
    %load/vec4 v000001d1560972b0_0;
    %dup/vec4;
    %pushi/vec4 0, 0, 4;
    %cmp/u;
    %jmp/1 T_7.0, 6;
    %dup/vec4;
    %pushi/vec4 1, 0, 4;
    %cmp/u;
    %jmp/1 T_7.1, 6;
    %dup/vec4;
    %pushi/vec4 2, 0, 4;
    %cmp/u;
    %jmp/1 T_7.2, 6;
    %dup/vec4;
    %pushi/vec4 6, 0, 4;
    %cmp/u;
    %jmp/1 T_7.3, 6;
    %dup/vec4;
    %pushi/vec4 7, 0, 4;
    %cmp/u;
    %jmp/1 T_7.4, 6;
    %dup/vec4;
    %pushi/vec4 12, 0, 4;
    %cmp/u;
    %jmp/1 T_7.5, 6;
    %pushi/vec4 0, 0, 32;
    %store/vec4 v000001d156097350_0, 0, 32;
    %jmp T_7.7;
T_7.0 ;
    %load/vec4 v000001d156097e90_0;
    %load/vec4 v000001d1560982f0_0;
    %and;
    %store/vec4 v000001d156097350_0, 0, 32;
    %jmp T_7.7;
T_7.1 ;
    %load/vec4 v000001d156097e90_0;
    %load/vec4 v000001d1560982f0_0;
    %or;
    %store/vec4 v000001d156097350_0, 0, 32;
    %jmp T_7.7;
T_7.2 ;
    %load/vec4 v000001d156097e90_0;
    %load/vec4 v000001d1560982f0_0;
    %add;
    %store/vec4 v000001d156097350_0, 0, 32;
    %jmp T_7.7;
T_7.3 ;
    %load/vec4 v000001d156097e90_0;
    %load/vec4 v000001d1560982f0_0;
    %sub;
    %store/vec4 v000001d156097350_0, 0, 32;
    %jmp T_7.7;
T_7.4 ;
    %load/vec4 v000001d156097e90_0;
    %load/vec4 v000001d1560982f0_0;
    %cmp/u;
    %flag_mov 8, 5;
    %jmp/0 T_7.8, 8;
    %pushi/vec4 1, 0, 32;
    %jmp/1 T_7.9, 8;
T_7.8 ; End of true expr.
    %pushi/vec4 0, 0, 32;
    %jmp/0 T_7.9, 8;
 ; End of false expr.
    %blend;
T_7.9;
    %store/vec4 v000001d156097350_0, 0, 32;
    %jmp T_7.7;
T_7.5 ;
    %load/vec4 v000001d156097e90_0;
    %load/vec4 v000001d1560982f0_0;
    %or;
    %inv;
    %store/vec4 v000001d156097350_0, 0, 32;
    %jmp T_7.7;
T_7.7 ;
    %pop/vec4 1;
    %jmp T_7;
    .thread T_7, $push;
    .scope S_000001d156066cf0;
T_8 ;
    %wait E_000001d156089130;
    %load/vec4 v000001d1560f3b20_0;
    %dup/vec4;
    %pushi/vec4 0, 0, 1;
    %cmp/u;
    %jmp/1 T_8.0, 6;
    %dup/vec4;
    %pushi/vec4 1, 0, 1;
    %cmp/u;
    %jmp/1 T_8.1, 6;
    %pushi/vec4 0, 0, 32;
    %store/vec4 v000001d1560f47a0_0, 0, 32;
    %jmp T_8.3;
T_8.0 ;
    %load/vec4 v000001d1560f4ca0_0;
    %store/vec4 v000001d1560f47a0_0, 0, 32;
    %jmp T_8.3;
T_8.1 ;
    %load/vec4 v000001d1560f43e0_0;
    %store/vec4 v000001d1560f47a0_0, 0, 32;
    %jmp T_8.3;
T_8.3 ;
    %pop/vec4 1;
    %jmp T_8;
    .thread T_8, $push;
    .scope S_000001d15607a210;
T_9 ;
    %pushi/vec4 0, 0, 32;
    %store/vec4 v000001d156098570_0, 0, 32;
T_9.0 ;
    %load/vec4 v000001d156098570_0;
    %cmpi/s 256, 0, 32;
    %jmp/0xz T_9.1, 5;
    %pushi/vec4 0, 0, 32;
    %ix/getv/s 4, v000001d156098570_0;
    %store/vec4a v000001d156098610, 4, 0;
    %load/vec4 v000001d156098570_0;
    %addi 1, 0, 32;
    %store/vec4 v000001d156098570_0, 0, 32;
    %jmp T_9.0;
T_9.1 ;
    %end;
    .thread T_9;
    .scope S_000001d15607a210;
T_10 ;
    %wait E_000001d156088830;
    %load/vec4 v000001d156098110_0;
    %flag_set/vec4 8;
    %jmp/0xz  T_10.0, 8;
    %load/vec4 v000001d1560986b0_0;
    %load/vec4 v000001d156098750_0;
    %parti/s 8, 2, 3;
    %pad/u 10;
    %ix/vec4 4;
    %store/vec4a v000001d156098610, 4, 0;
T_10.0 ;
    %jmp T_10;
    .thread T_10;
    .scope S_000001d15605ccd0;
T_11 ;
    %wait E_000001d1560897f0;
    %load/vec4 v000001d1560f34e0_0;
    %dup/vec4;
    %pushi/vec4 0, 0, 1;
    %cmp/u;
    %jmp/1 T_11.0, 6;
    %dup/vec4;
    %pushi/vec4 1, 0, 1;
    %cmp/u;
    %jmp/1 T_11.1, 6;
    %pushi/vec4 0, 0, 32;
    %store/vec4 v000001d1560f36c0_0, 0, 32;
    %jmp T_11.3;
T_11.0 ;
    %load/vec4 v000001d1560f3ee0_0;
    %store/vec4 v000001d1560f36c0_0, 0, 32;
    %jmp T_11.3;
T_11.1 ;
    %load/vec4 v000001d1560f4ac0_0;
    %store/vec4 v000001d1560f36c0_0, 0, 32;
    %jmp T_11.3;
T_11.3 ;
    %pop/vec4 1;
    %jmp T_11;
    .thread T_11, $push;
    .scope S_000001d15605ce60;
T_12 ;
    %wait E_000001d156089c70;
    %load/vec4 v000001d1560f39e0_0;
    %dup/vec4;
    %pushi/vec4 0, 0, 1;
    %cmp/u;
    %jmp/1 T_12.0, 6;
    %dup/vec4;
    %pushi/vec4 1, 0, 1;
    %cmp/u;
    %jmp/1 T_12.1, 6;
    %pushi/vec4 0, 0, 32;
    %store/vec4 v000001d1560f4340_0, 0, 32;
    %jmp T_12.3;
T_12.0 ;
    %load/vec4 v000001d1560f48e0_0;
    %store/vec4 v000001d1560f4340_0, 0, 32;
    %jmp T_12.3;
T_12.1 ;
    %load/vec4 v000001d1560f3800_0;
    %store/vec4 v000001d1560f4340_0, 0, 32;
    %jmp T_12.3;
T_12.3 ;
    %pop/vec4 1;
    %jmp T_12;
    .thread T_12, $push;
    .scope S_000001d156098d50;
T_13 ;
    %wait E_000001d156088370;
    %load/vec4 v000001d1560f73f0_0;
    %flag_set/vec4 8;
    %jmp/0xz  T_13.0, 8;
    %pushi/vec4 0, 0, 32;
    %assign/vec4 v000001d1560f78f0_0, 0;
    %jmp T_13.1;
T_13.0 ;
    %load/vec4 v000001d1560f7710_0;
    %assign/vec4 v000001d1560f78f0_0, 0;
T_13.1 ;
    %jmp T_13;
    .thread T_13;
    .scope S_000001d156098870;
T_14 ;
    %delay 5, 0;
    %load/vec4 v000001d1560f8250_0;
    %inv;
    %store/vec4 v000001d1560f8250_0, 0, 1;
    %jmp T_14;
    .thread T_14;
    .scope S_000001d156098870;
T_15 ;
    %pushi/vec4 0, 0, 1;
    %store/vec4 v000001d1560f8250_0, 0, 1;
    %pushi/vec4 0, 0, 1;
    %store/vec4 v000001d1560f8110_0, 0, 1;
    %delay 200, 0;
    %vpi_call 2 38 "$finish" {0 0 0};
    %end;
    .thread T_15;
    .scope S_000001d156098870;
T_16 ;
    %vpi_call 2 44 "$dumpfile", "ProcessadorMIPS.vcd" {0 0 0};
    %vpi_call 2 45 "$dumpvars", 32'sb00000000000000000000000000000000, S_000001d156098870 {0 0 0};
    %end;
    .thread T_16;
# The file index is used to find the file name in the following table.
:file_names 17;
    "N/A";
    "<interactive>";
    ".\Simulacao.v";
    "./ProcessadorMIPS.v";
    "./ALUControl.v";
    "./Add4.v";
    "./Adder32.v";
    "./ALU.v";
    "./Control.v";
    "./DataMemory.v";
    "./JumpAddressCalculator.v";
    "./MemoriaDeInstrucoes.v";
    "./MUX_32b_2x1.v";
    "./MUX_5b_2x1.v";
    "./Registradores.v";
    "./ShiftLeft2.v";
    "./SignExtend.v";
