#! /usr/bin/vvp
:ivl_version "12.0 (stable)";
:ivl_delay_selection "TYPICAL";
:vpi_time_precision - 12;
:vpi_module "/usr/lib/x86_64-linux-gnu/ivl/system.vpi";
:vpi_module "/usr/lib/x86_64-linux-gnu/ivl/vhdl_sys.vpi";
:vpi_module "/usr/lib/x86_64-linux-gnu/ivl/vhdl_textio.vpi";
:vpi_module "/usr/lib/x86_64-linux-gnu/ivl/v2005_math.vpi";
:vpi_module "/usr/lib/x86_64-linux-gnu/ivl/va_math.vpi";
S_0x6002832ddf70 .scope module, "tb_processador_mips" "tb_processador_mips" 2 2;
 .timescale -9 -12;
v0x600283338c70_0 .var "clk", 0 0;
v0x600283338d10_0 .var "reset", 0 0;
S_0x600283313cc0 .scope module, "uut" "Processador_MIPS" 2 7, 3 187 0, S_0x6002832ddf70;
 .timescale -9 -12;
    .port_info 0 /INPUT 1 "clk";
    .port_info 1 /INPUT 1 "reset";
L_0x60028334ab70 .functor AND 1, v0x600283332cd0_0, L_0x60028334a270, C4<1>, C4<1>;
v0x6002833369b0_0 .net *"_ivl_1", 0 0, L_0x600283339200;  1 drivers
v0x600283336ab0_0 .net *"_ivl_19", 3 0, L_0x60028334a870;  1 drivers
v0x600283336b90_0 .net *"_ivl_2", 15 0, L_0x6002833392a0;  1 drivers
v0x600283336c80_0 .net *"_ivl_21", 25 0, L_0x60028334a970;  1 drivers
L_0x729db91b7180 .functor BUFT 1, C4<00>, C4<0>, C4<0>, C4<0>;
v0x600283336d60_0 .net/2u *"_ivl_22", 1 0, L_0x729db91b7180;  1 drivers
v0x600283336e40_0 .net *"_ivl_24", 31 0, L_0x60028334aa10;  1 drivers
v0x600283336f20_0 .net *"_ivl_26", 0 0, L_0x60028334ab70;  1 drivers
L_0x729db91b71c8 .functor BUFT 1, C4<00000000000000000000000000000100>, C4<0>, C4<0>, C4<0>;
v0x600283337000_0 .net/2u *"_ivl_28", 31 0, L_0x729db91b71c8;  1 drivers
v0x6002833370e0_0 .net *"_ivl_30", 31 0, L_0x60028334ac30;  1 drivers
v0x6002833371c0_0 .net *"_ivl_32", 31 0, L_0x60028334af80;  1 drivers
v0x6002833372a0_0 .net *"_ivl_34", 29 0, L_0x60028334add0;  1 drivers
L_0x729db91b7210 .functor BUFT 1, C4<00>, C4<0>, C4<0>, C4<0>;
v0x600283337380_0 .net *"_ivl_36", 1 0, L_0x729db91b7210;  1 drivers
v0x600283337460_0 .net *"_ivl_38", 31 0, L_0x60028334b0a0;  1 drivers
L_0x729db91b7258 .functor BUFT 1, C4<00000000000000000000000000000100>, C4<0>, C4<0>, C4<0>;
v0x600283337540_0 .net/2u *"_ivl_40", 31 0, L_0x729db91b7258;  1 drivers
v0x600283337620_0 .net *"_ivl_42", 31 0, L_0x60028334b300;  1 drivers
v0x600283337700_0 .net *"_ivl_44", 31 0, L_0x60028334b3a0;  1 drivers
v0x6002833377e0_0 .net *"_ivl_5", 15 0, L_0x600283339630;  1 drivers
v0x6002833378c0_0 .net "alu_controle", 3 0, v0x600283332570_0;  1 drivers
v0x600283337980_0 .net "alu_input2", 31 0, L_0x60028333a1c0;  1 drivers
v0x600283337a90_0 .net "alu_op", 1 0, v0x600283332b70_0;  1 drivers
v0x600283337ba0_0 .net "alu_resultado", 31 0, v0x6002833320a0_0;  1 drivers
v0x600283337c60_0 .net "alu_src", 0 0, v0x600283332c30_0;  1 drivers
v0x600283337d50_0 .net "branch", 0 0, v0x600283332cd0_0;  1 drivers
v0x600283337df0_0 .net "clk", 0 0, v0x600283338c70_0;  1 drivers
v0x600283337ee0_0 .net "instrucao", 31 0, L_0x6002833390f0;  1 drivers
v0x600283337f80_0 .net "jump", 0 0, v0x600283332da0_0;  1 drivers
v0x600283338020_0 .net "mem_data", 31 0, L_0x60028334a680;  1 drivers
v0x600283338110_0 .net "mtr", 0 0, v0x600283332e60_0;  1 drivers
v0x600283338200_0 .net "mw", 0 0, v0x600283332f70_0;  1 drivers
v0x6002833382f0_0 .var "pc", 31 0;
v0x600283338390_0 .net "pc_next", 31 0, L_0x60028334b5d0;  1 drivers
v0x600283338450_0 .net "read_data1", 31 0, L_0x6002833399a0;  1 drivers
v0x600283338560_0 .net "read_data2", 31 0, L_0x600283339c70;  1 drivers
v0x600283338830_0 .net "reset", 0 0, v0x600283338d10_0;  1 drivers
v0x6002833388f0_0 .net "rw", 0 0, v0x600283333110_0;  1 drivers
v0x6002833389e0_0 .net "sinal_extendido", 31 0, L_0x6002833396d0;  1 drivers
v0x600283338aa0_0 .net "wd", 31 0, L_0x60028334a740;  1 drivers
v0x600283338b90_0 .net "zero", 0 0, L_0x60028334a270;  1 drivers
E_0x6002832d0410 .event posedge, v0x600283338830_0, v0x600283333950_0;
L_0x600283339200 .part L_0x6002833390f0, 15, 1;
LS_0x6002833392a0_0_0 .concat [ 1 1 1 1], L_0x600283339200, L_0x600283339200, L_0x600283339200, L_0x600283339200;
LS_0x6002833392a0_0_4 .concat [ 1 1 1 1], L_0x600283339200, L_0x600283339200, L_0x600283339200, L_0x600283339200;
LS_0x6002833392a0_0_8 .concat [ 1 1 1 1], L_0x600283339200, L_0x600283339200, L_0x600283339200, L_0x600283339200;
LS_0x6002833392a0_0_12 .concat [ 1 1 1 1], L_0x600283339200, L_0x600283339200, L_0x600283339200, L_0x600283339200;
L_0x6002833392a0 .concat [ 4 4 4 4], LS_0x6002833392a0_0_0, LS_0x6002833392a0_0_4, LS_0x6002833392a0_0_8, LS_0x6002833392a0_0_12;
L_0x600283339630 .part L_0x6002833390f0, 0, 16;
L_0x6002833396d0 .concat [ 16 16 0 0], L_0x600283339630, L_0x6002833392a0;
L_0x600283339d70 .part L_0x6002833390f0, 21, 5;
L_0x600283339e60 .part L_0x6002833390f0, 16, 5;
L_0x600283339f90 .part L_0x6002833390f0, 11, 5;
L_0x60028333a030 .part L_0x6002833390f0, 26, 6;
L_0x60028333a120 .part L_0x6002833390f0, 0, 6;
L_0x60028334a870 .part v0x6002833382f0_0, 28, 4;
L_0x60028334a970 .part L_0x6002833390f0, 0, 26;
L_0x60028334aa10 .concat [ 2 26 4 0], L_0x729db91b7180, L_0x60028334a970, L_0x60028334a870;
L_0x60028334ac30 .arith/sum 32, v0x6002833382f0_0, L_0x729db91b71c8;
L_0x60028334add0 .part L_0x6002833396d0, 0, 30;
L_0x60028334af80 .concat [ 2 30 0 0], L_0x729db91b7210, L_0x60028334add0;
L_0x60028334b0a0 .arith/sum 32, L_0x60028334ac30, L_0x60028334af80;
L_0x60028334b300 .arith/sum 32, v0x6002833382f0_0, L_0x729db91b7258;
L_0x60028334b3a0 .functor MUXZ 32, L_0x60028334b300, L_0x60028334b0a0, L_0x60028334ab70, C4<>;
L_0x60028334b5d0 .functor MUXZ 32, L_0x60028334b3a0, L_0x60028334aa10, v0x600283332da0_0, C4<>;
S_0x6002832f7150 .scope module, "alu" "ALU" 3 251, 3 1 0, S_0x600283313cc0;
 .timescale -9 -12;
    .port_info 0 /INPUT 32 "A";
    .port_info 1 /INPUT 32 "B";
    .port_info 2 /INPUT 4 "Controle_ALU";
    .port_info 3 /OUTPUT 32 "resultado";
    .port_info 4 /OUTPUT 1 "zero";
v0x6002832ee930_0 .net "A", 31 0, L_0x6002833399a0;  alias, 1 drivers
v0x6002832fb500_0 .net "B", 31 0, L_0x60028333a1c0;  alias, 1 drivers
v0x600283301070_0 .net "Controle_ALU", 3 0, v0x600283332570_0;  alias, 1 drivers
L_0x729db91b70f0 .functor BUFT 1, C4<00000000000000000000000000000000>, C4<0>, C4<0>, C4<0>;
v0x600283306c70_0 .net/2u *"_ivl_0", 31 0, L_0x729db91b70f0;  1 drivers
v0x6002833320a0_0 .var "resultado", 31 0;
v0x600283332180_0 .net "zero", 0 0, L_0x60028334a270;  alias, 1 drivers
E_0x600283315690 .event anyedge, v0x600283301070_0, v0x6002832ee930_0, v0x6002832fb500_0;
L_0x60028334a270 .cmp/eq 32, v0x6002833320a0_0, L_0x729db91b70f0;
S_0x6002833322e0 .scope module, "alu_ctrl_inst" "ALU_CONTROLE" 3 238, 3 121 0, S_0x600283313cc0;
 .timescale -9 -12;
    .port_info 0 /INPUT 6 "funcao";
    .port_info 1 /INPUT 2 "alu_op";
    .port_info 2 /OUTPUT 4 "alu_controle";
v0x600283332570_0 .var "alu_controle", 3 0;
v0x600283332650_0 .net "alu_op", 1 0, v0x600283332b70_0;  alias, 1 drivers
v0x600283332710_0 .net "funcao", 5 0, L_0x60028333a120;  1 drivers
E_0x600283316870 .event anyedge, v0x600283332650_0, v0x600283332710_0;
S_0x600283332850 .scope module, "controle" "Unidade_controle" 3 227, 3 61 0, S_0x600283313cc0;
 .timescale -9 -12;
    .port_info 0 /INPUT 6 "opcode";
    .port_info 1 /OUTPUT 1 "rw";
    .port_info 2 /OUTPUT 1 "alu_src";
    .port_info 3 /OUTPUT 1 "mw";
    .port_info 4 /OUTPUT 1 "mtr";
    .port_info 5 /OUTPUT 1 "branch";
    .port_info 6 /OUTPUT 1 "jump";
    .port_info 7 /OUTPUT 2 "alu_op";
v0x600283332b70_0 .var "alu_op", 1 0;
v0x600283332c30_0 .var "alu_src", 0 0;
v0x600283332cd0_0 .var "branch", 0 0;
v0x600283332da0_0 .var "jump", 0 0;
v0x600283332e60_0 .var "mtr", 0 0;
v0x600283332f70_0 .var "mw", 0 0;
v0x600283333030_0 .net "opcode", 5 0, L_0x60028333a030;  1 drivers
v0x600283333110_0 .var "rw", 0 0;
E_0x6002833168b0 .event anyedge, v0x600283333030_0;
S_0x600283333320 .scope module, "dmem" "Data" 3 259, 3 156 0, S_0x600283313cc0;
 .timescale -9 -12;
    .port_info 0 /INPUT 1 "clk";
    .port_info 1 /INPUT 1 "reset";
    .port_info 2 /INPUT 32 "endereco";
    .port_info 3 /INPUT 32 "wd";
    .port_info 4 /INPUT 1 "mw";
    .port_info 5 /OUTPUT 32 "rd";
L_0x60028334a680 .functor BUFZ 32, L_0x60028334a360, C4<00000000000000000000000000000000>, C4<00000000000000000000000000000000>, C4<00000000000000000000000000000000>;
v0x6002833335d0_0 .net *"_ivl_0", 31 0, L_0x60028334a360;  1 drivers
v0x6002833336d0_0 .net *"_ivl_3", 7 0, L_0x60028334a400;  1 drivers
v0x6002833337b0_0 .net *"_ivl_4", 9 0, L_0x60028334a4a0;  1 drivers
L_0x729db91b7138 .functor BUFT 1, C4<00>, C4<0>, C4<0>, C4<0>;
v0x600283333870_0 .net *"_ivl_7", 1 0, L_0x729db91b7138;  1 drivers
v0x600283333950_0 .net "clk", 0 0, v0x600283338c70_0;  alias, 1 drivers
v0x600283333a60_0 .net "endereco", 31 0, v0x6002833320a0_0;  alias, 1 drivers
v0x600283333b20_0 .var/i "i", 31 0;
v0x600283333be0 .array "mem", 255 0, 31 0;
v0x600283333ca0_0 .net "mw", 0 0, v0x600283332f70_0;  alias, 1 drivers
v0x600283333d70_0 .net "rd", 31 0, L_0x60028334a680;  alias, 1 drivers
o0x729db94ae738 .functor BUFZ 1, C4<z>; HiZ drive
v0x600283333e30_0 .net "reset", 0 0, o0x729db94ae738;  0 drivers
v0x600283333ef0_0 .net "wd", 31 0, L_0x600283339c70;  alias, 1 drivers
E_0x600283333550 .event posedge, v0x600283333e30_0, v0x600283333950_0;
L_0x60028334a360 .array/port v0x600283333be0, L_0x60028334a4a0;
L_0x60028334a400 .part v0x6002833320a0_0, 2, 8;
L_0x60028334a4a0 .concat [ 8 2 0 0], L_0x60028334a400, L_0x729db91b7138;
S_0x6002833340d0 .scope module, "imem" "Instrucao_memoria" 3 208, 3 145 0, S_0x600283313cc0;
 .timescale -9 -12;
    .port_info 0 /INPUT 32 "endereco";
    .port_info 1 /OUTPUT 32 "instrucao";
L_0x6002833390f0 .functor BUFZ 32, L_0x600283338dd0, C4<00000000000000000000000000000000>, C4<00000000000000000000000000000000>, C4<00000000000000000000000000000000>;
v0x6002833342d0_0 .net *"_ivl_0", 31 0, L_0x600283338dd0;  1 drivers
v0x6002833343d0_0 .net *"_ivl_3", 7 0, L_0x600283338e70;  1 drivers
v0x6002833344b0_0 .net *"_ivl_4", 9 0, L_0x600283338f60;  1 drivers
L_0x729db91b7018 .functor BUFT 1, C4<00>, C4<0>, C4<0>, C4<0>;
v0x600283334570_0 .net *"_ivl_7", 1 0, L_0x729db91b7018;  1 drivers
v0x600283334650_0 .net "endereco", 31 0, v0x6002833382f0_0;  1 drivers
v0x600283334780_0 .net "instrucao", 31 0, L_0x6002833390f0;  alias, 1 drivers
v0x600283334860 .array "mem", 255 0, 31 0;
L_0x600283338dd0 .array/port v0x600283334860, L_0x600283338f60;
L_0x600283338e70 .part v0x6002833382f0_0, 2, 8;
L_0x600283338f60 .concat [ 8 2 0 0], L_0x600283338e70, L_0x729db91b7018;
S_0x600283334980 .scope module, "mux_alu_src" "MUX" 3 244, 3 21 0, S_0x600283313cc0;
 .timescale -9 -12;
    .port_info 0 /INPUT 32 "A";
    .port_info 1 /INPUT 32 "B";
    .port_info 2 /INPUT 1 "seletor";
    .port_info 3 /OUTPUT 32 "saida";
v0x600283334bd0_0 .net "A", 31 0, L_0x6002833396d0;  alias, 1 drivers
v0x600283334cb0_0 .net "B", 31 0, L_0x600283339c70;  alias, 1 drivers
v0x600283334da0_0 .net "saida", 31 0, L_0x60028333a1c0;  alias, 1 drivers
v0x600283334ea0_0 .net "seletor", 0 0, v0x600283332c30_0;  alias, 1 drivers
L_0x60028333a1c0 .functor MUXZ 32, L_0x600283339c70, L_0x6002833396d0, v0x600283332c30_0, C4<>;
S_0x600283334fc0 .scope module, "mux_mem_para_reg" "MUX" 3 267, 3 21 0, S_0x600283313cc0;
 .timescale -9 -12;
    .port_info 0 /INPUT 32 "A";
    .port_info 1 /INPUT 32 "B";
    .port_info 2 /INPUT 1 "seletor";
    .port_info 3 /OUTPUT 32 "saida";
v0x600283335210_0 .net "A", 31 0, L_0x60028334a680;  alias, 1 drivers
v0x600283335320_0 .net "B", 31 0, v0x6002833320a0_0;  alias, 1 drivers
v0x600283335410_0 .net "saida", 31 0, L_0x60028334a740;  alias, 1 drivers
v0x6002833354d0_0 .net "seletor", 0 0, v0x600283332e60_0;  alias, 1 drivers
L_0x60028334a740 .functor MUXZ 32, v0x6002833320a0_0, L_0x60028334a680, v0x600283332e60_0, C4<>;
S_0x600283335630 .scope module, "reg_file" "Registrador" 3 216, 3 30 0, S_0x600283313cc0;
 .timescale -9 -12;
    .port_info 0 /INPUT 1 "clk";
    .port_info 1 /INPUT 1 "reset";
    .port_info 2 /INPUT 5 "rs";
    .port_info 3 /INPUT 5 "rt";
    .port_info 4 /INPUT 5 "rd";
    .port_info 5 /INPUT 32 "wd";
    .port_info 6 /INPUT 1 "rw";
    .port_info 7 /OUTPUT 32 "read_data1";
    .port_info 8 /OUTPUT 32 "read_data2";
L_0x6002833399a0 .functor BUFZ 32, L_0x6002833397c0, C4<00000000000000000000000000000000>, C4<00000000000000000000000000000000>, C4<00000000000000000000000000000000>;
L_0x600283339c70 .functor BUFZ 32, L_0x600283339a60, C4<00000000000000000000000000000000>, C4<00000000000000000000000000000000>, C4<00000000000000000000000000000000>;
v0x6002833359c0_0 .net *"_ivl_0", 31 0, L_0x6002833397c0;  1 drivers
v0x600283335ac0_0 .net *"_ivl_10", 6 0, L_0x600283339b00;  1 drivers
L_0x729db91b70a8 .functor BUFT 1, C4<00>, C4<0>, C4<0>, C4<0>;
v0x600283335ba0_0 .net *"_ivl_13", 1 0, L_0x729db91b70a8;  1 drivers
v0x600283335c60_0 .net *"_ivl_2", 6 0, L_0x600283339860;  1 drivers
L_0x729db91b7060 .functor BUFT 1, C4<00>, C4<0>, C4<0>, C4<0>;
v0x600283335d40_0 .net *"_ivl_5", 1 0, L_0x729db91b7060;  1 drivers
v0x600283335e70_0 .net *"_ivl_8", 31 0, L_0x600283339a60;  1 drivers
v0x600283335f50_0 .net "clk", 0 0, v0x600283338c70_0;  alias, 1 drivers
v0x600283335ff0_0 .var/i "i", 31 0;
v0x6002833360b0_0 .net "rd", 4 0, L_0x600283339f90;  1 drivers
v0x600283336220_0 .net "read_data1", 31 0, L_0x6002833399a0;  alias, 1 drivers
v0x600283336310_0 .net "read_data2", 31 0, L_0x600283339c70;  alias, 1 drivers
v0x6002833363b0 .array "registradores", 0 31, 31 0;
o0x729db94aed98 .functor BUFZ 1, C4<z>; HiZ drive
v0x600283336470_0 .net "reset", 0 0, o0x729db94aed98;  0 drivers
v0x600283336530_0 .net "rs", 4 0, L_0x600283339d70;  1 drivers
v0x600283336610_0 .net "rt", 4 0, L_0x600283339e60;  1 drivers
v0x6002833366f0_0 .net "rw", 0 0, v0x600283333110_0;  alias, 1 drivers
v0x600283336790_0 .net "wd", 31 0, L_0x60028334a740;  alias, 1 drivers
E_0x600283335940 .event posedge, v0x600283336470_0, v0x600283333950_0;
L_0x6002833397c0 .array/port v0x6002833363b0, L_0x600283339860;
L_0x600283339860 .concat [ 5 2 0 0], L_0x600283339d70, L_0x729db91b7060;
L_0x600283339a60 .array/port v0x6002833363b0, L_0x600283339b00;
L_0x600283339b00 .concat [ 5 2 0 0], L_0x600283339e60, L_0x729db91b70a8;
    .scope S_0x6002833340d0;
T_0 ;
    %vpi_call 3 151 "$readmemb", "codigoprocessador.bin", v0x600283334860 {0 0 0};
    %end;
    .thread T_0;
    .scope S_0x600283335630;
T_1 ;
    %wait E_0x600283335940;
    %load/vec4 v0x600283336470_0;
    %flag_set/vec4 8;
    %jmp/0xz  T_1.0, 8;
    %pushi/vec4 0, 0, 32;
    %store/vec4 v0x600283335ff0_0, 0, 32;
T_1.2 ;
    %load/vec4 v0x600283335ff0_0;
    %cmpi/s 32, 0, 32;
    %jmp/0xz T_1.3, 5;
    %pushi/vec4 0, 0, 32;
    %ix/getv/s 3, v0x600283335ff0_0;
    %ix/load 4, 0, 0; Constant delay
    %assign/vec4/a/d v0x6002833363b0, 0, 4;
    %load/vec4 v0x600283335ff0_0;
    %addi 1, 0, 32;
    %store/vec4 v0x600283335ff0_0, 0, 32;
    %jmp T_1.2;
T_1.3 ;
T_1.0 ;
    %load/vec4 v0x6002833366f0_0;
    %flag_set/vec4 9;
    %flag_get/vec4 9;
    %jmp/0 T_1.6, 9;
    %load/vec4 v0x6002833360b0_0;
    %pad/u 32;
    %pushi/vec4 0, 0, 32;
    %cmp/ne;
    %flag_get/vec4 4;
    %and;
T_1.6;
    %flag_set/vec4 8;
    %jmp/0xz  T_1.4, 8;
    %load/vec4 v0x600283336790_0;
    %load/vec4 v0x6002833360b0_0;
    %pad/u 7;
    %ix/vec4 3;
    %ix/load 4, 0, 0; Constant delay
    %assign/vec4/a/d v0x6002833363b0, 0, 4;
T_1.4 ;
    %jmp T_1;
    .thread T_1;
    .scope S_0x600283332850;
T_2 ;
    %wait E_0x6002833168b0;
    %pushi/vec4 0, 0, 1;
    %store/vec4 v0x600283333110_0, 0, 1;
    %pushi/vec4 0, 0, 1;
    %store/vec4 v0x600283332c30_0, 0, 1;
    %pushi/vec4 0, 0, 1;
    %store/vec4 v0x600283332f70_0, 0, 1;
    %pushi/vec4 0, 0, 1;
    %store/vec4 v0x600283332e60_0, 0, 1;
    %pushi/vec4 0, 0, 1;
    %store/vec4 v0x600283332cd0_0, 0, 1;
    %pushi/vec4 0, 0, 1;
    %store/vec4 v0x600283332da0_0, 0, 1;
    %pushi/vec4 0, 0, 2;
    %store/vec4 v0x600283332b70_0, 0, 2;
    %load/vec4 v0x600283333030_0;
    %dup/vec4;
    %pushi/vec4 0, 0, 6;
    %cmp/u;
    %jmp/1 T_2.0, 6;
    %dup/vec4;
    %pushi/vec4 35, 0, 6;
    %cmp/u;
    %jmp/1 T_2.1, 6;
    %dup/vec4;
    %pushi/vec4 43, 0, 6;
    %cmp/u;
    %jmp/1 T_2.2, 6;
    %dup/vec4;
    %pushi/vec4 4, 0, 6;
    %cmp/u;
    %jmp/1 T_2.3, 6;
    %dup/vec4;
    %pushi/vec4 2, 0, 6;
    %cmp/u;
    %jmp/1 T_2.4, 6;
    %pushi/vec4 0, 0, 1;
    %store/vec4 v0x600283333110_0, 0, 1;
    %pushi/vec4 0, 0, 1;
    %store/vec4 v0x600283332c30_0, 0, 1;
    %pushi/vec4 0, 0, 1;
    %store/vec4 v0x600283332f70_0, 0, 1;
    %pushi/vec4 0, 0, 1;
    %store/vec4 v0x600283332e60_0, 0, 1;
    %pushi/vec4 0, 0, 1;
    %store/vec4 v0x600283332cd0_0, 0, 1;
    %pushi/vec4 0, 0, 1;
    %store/vec4 v0x600283332da0_0, 0, 1;
    %pushi/vec4 0, 0, 2;
    %store/vec4 v0x600283332b70_0, 0, 2;
    %jmp T_2.6;
T_2.0 ;
    %pushi/vec4 1, 0, 1;
    %store/vec4 v0x600283333110_0, 0, 1;
    %pushi/vec4 0, 0, 1;
    %store/vec4 v0x600283332c30_0, 0, 1;
    %pushi/vec4 2, 0, 2;
    %store/vec4 v0x600283332b70_0, 0, 2;
    %jmp T_2.6;
T_2.1 ;
    %pushi/vec4 1, 0, 1;
    %store/vec4 v0x600283333110_0, 0, 1;
    %pushi/vec4 1, 0, 1;
    %store/vec4 v0x600283332c30_0, 0, 1;
    %pushi/vec4 1, 0, 1;
    %store/vec4 v0x600283332e60_0, 0, 1;
    %pushi/vec4 0, 0, 2;
    %store/vec4 v0x600283332b70_0, 0, 2;
    %jmp T_2.6;
T_2.2 ;
    %pushi/vec4 1, 0, 1;
    %store/vec4 v0x600283332c30_0, 0, 1;
    %pushi/vec4 1, 0, 1;
    %store/vec4 v0x600283332f70_0, 0, 1;
    %pushi/vec4 0, 0, 2;
    %store/vec4 v0x600283332b70_0, 0, 2;
    %jmp T_2.6;
T_2.3 ;
    %pushi/vec4 1, 0, 1;
    %store/vec4 v0x600283332cd0_0, 0, 1;
    %pushi/vec4 1, 0, 2;
    %store/vec4 v0x600283332b70_0, 0, 2;
    %jmp T_2.6;
T_2.4 ;
    %pushi/vec4 1, 0, 1;
    %store/vec4 v0x600283332da0_0, 0, 1;
    %jmp T_2.6;
T_2.6 ;
    %pop/vec4 1;
    %jmp T_2;
    .thread T_2, $push;
    .scope S_0x6002833322e0;
T_3 ;
    %wait E_0x600283316870;
    %load/vec4 v0x600283332650_0;
    %dup/vec4;
    %pushi/vec4 0, 0, 2;
    %cmp/u;
    %jmp/1 T_3.0, 6;
    %dup/vec4;
    %pushi/vec4 1, 0, 2;
    %cmp/u;
    %jmp/1 T_3.1, 6;
    %dup/vec4;
    %pushi/vec4 2, 0, 2;
    %cmp/u;
    %jmp/1 T_3.2, 6;
    %pushi/vec4 0, 0, 4;
    %store/vec4 v0x600283332570_0, 0, 4;
    %jmp T_3.4;
T_3.0 ;
    %pushi/vec4 2, 0, 4;
    %store/vec4 v0x600283332570_0, 0, 4;
    %jmp T_3.4;
T_3.1 ;
    %pushi/vec4 6, 0, 4;
    %store/vec4 v0x600283332570_0, 0, 4;
    %jmp T_3.4;
T_3.2 ;
    %load/vec4 v0x600283332710_0;
    %dup/vec4;
    %pushi/vec4 32, 0, 6;
    %cmp/u;
    %jmp/1 T_3.5, 6;
    %dup/vec4;
    %pushi/vec4 34, 0, 6;
    %cmp/u;
    %jmp/1 T_3.6, 6;
    %dup/vec4;
    %pushi/vec4 36, 0, 6;
    %cmp/u;
    %jmp/1 T_3.7, 6;
    %dup/vec4;
    %pushi/vec4 37, 0, 6;
    %cmp/u;
    %jmp/1 T_3.8, 6;
    %dup/vec4;
    %pushi/vec4 42, 0, 6;
    %cmp/u;
    %jmp/1 T_3.9, 6;
    %pushi/vec4 0, 0, 4;
    %store/vec4 v0x600283332570_0, 0, 4;
    %jmp T_3.11;
T_3.5 ;
    %pushi/vec4 2, 0, 4;
    %store/vec4 v0x600283332570_0, 0, 4;
    %jmp T_3.11;
T_3.6 ;
    %pushi/vec4 6, 0, 4;
    %store/vec4 v0x600283332570_0, 0, 4;
    %jmp T_3.11;
T_3.7 ;
    %pushi/vec4 0, 0, 4;
    %store/vec4 v0x600283332570_0, 0, 4;
    %jmp T_3.11;
T_3.8 ;
    %pushi/vec4 1, 0, 4;
    %store/vec4 v0x600283332570_0, 0, 4;
    %jmp T_3.11;
T_3.9 ;
    %pushi/vec4 7, 0, 4;
    %store/vec4 v0x600283332570_0, 0, 4;
    %jmp T_3.11;
T_3.11 ;
    %pop/vec4 1;
    %jmp T_3.4;
T_3.4 ;
    %pop/vec4 1;
    %jmp T_3;
    .thread T_3, $push;
    .scope S_0x6002832f7150;
T_4 ;
    %wait E_0x600283315690;
    %load/vec4 v0x600283301070_0;
    %dup/vec4;
    %pushi/vec4 0, 0, 4;
    %cmp/u;
    %jmp/1 T_4.0, 6;
    %dup/vec4;
    %pushi/vec4 1, 0, 4;
    %cmp/u;
    %jmp/1 T_4.1, 6;
    %dup/vec4;
    %pushi/vec4 2, 0, 4;
    %cmp/u;
    %jmp/1 T_4.2, 6;
    %dup/vec4;
    %pushi/vec4 6, 0, 4;
    %cmp/u;
    %jmp/1 T_4.3, 6;
    %dup/vec4;
    %pushi/vec4 7, 0, 4;
    %cmp/u;
    %jmp/1 T_4.4, 6;
    %pushi/vec4 0, 0, 32;
    %store/vec4 v0x6002833320a0_0, 0, 32;
    %jmp T_4.6;
T_4.0 ;
    %load/vec4 v0x6002832ee930_0;
    %load/vec4 v0x6002832fb500_0;
    %and;
    %store/vec4 v0x6002833320a0_0, 0, 32;
    %jmp T_4.6;
T_4.1 ;
    %load/vec4 v0x6002832ee930_0;
    %load/vec4 v0x6002832fb500_0;
    %or;
    %store/vec4 v0x6002833320a0_0, 0, 32;
    %jmp T_4.6;
T_4.2 ;
    %load/vec4 v0x6002832ee930_0;
    %load/vec4 v0x6002832fb500_0;
    %add;
    %store/vec4 v0x6002833320a0_0, 0, 32;
    %jmp T_4.6;
T_4.3 ;
    %load/vec4 v0x6002832ee930_0;
    %load/vec4 v0x6002832fb500_0;
    %sub;
    %store/vec4 v0x6002833320a0_0, 0, 32;
    %jmp T_4.6;
T_4.4 ;
    %load/vec4 v0x6002832ee930_0;
    %load/vec4 v0x6002832fb500_0;
    %cmp/u;
    %flag_mov 8, 5;
    %jmp/0 T_4.7, 8;
    %pushi/vec4 1, 0, 32;
    %jmp/1 T_4.8, 8;
T_4.7 ; End of true expr.
    %pushi/vec4 0, 0, 32;
    %jmp/0 T_4.8, 8;
 ; End of false expr.
    %blend;
T_4.8;
    %store/vec4 v0x6002833320a0_0, 0, 32;
    %jmp T_4.6;
T_4.6 ;
    %pop/vec4 1;
    %jmp T_4;
    .thread T_4, $push;
    .scope S_0x600283333320;
T_5 ;
    %pushi/vec4 0, 0, 32;
    %store/vec4 v0x600283333b20_0, 0, 32;
T_5.0 ;
    %load/vec4 v0x600283333b20_0;
    %cmpi/s 29, 0, 32;
    %jmp/0xz T_5.1, 5;
    %pushi/vec4 0, 0, 32;
    %ix/getv/s 4, v0x600283333b20_0;
    %store/vec4a v0x600283333be0, 4, 0;
    %load/vec4 v0x600283333b20_0;
    %addi 1, 0, 32;
    %store/vec4 v0x600283333b20_0, 0, 32;
    %jmp T_5.0;
T_5.1 ;
    %end;
    .thread T_5;
    .scope S_0x600283333320;
T_6 ;
    %wait E_0x600283333550;
    %load/vec4 v0x600283333e30_0;
    %flag_set/vec4 8;
    %jmp/0xz  T_6.0, 8;
    %pushi/vec4 0, 0, 32;
    %store/vec4 v0x600283333b20_0, 0, 32;
T_6.2 ;
    %load/vec4 v0x600283333b20_0;
    %cmpi/s 256, 0, 32;
    %jmp/0xz T_6.3, 5;
    %pushi/vec4 0, 0, 32;
    %ix/getv/s 3, v0x600283333b20_0;
    %ix/load 4, 0, 0; Constant delay
    %assign/vec4/a/d v0x600283333be0, 0, 4;
    %load/vec4 v0x600283333b20_0;
    %addi 1, 0, 32;
    %store/vec4 v0x600283333b20_0, 0, 32;
    %jmp T_6.2;
T_6.3 ;
    %jmp T_6.1;
T_6.0 ;
    %load/vec4 v0x600283333ca0_0;
    %flag_set/vec4 8;
    %jmp/0xz  T_6.4, 8;
    %load/vec4 v0x600283333ef0_0;
    %load/vec4 v0x600283333a60_0;
    %parti/s 8, 2, 3;
    %pad/u 10;
    %ix/vec4 3;
    %ix/load 4, 0, 0; Constant delay
    %assign/vec4/a/d v0x600283333be0, 0, 4;
T_6.4 ;
T_6.1 ;
    %jmp T_6;
    .thread T_6;
    .scope S_0x600283313cc0;
T_7 ;
    %wait E_0x6002832d0410;
    %load/vec4 v0x600283338830_0;
    %flag_set/vec4 8;
    %jmp/0xz  T_7.0, 8;
    %pushi/vec4 0, 0, 32;
    %assign/vec4 v0x6002833382f0_0, 0;
    %jmp T_7.1;
T_7.0 ;
    %load/vec4 v0x600283338390_0;
    %assign/vec4 v0x6002833382f0_0, 0;
T_7.1 ;
    %jmp T_7;
    .thread T_7;
    .scope S_0x6002832ddf70;
T_8 ;
    %pushi/vec4 0, 0, 1;
    %store/vec4 v0x600283338c70_0, 0, 1;
T_8.0 ;
    %delay 5000, 0;
    %load/vec4 v0x600283338c70_0;
    %inv;
    %store/vec4 v0x600283338c70_0, 0, 1;
    %jmp T_8.0;
    %end;
    .thread T_8;
    .scope S_0x6002832ddf70;
T_9 ;
    %pushi/vec4 1, 0, 1;
    %store/vec4 v0x600283338d10_0, 0, 1;
    %delay 15000, 0;
    %pushi/vec4 0, 0, 1;
    %store/vec4 v0x600283338d10_0, 0, 1;
    %delay 500000, 0;
    %vpi_call 2 24 "$finish" {0 0 0};
    %end;
    .thread T_9;
    .scope S_0x6002832ddf70;
T_10 ;
    %vpi_call 2 29 "$dumpfile", "simulation.vcd" {0 0 0};
    %vpi_call 2 30 "$dumpvars", 32'sb00000000000000000000000000000000, S_0x6002832ddf70 {0 0 0};
    %end;
    .thread T_10;
    .scope S_0x6002832ddf70;
T_11 ;
    %vpi_call 2 35 "$monitor", "Time=%0t | PC=%h | Instr=%h", $time, v0x6002833382f0_0, v0x600283337ee0_0 {0 0 0};
    %end;
    .thread T_11;
# The file index is used to find the file name in the following table.
:file_names 4;
    "N/A";
    "<interactive>";
    "tb_processador_mips.v";
    "Processador.v";
