#! /c/Source/iverilog-install/bin/vvp
:ivl_version "12.0 (devel)" "(s20150603-1539-g2693dd32b)";
:ivl_delay_selection "TYPICAL";
:vpi_time_precision + 0;
:vpi_module "C:\Users\Irandi\OneDrive\Anexos\ATIVID~1\FUNDAN~1\iverilog\lib\ivl\system.vpi";
:vpi_module "C:\Users\Irandi\OneDrive\Anexos\ATIVID~1\FUNDAN~1\iverilog\lib\ivl\vhdl_sys.vpi";
:vpi_module "C:\Users\Irandi\OneDrive\Anexos\ATIVID~1\FUNDAN~1\iverilog\lib\ivl\vhdl_textio.vpi";
:vpi_module "C:\Users\Irandi\OneDrive\Anexos\ATIVID~1\FUNDAN~1\iverilog\lib\ivl\v2005_math.vpi";
:vpi_module "C:\Users\Irandi\OneDrive\Anexos\ATIVID~1\FUNDAN~1\iverilog\lib\ivl\va_math.vpi";
S_0000027ffc226b90 .scope module, "ALU" "ALU" 2 2;
 .timescale 0 0;
    .port_info 0 /INPUT 32 "input1";
    .port_info 1 /INPUT 32 "input2";
    .port_info 2 /INPUT 4 "ALUControl";
    .port_info 3 /OUTPUT 32 "result";
    .port_info 4 /OUTPUT 1 "zero";
o0000027ffc0d6fd8 .functor BUFZ 4, C4<zzzz>; HiZ drive
v0000027ffc227250_0 .net "ALUControl", 3 0, o0000027ffc0d6fd8;  0 drivers
o0000027ffc0d7008 .functor BUFZ 32, C4<zzzzzzzzzzzzzzzzzzzzzzzzzzzzzzzz>; HiZ drive
v0000027ffc22bdf0_0 .net "input1", 31 0, o0000027ffc0d7008;  0 drivers
o0000027ffc0d7038 .functor BUFZ 32, C4<zzzzzzzzzzzzzzzzzzzzzzzzzzzzzzzz>; HiZ drive
v0000027ffc22be90_0 .net "input2", 31 0, o0000027ffc0d7038;  0 drivers
v0000027ffc22bf30_0 .var "result", 31 0;
v0000027ffc226d20_0 .var "zero", 0 0;
E_0000027ffc0d6e70 .event anyedge, v0000027ffc227250_0, v0000027ffc22bdf0_0, v0000027ffc22be90_0, v0000027ffc22bf30_0;
    .scope S_0000027ffc226b90;
T_0 ;
    %wait E_0000027ffc0d6e70;
    %load/vec4 v0000027ffc227250_0;
    %dup/vec4;
    %pushi/vec4 2, 0, 4;
    %cmp/u;
    %jmp/1 T_0.0, 6;
    %dup/vec4;
    %pushi/vec4 6, 0, 4;
    %cmp/u;
    %jmp/1 T_0.1, 6;
    %dup/vec4;
    %pushi/vec4 0, 0, 4;
    %cmp/u;
    %jmp/1 T_0.2, 6;
    %dup/vec4;
    %pushi/vec4 1, 0, 4;
    %cmp/u;
    %jmp/1 T_0.3, 6;
    %dup/vec4;
    %pushi/vec4 7, 0, 4;
    %cmp/u;
    %jmp/1 T_0.4, 6;
    %pushi/vec4 0, 0, 32;
    %store/vec4 v0000027ffc22bf30_0, 0, 32;
    %jmp T_0.6;
T_0.0 ;
    %load/vec4 v0000027ffc22bdf0_0;
    %load/vec4 v0000027ffc22be90_0;
    %add;
    %store/vec4 v0000027ffc22bf30_0, 0, 32;
    %jmp T_0.6;
T_0.1 ;
    %load/vec4 v0000027ffc22bdf0_0;
    %load/vec4 v0000027ffc22be90_0;
    %sub;
    %store/vec4 v0000027ffc22bf30_0, 0, 32;
    %jmp T_0.6;
T_0.2 ;
    %load/vec4 v0000027ffc22bdf0_0;
    %load/vec4 v0000027ffc22be90_0;
    %and;
    %store/vec4 v0000027ffc22bf30_0, 0, 32;
    %jmp T_0.6;
T_0.3 ;
    %load/vec4 v0000027ffc22bdf0_0;
    %load/vec4 v0000027ffc22be90_0;
    %or;
    %store/vec4 v0000027ffc22bf30_0, 0, 32;
    %jmp T_0.6;
T_0.4 ;
    %load/vec4 v0000027ffc22bdf0_0;
    %load/vec4 v0000027ffc22be90_0;
    %cmp/u;
    %flag_mov 8, 5;
    %jmp/0 T_0.7, 8;
    %pushi/vec4 1, 0, 32;
    %jmp/1 T_0.8, 8;
T_0.7 ; End of true expr.
    %pushi/vec4 0, 0, 32;
    %jmp/0 T_0.8, 8;
 ; End of false expr.
    %blend;
T_0.8;
    %store/vec4 v0000027ffc22bf30_0, 0, 32;
    %jmp T_0.6;
T_0.6 ;
    %pop/vec4 1;
    %load/vec4 v0000027ffc22bf30_0;
    %cmpi/e 0, 0, 32;
    %flag_mov 8, 4;
    %jmp/0 T_0.9, 8;
    %pushi/vec4 1, 0, 2;
    %jmp/1 T_0.10, 8;
T_0.9 ; End of true expr.
    %pushi/vec4 0, 0, 2;
    %jmp/0 T_0.10, 8;
 ; End of false expr.
    %blend;
T_0.10;
    %pad/s 1;
    %store/vec4 v0000027ffc226d20_0, 0, 1;
    %jmp T_0;
    .thread T_0, $push;
# The file index is used to find the file name in the following table.
:file_names 3;
    "N/A";
    "<interactive>";
    "Alu.v";
