#! /c/Source/iverilog-install/bin/vvp
:ivl_version "12.0 (devel)" "(s20150603-1539-g2693dd32b)";
:ivl_delay_selection "TYPICAL";
:vpi_time_precision + 0;
:vpi_module "C:\Users\Irandi\OneDrive\Anexos\ATIVID~1\FUNDAN~1\iverilog\lib\ivl\system.vpi";
:vpi_module "C:\Users\Irandi\OneDrive\Anexos\ATIVID~1\FUNDAN~1\iverilog\lib\ivl\vhdl_sys.vpi";
:vpi_module "C:\Users\Irandi\OneDrive\Anexos\ATIVID~1\FUNDAN~1\iverilog\lib\ivl\vhdl_textio.vpi";
:vpi_module "C:\Users\Irandi\OneDrive\Anexos\ATIVID~1\FUNDAN~1\iverilog\lib\ivl\v2005_math.vpi";
:vpi_module "C:\Users\Irandi\OneDrive\Anexos\ATIVID~1\FUNDAN~1\iverilog\lib\ivl\va_math.vpi";
S_0000021fa1352c10 .scope module, "ALUControl" "ALUControl" 2 2;
 .timescale 0 0;
    .port_info 0 /INPUT 2 "ALUOp";
    .port_info 1 /INPUT 6 "funct";
    .port_info 2 /OUTPUT 4 "alu_control";
o0000021fa1386fd8 .functor BUFZ 2, C4<zz>; HiZ drive
v0000021fa13533e0_0 .net "ALUOp", 1 0, o0000021fa1386fd8;  0 drivers
v0000021fa1352da0_0 .var "alu_control", 3 0;
o0000021fa1387038 .functor BUFZ 6, C4<zzzzzz>; HiZ drive
v0000021fa1352e40_0 .net "funct", 5 0, o0000021fa1387038;  0 drivers
E_0000021fa14dc730 .event anyedge, v0000021fa13533e0_0, v0000021fa1352e40_0;
    .scope S_0000021fa1352c10;
T_0 ;
    %wait E_0000021fa14dc730;
    %load/vec4 v0000021fa13533e0_0;
    %dup/vec4;
    %pushi/vec4 0, 0, 2;
    %cmp/u;
    %jmp/1 T_0.0, 6;
    %dup/vec4;
    %pushi/vec4 1, 0, 2;
    %cmp/u;
    %jmp/1 T_0.1, 6;
    %dup/vec4;
    %pushi/vec4 2, 0, 2;
    %cmp/u;
    %jmp/1 T_0.2, 6;
    %pushi/vec4 0, 0, 4;
    %store/vec4 v0000021fa1352da0_0, 0, 4;
    %jmp T_0.4;
T_0.0 ;
    %pushi/vec4 2, 0, 4;
    %store/vec4 v0000021fa1352da0_0, 0, 4;
    %jmp T_0.4;
T_0.1 ;
    %pushi/vec4 6, 0, 4;
    %store/vec4 v0000021fa1352da0_0, 0, 4;
    %jmp T_0.4;
T_0.2 ;
    %load/vec4 v0000021fa1352e40_0;
    %dup/vec4;
    %pushi/vec4 32, 0, 6;
    %cmp/u;
    %jmp/1 T_0.5, 6;
    %dup/vec4;
    %pushi/vec4 34, 0, 6;
    %cmp/u;
    %jmp/1 T_0.6, 6;
    %dup/vec4;
    %pushi/vec4 36, 0, 6;
    %cmp/u;
    %jmp/1 T_0.7, 6;
    %dup/vec4;
    %pushi/vec4 37, 0, 6;
    %cmp/u;
    %jmp/1 T_0.8, 6;
    %dup/vec4;
    %pushi/vec4 42, 0, 6;
    %cmp/u;
    %jmp/1 T_0.9, 6;
    %pushi/vec4 0, 0, 4;
    %store/vec4 v0000021fa1352da0_0, 0, 4;
    %jmp T_0.11;
T_0.5 ;
    %pushi/vec4 2, 0, 4;
    %store/vec4 v0000021fa1352da0_0, 0, 4;
    %jmp T_0.11;
T_0.6 ;
    %pushi/vec4 6, 0, 4;
    %store/vec4 v0000021fa1352da0_0, 0, 4;
    %jmp T_0.11;
T_0.7 ;
    %pushi/vec4 0, 0, 4;
    %store/vec4 v0000021fa1352da0_0, 0, 4;
    %jmp T_0.11;
T_0.8 ;
    %pushi/vec4 1, 0, 4;
    %store/vec4 v0000021fa1352da0_0, 0, 4;
    %jmp T_0.11;
T_0.9 ;
    %pushi/vec4 7, 0, 4;
    %store/vec4 v0000021fa1352da0_0, 0, 4;
    %jmp T_0.11;
T_0.11 ;
    %pop/vec4 1;
    %jmp T_0.4;
T_0.4 ;
    %pop/vec4 1;
    %jmp T_0;
    .thread T_0, $push;
# The file index is used to find the file name in the following table.
:file_names 3;
    "N/A";
    "<interactive>";
    "AluControl.v";
