#! /c/Source/iverilog-install/bin/vvp
:ivl_version "12.0 (devel)" "(s20150603-1539-g2693dd32b)";
:ivl_delay_selection "TYPICAL";
:vpi_time_precision + 0;
:vpi_module "C:\Users\Irandi\OneDrive\Anexos\ATIVID~1\FUNDAN~1\iverilog\lib\ivl\system.vpi";
:vpi_module "C:\Users\Irandi\OneDrive\Anexos\ATIVID~1\FUNDAN~1\iverilog\lib\ivl\vhdl_sys.vpi";
:vpi_module "C:\Users\Irandi\OneDrive\Anexos\ATIVID~1\FUNDAN~1\iverilog\lib\ivl\vhdl_textio.vpi";
:vpi_module "C:\Users\Irandi\OneDrive\Anexos\ATIVID~1\FUNDAN~1\iverilog\lib\ivl\v2005_math.vpi";
:vpi_module "C:\Users\Irandi\OneDrive\Anexos\ATIVID~1\FUNDAN~1\iverilog\lib\ivl\va_math.vpi";
S_0000029195ef6a80 .scope module, "PC" "PC" 2 2;
 .timescale 0 0;
    .port_info 0 /INPUT 1 "clk";
    .port_info 1 /INPUT 1 "rst";
    .port_info 2 /INPUT 32 "next_pc";
    .port_info 3 /OUTPUT 32 "pc";
o0000029195e06e68 .functor BUFZ 1, C4<z>; HiZ drive
v0000029195ef70e0_0 .net "clk", 0 0, o0000029195e06e68;  0 drivers
o0000029195e06e98 .functor BUFZ 32, C4<zzzzzzzzzzzzzzzzzzzzzzzzzzzzzzzz>; HiZ drive
v0000029195ef6c10_0 .net "next_pc", 31 0, o0000029195e06e98;  0 drivers
v0000029195ef6cb0_0 .var "pc", 31 0;
o0000029195e06ef8 .functor BUFZ 1, C4<z>; HiZ drive
v0000029195ef6d50_0 .net "rst", 0 0, o0000029195e06ef8;  0 drivers
E_0000029195e04de0 .event posedge, v0000029195ef6d50_0, v0000029195ef70e0_0;
    .scope S_0000029195ef6a80;
T_0 ;
    %wait E_0000029195e04de0;
    %load/vec4 v0000029195ef6d50_0;
    %flag_set/vec4 8;
    %jmp/0xz  T_0.0, 8;
    %pushi/vec4 0, 0, 32;
    %assign/vec4 v0000029195ef6cb0_0, 0;
    %jmp T_0.1;
T_0.0 ;
    %load/vec4 v0000029195ef6c10_0;
    %assign/vec4 v0000029195ef6cb0_0, 0;
T_0.1 ;
    %jmp T_0;
    .thread T_0;
# The file index is used to find the file name in the following table.
:file_names 3;
    "N/A";
    "<interactive>";
    "Pc.v";
