#! /c/Source/iverilog-install/bin/vvp
:ivl_version "12.0 (devel)" "(s20150603-1539-g2693dd32b)";
:ivl_delay_selection "TYPICAL";
:vpi_time_precision + 0;
:vpi_module "C:\iverilog\lib\ivl\system.vpi";
:vpi_module "C:\iverilog\lib\ivl\vhdl_sys.vpi";
:vpi_module "C:\iverilog\lib\ivl\vhdl_textio.vpi";
:vpi_module "C:\iverilog\lib\ivl\v2005_math.vpi";
:vpi_module "C:\iverilog\lib\ivl\va_math.vpi";
S_000002901fbf6720 .scope module, "MemoriaDeInstrucoes" "MemoriaDeInstrucoes" 2 1;
 .timescale 0 0;
    .port_info 0 /INPUT 32 "addr";
    .port_info 1 /OUTPUT 32 "instrucao";
L_000002901fbf72a0 .functor BUFZ 32, L_000002901fbfbcc0, C4<00000000000000000000000000000000>, C4<00000000000000000000000000000000>, C4<00000000000000000000000000000000>;
v000002901fbf6f10_0 .net *"_ivl_0", 31 0, L_000002901fbfbcc0;  1 drivers
v000002901fbfef10_0 .net *"_ivl_3", 7 0, L_000002901fbfbd60;  1 drivers
v000002901fbf68b0_0 .net *"_ivl_4", 9 0, L_000002901fbfbe00;  1 drivers
L_000002901fc8c428 .functor BUFT 1, C4<00>, C4<0>, C4<0>, C4<0>;
v000002901fbf6950_0 .net *"_ivl_7", 1 0, L_000002901fc8c428;  1 drivers
o000002901fc47068 .functor BUFZ 32, C4<zzzzzzzzzzzzzzzzzzzzzzzzzzzzzzzz>; HiZ drive
v000002901fbf69f0_0 .net "addr", 31 0, o000002901fc47068;  0 drivers
v000002901fbf6a90_0 .var/i "i", 31 0;
v000002901fbf6b30_0 .net "instrucao", 31 0, L_000002901fbf72a0;  1 drivers
v000002901fbfbc20 .array "memoria", 0 255, 31 0;
L_000002901fbfbcc0 .array/port v000002901fbfbc20, L_000002901fbfbe00;
L_000002901fbfbd60 .part o000002901fc47068, 2, 8;
L_000002901fbfbe00 .concat [ 8 2 0 0], L_000002901fbfbd60, L_000002901fc8c428;
    .scope S_000002901fbf6720;
T_0 ;
    %pushi/vec4 537395201, 0, 32;
    %ix/load 4, 0, 0;
    %flag_set/imm 4, 0;
    %store/vec4a v000002901fbfbc20, 4, 0;
    %pushi/vec4 537460738, 0, 32;
    %ix/load 4, 1, 0;
    %flag_set/imm 4, 0;
    %store/vec4a v000002901fbfbc20, 4, 0;
    %pushi/vec4 17387552, 0, 32;
    %ix/load 4, 2, 0;
    %flag_set/imm 4, 0;
    %store/vec4a v000002901fbfbc20, 4, 0;
    %pushi/vec4 2886336512, 0, 32;
    %ix/load 4, 3, 0;
    %flag_set/imm 4, 0;
    %store/vec4a v000002901fbfbc20, 4, 0;
    %pushi/vec4 4, 0, 32;
    %store/vec4 v000002901fbf6a90_0, 0, 32;
T_0.0 ;
    %load/vec4 v000002901fbf6a90_0;
    %cmpi/s 256, 0, 32;
    %jmp/0xz T_0.1, 5;
    %pushi/vec4 0, 0, 32;
    %ix/getv/s 4, v000002901fbf6a90_0;
    %store/vec4a v000002901fbfbc20, 4, 0;
    %load/vec4 v000002901fbf6a90_0;
    %addi 1, 0, 32;
    %store/vec4 v000002901fbf6a90_0, 0, 32;
    %jmp T_0.0;
T_0.1 ;
    %end;
    .thread T_0;
# The file index is used to find the file name in the following table.
:file_names 3;
    "N/A";
    "<interactive>";
    "MemoriaDeInstrucoes.v";
