#! /c/Source/iverilog-install/bin/vvp
:ivl_version "12.0 (devel)" "(s20150603-1539-g2693dd32b)";
:ivl_delay_selection "TYPICAL";
:vpi_time_precision + 0;
:vpi_module "C:\iverilog\lib\ivl\system.vpi";
:vpi_module "C:\iverilog\lib\ivl\vhdl_sys.vpi";
:vpi_module "C:\iverilog\lib\ivl\vhdl_textio.vpi";
:vpi_module "C:\iverilog\lib\ivl\v2005_math.vpi";
:vpi_module "C:\iverilog\lib\ivl\va_math.vpi";
S_0000021536f16760 .scope module, "ShiftLeft26b" "ShiftLeft26b" 2 1;
 .timescale 0 0;
    .port_info 0 /INPUT 26 "in";
    .port_info 1 /OUTPUT 28 "out";
o0000021536f670c8 .functor BUFZ 26, C4<zzzzzzzzzzzzzzzzzzzzzzzzzz>; HiZ drive
L_0000021536f17280 .functor BUFZ 26, o0000021536f670c8, C4<00000000000000000000000000>, C4<00000000000000000000000000>, C4<00000000000000000000000000>;
v0000021536f16f30_0 .net *"_ivl_12", 25 0, L_0000021536f17280;  1 drivers
v0000021536f168f0_0 .net *"_ivl_15", 25 0, L_0000021536f1ed60;  1 drivers
L_0000021536fa80a8 .functor BUFT 1, C4<00>, C4<0>, C4<0>, C4<0>;
v0000021536f16990_0 .net *"_ivl_17", 1 0, L_0000021536fa80a8;  1 drivers
L_0000021536fa8018 .functor BUFT 1, C4<0>, C4<0>, C4<0>, C4<0>;
v0000021536f16a30_0 .net/2s *"_ivl_2", 0 0, L_0000021536fa8018;  1 drivers
L_0000021536fa8060 .functor BUFT 1, C4<0>, C4<0>, C4<0>, C4<0>;
v0000021536f16ad0_0 .net/2s *"_ivl_6", 0 0, L_0000021536fa8060;  1 drivers
v0000021536f1eae0_0 .net "auxiliar", 27 0, L_0000021536f1ecc0;  1 drivers
v0000021536f1eb80_0 .net "in", 25 0, o0000021536f670c8;  0 drivers
v0000021536f1ec20_0 .net "out", 27 0, L_0000021536f1ee00;  1 drivers
L_0000021536f1ecc0 .concat8 [ 26 1 1 0], L_0000021536f17280, L_0000021536fa8060, L_0000021536fa8018;
L_0000021536f1ed60 .part L_0000021536f1ecc0, 0, 26;
L_0000021536f1ee00 .concat [ 2 26 0 0], L_0000021536fa80a8, L_0000021536f1ed60;
# The file index is used to find the file name in the following table.
:file_names 3;
    "N/A";
    "<interactive>";
    "ShiftLeft26b.v";
