#! /c/Source/iverilog-install/bin/vvp
:ivl_version "12.0 (devel)" "(s20150603-1539-g2693dd32b)";
:ivl_delay_selection "TYPICAL";
:vpi_time_precision + 0;
:vpi_module "C:\iverilog\lib\ivl\system.vpi";
:vpi_module "C:\iverilog\lib\ivl\vhdl_sys.vpi";
:vpi_module "C:\iverilog\lib\ivl\vhdl_textio.vpi";
:vpi_module "C:\iverilog\lib\ivl\v2005_math.vpi";
:vpi_module "C:\iverilog\lib\ivl\va_math.vpi";
S_000001fc0120bd00 .scope module, "UnidadeControle" "UnidadeControle" 2 1;
 .timescale 0 0;
    .port_info 0 /INPUT 6 "operacao";
    .port_info 1 /OUTPUT 1 "jump";
    .port_info 2 /OUTPUT 1 "regDst";
    .port_info 3 /OUTPUT 1 "ALUSrc";
    .port_info 4 /OUTPUT 1 "memtoReg";
    .port_info 5 /OUTPUT 1 "regWrite";
    .port_info 6 /OUTPUT 1 "memRead";
    .port_info 7 /OUTPUT 1 "memWrite";
    .port_info 8 /OUTPUT 1 "branch";
    .port_info 9 /OUTPUT 1 "ALUOp1";
    .port_info 10 /OUTPUT 1 "ALUOp0";
v000001fc0120ad50_0 .net "ALUOp0", 0 0, L_000001fc01110f80;  1 drivers
v000001fc01206b60_0 .net "ALUOp1", 0 0, L_000001fc01110b20;  1 drivers
v000001fc01209ef0_0 .net "ALUSrc", 0 0, L_000001fc011106c0;  1 drivers
v000001fc01209400_0 .var "auxiliar", 9 0;
v000001fc01209080_0 .net "branch", 0 0, L_000001fc01110300;  1 drivers
v000001fc010c36f0_0 .net "jump", 0 0, L_000001fc01110620;  1 drivers
v000001fc011101c0_0 .net "memRead", 0 0, L_000001fc01110940;  1 drivers
v000001fc01110a80_0 .net "memWrite", 0 0, L_000001fc011109e0;  1 drivers
v000001fc01110800_0 .net "memtoReg", 0 0, L_000001fc01110ee0;  1 drivers
o000001fc010c9148 .functor BUFZ 6, C4<zzzzzz>; HiZ drive
v000001fc011103a0_0 .net "operacao", 5 0, o000001fc010c9148;  0 drivers
v000001fc01110580_0 .net "regDst", 0 0, L_000001fc011108a0;  1 drivers
v000001fc01110e40_0 .net "regWrite", 0 0, L_000001fc01110760;  1 drivers
E_000001fc01208350 .event anyedge, v000001fc011103a0_0;
L_000001fc01110620 .part v000001fc01209400_0, 9, 1;
L_000001fc011108a0 .part v000001fc01209400_0, 8, 1;
L_000001fc011106c0 .part v000001fc01209400_0, 7, 1;
L_000001fc01110ee0 .part v000001fc01209400_0, 6, 1;
L_000001fc01110760 .part v000001fc01209400_0, 5, 1;
L_000001fc01110940 .part v000001fc01209400_0, 4, 1;
L_000001fc011109e0 .part v000001fc01209400_0, 3, 1;
L_000001fc01110300 .part v000001fc01209400_0, 2, 1;
L_000001fc01110b20 .part v000001fc01209400_0, 1, 1;
L_000001fc01110f80 .part v000001fc01209400_0, 0, 1;
    .scope S_000001fc0120bd00;
T_0 ;
    %wait E_000001fc01208350;
    %load/vec4 v000001fc011103a0_0;
    %dup/vec4;
    %pushi/vec4 2, 0, 6;
    %cmp/u;
    %jmp/1 T_0.0, 6;
    %dup/vec4;
    %pushi/vec4 0, 0, 6;
    %cmp/u;
    %jmp/1 T_0.1, 6;
    %dup/vec4;
    %pushi/vec4 35, 0, 6;
    %cmp/u;
    %jmp/1 T_0.2, 6;
    %dup/vec4;
    %pushi/vec4 43, 0, 6;
    %cmp/u;
    %jmp/1 T_0.3, 6;
    %dup/vec4;
    %pushi/vec4 4, 0, 6;
    %cmp/u;
    %jmp/1 T_0.4, 6;
    %dup/vec4;
    %pushi/vec4 8, 0, 6;
    %cmp/u;
    %jmp/1 T_0.5, 6;
    %pushi/vec4 0, 0, 10;
    %store/vec4 v000001fc01209400_0, 0, 10;
    %jmp T_0.7;
T_0.0 ;
    %pushi/vec4 512, 0, 10;
    %store/vec4 v000001fc01209400_0, 0, 10;
    %jmp T_0.7;
T_0.1 ;
    %pushi/vec4 290, 0, 10;
    %store/vec4 v000001fc01209400_0, 0, 10;
    %jmp T_0.7;
T_0.2 ;
    %pushi/vec4 240, 0, 10;
    %store/vec4 v000001fc01209400_0, 0, 10;
    %jmp T_0.7;
T_0.3 ;
    %pushi/vec4 456, 320, 10;
    %store/vec4 v000001fc01209400_0, 0, 10;
    %jmp T_0.7;
T_0.4 ;
    %pushi/vec4 325, 320, 10;
    %store/vec4 v000001fc01209400_0, 0, 10;
    %jmp T_0.7;
T_0.5 ;
    %pushi/vec4 160, 0, 10;
    %store/vec4 v000001fc01209400_0, 0, 10;
    %jmp T_0.7;
T_0.7 ;
    %pop/vec4 1;
    %jmp T_0;
    .thread T_0, $push;
# The file index is used to find the file name in the following table.
:file_names 3;
    "N/A";
    "<interactive>";
    "UnidadeControle.v";
