#! /c/Source/iverilog-install/bin/vvp
:ivl_version "12.0 (devel)" "(s20150603-1539-g2693dd32b)";
:ivl_delay_selection "TYPICAL";
:vpi_time_precision + 0;
:vpi_module "C:\iverilog\lib\ivl\system.vpi";
:vpi_module "C:\iverilog\lib\ivl\vhdl_sys.vpi";
:vpi_module "C:\iverilog\lib\ivl\vhdl_textio.vpi";
:vpi_module "C:\iverilog\lib\ivl\v2005_math.vpi";
:vpi_module "C:\iverilog\lib\ivl\va_math.vpi";
S_000001af878224f0 .scope module, "fulladder" "fulladder" 2 1;
 .timescale 0 0;
    .port_info 0 /OUTPUT 1 "s";
    .port_info 1 /OUTPUT 1 "cout";
    .port_info 2 /INPUT 1 "a";
    .port_info 3 /INPUT 1 "b";
    .port_info 4 /INPUT 1 "cin";
L_000001af8789bc80 .functor BUFT 1, C4<0>, C4<0>, C4<0>, C4<0>;
v000001af87822d70_0 .net *"_ivl_10", 0 0, L_000001af8789bc80;  1 drivers
v000001af87822680_0 .net *"_ivl_11", 1 0, L_000001af87852dd0;  1 drivers
v000001af87822720_0 .net *"_ivl_3", 1 0, L_000001af8793eef0;  1 drivers
L_000001af8789bc38 .functor BUFT 1, C4<0>, C4<0>, C4<0>, C4<0>;
v000001af878227c0_0 .net *"_ivl_6", 0 0, L_000001af8789bc38;  1 drivers
v000001af87822860_0 .net *"_ivl_7", 1 0, L_000001af87853410;  1 drivers
o000001af878570c8 .functor BUFZ 1, C4<z>; HiZ drive
v000001af8793ea90_0 .net "a", 0 0, o000001af878570c8;  0 drivers
o000001af878570f8 .functor BUFZ 1, C4<z>; HiZ drive
v000001af8793eb30_0 .net "b", 0 0, o000001af878570f8;  0 drivers
v000001af8793ebd0_0 .net "cin", 0 0, L_000001af8793edb0;  1 drivers
o000001af87857158 .functor BUFZ 1, C4<z>; HiZ drive
v000001af8793ec70_0 .net "cout", 0 0, o000001af87857158;  0 drivers
v000001af8793ed10_0 .net "s", 0 0, L_000001af8793ee50;  1 drivers
L_000001af8793edb0 .part L_000001af87852dd0, 1, 1;
L_000001af8793ee50 .part L_000001af87852dd0, 0, 1;
L_000001af8793eef0 .concat [ 1 1 0 0], o000001af878570c8, L_000001af8789bc38;
L_000001af87853410 .concat [ 1 1 0 0], o000001af878570f8, L_000001af8789bc80;
L_000001af87852dd0 .arith/sum 2, L_000001af8793eef0, L_000001af87853410;
# The file index is used to find the file name in the following table.
:file_names 3;
    "N/A";
    "<interactive>";
    "fulladder.v";
