#! /c/Source/iverilog-install/bin/vvp
:ivl_version "12.0 (devel)" "(s20150603-1539-g2693dd32b)";
:ivl_delay_selection "TYPICAL";
:vpi_time_precision + 0;
:vpi_module "C:\Users\Irandi\OneDrive\Anexos\ATIVID~1\FUNDAN~1\iverilog\lib\ivl\system.vpi";
:vpi_module "C:\Users\Irandi\OneDrive\Anexos\ATIVID~1\FUNDAN~1\iverilog\lib\ivl\vhdl_sys.vpi";
:vpi_module "C:\Users\Irandi\OneDrive\Anexos\ATIVID~1\FUNDAN~1\iverilog\lib\ivl\vhdl_textio.vpi";
:vpi_module "C:\Users\Irandi\OneDrive\Anexos\ATIVID~1\FUNDAN~1\iverilog\lib\ivl\v2005_math.vpi";
:vpi_module "C:\Users\Irandi\OneDrive\Anexos\ATIVID~1\FUNDAN~1\iverilog\lib\ivl\va_math.vpi";
S_000002d03e052d00 .scope module, "fulladder" "fulladder" 2 1;
 .timescale 0 0;
    .port_info 0 /OUTPUT 1 "s";
    .port_info 1 /OUTPUT 1 "cout";
    .port_info 2 /INPUT 1 "a";
    .port_info 3 /INPUT 1 "b";
    .port_info 4 /INPUT 1 "cin";
o000002d03e086f98 .functor BUFZ 1, C4<z>; HiZ drive
o000002d03e086fc8 .functor BUFZ 1, C4<z>; HiZ drive
L_000002d03e0536b0 .functor XOR 1, o000002d03e086f98, o000002d03e086fc8, C4<0>, C4<0>;
o000002d03e086ff8 .functor BUFZ 1, C4<z>; HiZ drive
L_000002d03e23bd70 .functor XOR 1, L_000002d03e0536b0, o000002d03e086ff8, C4<0>, C4<0>;
L_000002d03e23bde0 .functor AND 1, L_000002d03e0536b0, o000002d03e086ff8, C4<1>, C4<1>;
L_000002d03e23be50 .functor AND 1, o000002d03e086f98, o000002d03e086fc8, C4<1>, C4<1>;
L_000002d03e23bec0 .functor OR 1, L_000002d03e23bde0, L_000002d03e23be50, C4<0>, C4<0>;
v000002d03e053490_0 .net "a", 0 0, o000002d03e086f98;  0 drivers
v000002d03e053270_0 .net "b", 0 0, o000002d03e086fc8;  0 drivers
v000002d03e23ef00_0 .net "cin", 0 0, o000002d03e086ff8;  0 drivers
v000002d03e052e90_0 .net "cout", 0 0, L_000002d03e23bec0;  1 drivers
v000002d03e052f30_0 .net "k", 0 0, L_000002d03e0536b0;  1 drivers
v000002d03e052fd0_0 .net "s", 0 0, L_000002d03e23bd70;  1 drivers
v000002d03e23bc30_0 .net "w", 0 0, L_000002d03e23bde0;  1 drivers
v000002d03e23bcd0_0 .net "y", 0 0, L_000002d03e23be50;  1 drivers
# The file index is used to find the file name in the following table.
:file_names 3;
    "N/A";
    "<interactive>";
    "fulladder.v";
