#! /usr/bin/vvp
:ivl_version "12.0 (stable)";
:ivl_delay_selection "TYPICAL";
:vpi_time_precision + 0;
:vpi_module "/usr/lib64/ivl/system.vpi";
:vpi_module "/usr/lib64/ivl/vhdl_sys.vpi";
:vpi_module "/usr/lib64/ivl/vhdl_textio.vpi";
:vpi_module "/usr/lib64/ivl/v2005_math.vpi";
:vpi_module "/usr/lib64/ivl/va_math.vpi";
S_0x5635ab83b750 .scope module, "MIPS" "MIPS" 2 13;
 .timescale 0 0;
    .port_info 0 /INPUT 1 "clk";
    .port_info 1 /INPUT 1 "reset";
L_0x5635ab87f2c0 .functor AND 1, L_0x5635ab87ea10, v0x5635ab864450_0, C4<1>, C4<1>;
v0x5635ab86b580_0 .net "ALUcontrolWire", 3 0, v0x5635ab863720_0;  1 drivers
v0x5635ab86b690_0 .net "ALUop", 1 0, v0x5635ab8642d0_0;  1 drivers
v0x5635ab86b7a0_0 .net "ALUresult", 31 0, v0x5635ab862d70_0;  1 drivers
v0x5635ab86b840_0 .net "ALUsecondOperand", 31 0, v0x5635ab868050_0;  1 drivers
v0x5635ab86b950_0 .net "ALUsource", 0 0, v0x5635ab8643b0_0;  1 drivers
v0x5635ab86ba90_0 .net "ALUzero", 0 0, L_0x5635ab87ea10;  1 drivers
v0x5635ab86bb30_0 .net *"_ivl_19", 3 0, L_0x5635ab87f8c0;  1 drivers
v0x5635ab86bbf0_0 .net "addALUmuxResult", 31 0, v0x5635ab8686a0_0;  1 drivers
v0x5635ab86bd00_0 .net "addALUresult", 31 0, L_0x5635ab87f220;  1 drivers
v0x5635ab86be50_0 .net "andBranchZero", 0 0, L_0x5635ab87f2c0;  1 drivers
v0x5635ab86bef0_0 .net "beqShiftWire", 31 0, L_0x5635ab87f0e0;  1 drivers
v0x5635ab86bfe0_0 .net "branch", 0 0, v0x5635ab864450_0;  1 drivers
o0x7f9d55e99a38 .functor BUFZ 1, C4<z>; HiZ drive
v0x5635ab86c080_0 .net "clk", 0 0, o0x7f9d55e99a38;  0 drivers
v0x5635ab86c170_0 .net "incrementedPc", 31 0, L_0x5635ab87d270;  1 drivers
v0x5635ab86c2a0_0 .net "instruction", 31 0, L_0x5635ab87d310;  1 drivers
v0x5635ab86c360_0 .net "jump", 0 0, v0x5635ab864520_0;  1 drivers
v0x5635ab86c450_0 .net "jumpAdress", 27 0, L_0x5635ab87f5f0;  1 drivers
v0x5635ab86c620_0 .net "memRead", 0 0, v0x5635ab8645e0_0;  1 drivers
v0x5635ab86c710_0 .net "memToReg", 0 0, v0x5635ab8646f0_0;  1 drivers
v0x5635ab86c800_0 .net "memWrite", 0 0, v0x5635ab8647b0_0;  1 drivers
v0x5635ab86c8f0_0 .net "nextInstruction", 31 0, v0x5635ab868dc0_0;  1 drivers
v0x5635ab86c9e0_0 .net "readData1", 31 0, L_0x5635ab87daa0;  1 drivers
v0x5635ab86caf0_0 .net "readData2", 31 0, L_0x5635ab87dd40;  1 drivers
v0x5635ab86cbb0_0 .net "readDataMem", 31 0, L_0x5635ab87ef50;  1 drivers
v0x5635ab86ccc0_0 .net "regDst", 0 0, v0x5635ab864950_0;  1 drivers
v0x5635ab86cdb0_0 .net "regWrite", 0 0, v0x5635ab864a10_0;  1 drivers
o0x7f9d55e99e88 .functor BUFZ 1, C4<z>; HiZ drive
v0x5635ab86cea0_0 .net "reset", 0 0, o0x7f9d55e99e88;  0 drivers
v0x5635ab86cf40_0 .net "selectedWrite", 4 0, v0x5635ab869b80_0;  1 drivers
v0x5635ab86d030_0 .net "signExtended", 31 0, L_0x5635ab87e670;  1 drivers
v0x5635ab86d0f0_0 .net "writeDataWire", 31 0, v0x5635ab8694b0_0;  1 drivers
L_0x5635ab87d6a0 .part L_0x5635ab87d310, 26, 6;
L_0x5635ab87d7d0 .part L_0x5635ab87d310, 11, 5;
L_0x5635ab87d870 .part L_0x5635ab87d310, 16, 5;
L_0x5635ab87de40 .part L_0x5635ab87d310, 21, 5;
L_0x5635ab87df30 .part L_0x5635ab87d310, 16, 5;
L_0x5635ab87e710 .part L_0x5635ab87d310, 0, 16;
L_0x5635ab87e7f0 .part L_0x5635ab87d310, 0, 6;
L_0x5635ab87f780 .part L_0x5635ab87d310, 0, 26;
L_0x5635ab87f8c0 .part L_0x5635ab87d270, 28, 4;
L_0x5635ab87f960 .concat [ 28 4 0 0], L_0x5635ab87f5f0, L_0x5635ab87f8c0;
S_0x5635ab83f840 .scope module, "addAlu" "addALU" 2 135, 3 1 0, S_0x5635ab83b750;
 .timescale 0 0;
    .port_info 0 /INPUT 32 "in1";
    .port_info 1 /INPUT 32 "in2";
    .port_info 2 /OUTPUT 32 "out";
v0x5635ab814e20_0 .net "in1", 31 0, L_0x5635ab87f0e0;  alias, 1 drivers
v0x5635ab82b6f0_0 .net "in2", 31 0, L_0x5635ab87d270;  alias, 1 drivers
v0x5635ab833430_0 .net "out", 31 0, L_0x5635ab87f220;  alias, 1 drivers
L_0x5635ab87f220 .arith/sum 32, L_0x5635ab87f0e0, L_0x5635ab87d270;
S_0x5635ab862a70 .scope module, "alu" "ALU" 2 106, 4 1 0, S_0x5635ab83b750;
 .timescale 0 0;
    .port_info 0 /INPUT 32 "operand1";
    .port_info 1 /INPUT 32 "operand2";
    .port_info 2 /INPUT 4 "ALUoperation";
    .port_info 3 /OUTPUT 32 "ALUresult";
    .port_info 4 /OUTPUT 1 "zero";
v0x5635ab862c70_0 .net "ALUoperation", 3 0, v0x5635ab863720_0;  alias, 1 drivers
v0x5635ab862d70_0 .var "ALUresult", 31 0;
L_0x7f9d559c4138 .functor BUFT 1, C4<00000000000000000000000000000000>, C4<0>, C4<0>, C4<0>;
v0x5635ab862e50_0 .net/2u *"_ivl_0", 31 0, L_0x7f9d559c4138;  1 drivers
v0x5635ab862f10_0 .net *"_ivl_2", 0 0, L_0x5635ab87e8e0;  1 drivers
L_0x7f9d559c4180 .functor BUFT 1, C4<1>, C4<0>, C4<0>, C4<0>;
v0x5635ab862fd0_0 .net/2u *"_ivl_4", 0 0, L_0x7f9d559c4180;  1 drivers
L_0x7f9d559c41c8 .functor BUFT 1, C4<0>, C4<0>, C4<0>, C4<0>;
v0x5635ab863100_0 .net/2u *"_ivl_6", 0 0, L_0x7f9d559c41c8;  1 drivers
v0x5635ab8631e0_0 .net "operand1", 31 0, L_0x5635ab87daa0;  alias, 1 drivers
v0x5635ab8632c0_0 .net "operand2", 31 0, v0x5635ab868050_0;  alias, 1 drivers
v0x5635ab8633a0_0 .net "zero", 0 0, L_0x5635ab87ea10;  alias, 1 drivers
E_0x5635ab806510 .event anyedge, v0x5635ab862c70_0, v0x5635ab8631e0_0, v0x5635ab8632c0_0;
L_0x5635ab87e8e0 .cmp/eq 32, v0x5635ab862d70_0, L_0x7f9d559c4138;
L_0x5635ab87ea10 .functor MUXZ 1, L_0x7f9d559c41c8, L_0x7f9d559c4180, L_0x5635ab87e8e0, C4<>;
S_0x5635ab863500 .scope module, "aluControl" "ALUcontrol" 2 93, 5 1 0, S_0x5635ab83b750;
 .timescale 0 0;
    .port_info 0 /INPUT 6 "funct";
    .port_info 1 /INPUT 2 "ALUop";
    .port_info 2 /OUTPUT 4 "ALUcontrol";
v0x5635ab863720_0 .var "ALUcontrol", 3 0;
v0x5635ab863800_0 .net "ALUop", 1 0, v0x5635ab8642d0_0;  alias, 1 drivers
v0x5635ab8638c0_0 .net "funct", 5 0, L_0x5635ab87e7f0;  1 drivers
E_0x5635ab8070b0 .event anyedge, v0x5635ab863800_0, v0x5635ab8638c0_0;
S_0x5635ab863a00 .scope module, "beqFetch" "shiftLeft32" 2 130, 6 1 0, S_0x5635ab83b750;
 .timescale 0 0;
    .port_info 0 /INPUT 32 "in";
    .port_info 1 /OUTPUT 32 "out";
v0x5635ab863be0_0 .net *"_ivl_2", 29 0, L_0x5635ab87f040;  1 drivers
L_0x7f9d559c42a0 .functor BUFT 1, C4<00>, C4<0>, C4<0>, C4<0>;
v0x5635ab863ce0_0 .net *"_ivl_4", 1 0, L_0x7f9d559c42a0;  1 drivers
v0x5635ab863dc0_0 .net "in", 31 0, L_0x5635ab87e670;  alias, 1 drivers
v0x5635ab863e80_0 .net "out", 31 0, L_0x5635ab87f0e0;  alias, 1 drivers
L_0x5635ab87f040 .part L_0x5635ab87e670, 0, 30;
L_0x5635ab87f0e0 .concat [ 2 30 0 0], L_0x7f9d559c42a0, L_0x5635ab87f040;
S_0x5635ab863f80 .scope module, "control" "ControlUnit" 2 58, 7 1 0, S_0x5635ab83b750;
 .timescale 0 0;
    .port_info 0 /INPUT 6 "opCode";
    .port_info 1 /OUTPUT 1 "regDst";
    .port_info 2 /OUTPUT 1 "jump";
    .port_info 3 /OUTPUT 1 "branch";
    .port_info 4 /OUTPUT 1 "memRead";
    .port_info 5 /OUTPUT 1 "memToReg";
    .port_info 6 /OUTPUT 2 "ALUop";
    .port_info 7 /OUTPUT 1 "memWrite";
    .port_info 8 /OUTPUT 1 "ALUsource";
    .port_info 9 /OUTPUT 1 "regWrite";
v0x5635ab8642d0_0 .var "ALUop", 1 0;
v0x5635ab8643b0_0 .var "ALUsource", 0 0;
v0x5635ab864450_0 .var "branch", 0 0;
v0x5635ab864520_0 .var "jump", 0 0;
v0x5635ab8645e0_0 .var "memRead", 0 0;
v0x5635ab8646f0_0 .var "memToReg", 0 0;
v0x5635ab8647b0_0 .var "memWrite", 0 0;
v0x5635ab864870_0 .net "opCode", 5 0, L_0x5635ab87d6a0;  1 drivers
v0x5635ab864950_0 .var "regDst", 0 0;
v0x5635ab864a10_0 .var "regWrite", 0 0;
E_0x5635ab84b490 .event anyedge, v0x5635ab864870_0;
S_0x5635ab864c70 .scope module, "dataMemory" "DataMemory" 2 114, 8 1 0, S_0x5635ab83b750;
 .timescale 0 0;
    .port_info 0 /INPUT 1 "clk";
    .port_info 1 /INPUT 1 "memRead";
    .port_info 2 /INPUT 1 "memWrite";
    .port_info 3 /INPUT 32 "address";
    .port_info 4 /INPUT 32 "writeData";
    .port_info 5 /OUTPUT 32 "readData";
v0x5635ab864f20_0 .net *"_ivl_0", 31 0, L_0x5635ab87ebf0;  1 drivers
v0x5635ab865020_0 .net *"_ivl_3", 7 0, L_0x5635ab87ec90;  1 drivers
v0x5635ab865100_0 .net *"_ivl_4", 9 0, L_0x5635ab87ed30;  1 drivers
L_0x7f9d559c4210 .functor BUFT 1, C4<00>, C4<0>, C4<0>, C4<0>;
v0x5635ab8651c0_0 .net *"_ivl_7", 1 0, L_0x7f9d559c4210;  1 drivers
L_0x7f9d559c4258 .functor BUFT 1, C4<00000000000000000000000000000000>, C4<0>, C4<0>, C4<0>;
v0x5635ab8652a0_0 .net/2u *"_ivl_8", 31 0, L_0x7f9d559c4258;  1 drivers
v0x5635ab8653d0_0 .net "address", 31 0, v0x5635ab862d70_0;  alias, 1 drivers
v0x5635ab865490_0 .net "clk", 0 0, o0x7f9d55e99a38;  alias, 0 drivers
v0x5635ab865530_0 .var/i "i", 31 0;
v0x5635ab865610_0 .net "memRead", 0 0, v0x5635ab8645e0_0;  alias, 1 drivers
v0x5635ab865770_0 .net "memWrite", 0 0, v0x5635ab8647b0_0;  alias, 1 drivers
v0x5635ab865840 .array "memory", 0 255, 31 0;
v0x5635ab8658e0_0 .net "readData", 31 0, L_0x5635ab87ef50;  alias, 1 drivers
v0x5635ab8659a0_0 .net "writeData", 31 0, L_0x5635ab87dd40;  alias, 1 drivers
E_0x5635ab864ea0 .event anyedge, v0x5635ab8647b0_0, v0x5635ab8659a0_0, v0x5635ab862d70_0;
L_0x5635ab87ebf0 .array/port v0x5635ab865840, L_0x5635ab87ed30;
L_0x5635ab87ec90 .part v0x5635ab862d70_0, 2, 8;
L_0x5635ab87ed30 .concat [ 8 2 0 0], L_0x5635ab87ec90, L_0x7f9d559c4210;
L_0x5635ab87ef50 .functor MUXZ 32, L_0x7f9d559c4258, L_0x5635ab87ebf0, v0x5635ab8645e0_0, C4<>;
S_0x5635ab865b80 .scope module, "fetchUnit" "FetchUnit" 2 50, 9 3 0, S_0x5635ab83b750;
 .timescale 0 0;
    .port_info 0 /INPUT 1 "clk";
    .port_info 1 /INPUT 1 "reset";
    .port_info 2 /INPUT 32 "nextInstruction";
    .port_info 3 /OUTPUT 32 "instruction";
    .port_info 4 /OUTPUT 32 "incrementedPc";
v0x5635ab866d20_0 .net "clk", 0 0, o0x7f9d55e99a38;  alias, 0 drivers
v0x5635ab866df0_0 .net "incrementedPc", 31 0, L_0x5635ab87d270;  alias, 1 drivers
v0x5635ab866ee0_0 .net "instruction", 31 0, L_0x5635ab87d310;  alias, 1 drivers
v0x5635ab866fb0_0 .net "nextInstruction", 31 0, v0x5635ab868dc0_0;  alias, 1 drivers
v0x5635ab867070_0 .var "pc", 31 0;
v0x5635ab8671d0_0 .net "reset", 0 0, o0x7f9d55e99e88;  alias, 0 drivers
E_0x5635ab84a340 .event posedge, v0x5635ab8671d0_0, v0x5635ab865490_0;
S_0x5635ab865e00 .scope module, "memory" "InstructionMemory" 9 21, 10 1 0, S_0x5635ab865b80;
 .timescale 0 0;
    .port_info 0 /INPUT 32 "addr";
    .port_info 1 /OUTPUT 32 "instruction";
L_0x5635ab87d310 .functor BUFZ 32, L_0x5635ab87d3d0, C4<00000000000000000000000000000000>, C4<00000000000000000000000000000000>, C4<00000000000000000000000000000000>;
v0x5635ab866060_0 .net *"_ivl_0", 31 0, L_0x5635ab87d3d0;  1 drivers
v0x5635ab866160_0 .net *"_ivl_3", 7 0, L_0x5635ab87d470;  1 drivers
v0x5635ab866240_0 .net *"_ivl_4", 9 0, L_0x5635ab87d510;  1 drivers
L_0x7f9d559c4060 .functor BUFT 1, C4<00>, C4<0>, C4<0>, C4<0>;
v0x5635ab866330_0 .net *"_ivl_7", 1 0, L_0x7f9d559c4060;  1 drivers
v0x5635ab866410_0 .net "addr", 31 0, v0x5635ab867070_0;  1 drivers
v0x5635ab866540_0 .var/i "i", 31 0;
v0x5635ab866620_0 .net "instruction", 31 0, L_0x5635ab87d310;  alias, 1 drivers
v0x5635ab866700 .array "memory", 0 255, 31 0;
L_0x5635ab87d3d0 .array/port v0x5635ab866700, L_0x5635ab87d510;
L_0x5635ab87d470 .part v0x5635ab867070_0, 2, 8;
L_0x5635ab87d510 .concat [ 8 2 0 0], L_0x5635ab87d470, L_0x7f9d559c4060;
S_0x5635ab866820 .scope module, "somador" "Add4" 9 15, 11 1 0, S_0x5635ab865b80;
 .timescale 0 0;
    .port_info 0 /INPUT 32 "in";
    .port_info 1 /OUTPUT 32 "out";
L_0x7f9d559c4018 .functor BUFT 1, C4<00000000000000000000000000000100>, C4<0>, C4<0>, C4<0>;
v0x5635ab866a40_0 .net/2u *"_ivl_0", 31 0, L_0x7f9d559c4018;  1 drivers
v0x5635ab866b40_0 .net "in", 31 0, v0x5635ab867070_0;  alias, 1 drivers
v0x5635ab866c00_0 .net "out", 31 0, L_0x5635ab87d270;  alias, 1 drivers
L_0x5635ab87d270 .arith/sum 32, v0x5635ab867070_0, L_0x7f9d559c4018;
S_0x5635ab867330 .scope module, "jumpShift" "shiftLeft28" 2 150, 12 1 0, S_0x5635ab83b750;
 .timescale 0 0;
    .port_info 0 /INPUT 26 "in";
    .port_info 1 /OUTPUT 28 "out";
v0x5635ab867570_0 .net *"_ivl_0", 27 0, L_0x5635ab87f410;  1 drivers
L_0x7f9d559c42e8 .functor BUFT 1, C4<00>, C4<0>, C4<0>, C4<0>;
v0x5635ab867670_0 .net *"_ivl_3", 1 0, L_0x7f9d559c42e8;  1 drivers
v0x5635ab867750_0 .net *"_ivl_6", 25 0, L_0x5635ab87f500;  1 drivers
L_0x7f9d559c4330 .functor BUFT 1, C4<00>, C4<0>, C4<0>, C4<0>;
v0x5635ab867810_0 .net *"_ivl_8", 1 0, L_0x7f9d559c4330;  1 drivers
v0x5635ab8678f0_0 .net "in", 25 0, L_0x5635ab87f780;  1 drivers
v0x5635ab867a20_0 .net "out", 27 0, L_0x5635ab87f5f0;  alias, 1 drivers
L_0x5635ab87f410 .concat [ 26 2 0 0], L_0x5635ab87f780, L_0x7f9d559c42e8;
L_0x5635ab87f500 .part L_0x5635ab87f410, 0, 26;
L_0x5635ab87f5f0 .concat [ 2 26 0 0], L_0x7f9d559c4330, L_0x5635ab87f500;
S_0x5635ab867b60 .scope module, "muxALUoperand" "Mux32" 2 99, 13 1 0, S_0x5635ab83b750;
 .timescale 0 0;
    .port_info 0 /INPUT 32 "in1";
    .port_info 1 /INPUT 32 "in2";
    .port_info 2 /INPUT 1 "s";
    .port_info 3 /OUTPUT 32 "out";
v0x5635ab867ea0_0 .net "in1", 31 0, L_0x5635ab87e670;  alias, 1 drivers
v0x5635ab867f80_0 .net "in2", 31 0, L_0x5635ab87dd40;  alias, 1 drivers
v0x5635ab868050_0 .var "out", 31 0;
v0x5635ab868150_0 .net "s", 0 0, v0x5635ab8643b0_0;  alias, 1 drivers
E_0x5635ab867e40 .event anyedge, v0x5635ab8643b0_0, v0x5635ab863dc0_0, v0x5635ab8659a0_0;
S_0x5635ab868270 .scope module, "muxInstruction" "Mux32" 2 143, 13 1 0, S_0x5635ab83b750;
 .timescale 0 0;
    .port_info 0 /INPUT 32 "in1";
    .port_info 1 /INPUT 32 "in2";
    .port_info 2 /INPUT 1 "s";
    .port_info 3 /OUTPUT 32 "out";
v0x5635ab8684f0_0 .net "in1", 31 0, L_0x5635ab87f220;  alias, 1 drivers
v0x5635ab868600_0 .net "in2", 31 0, L_0x5635ab87d270;  alias, 1 drivers
v0x5635ab8686a0_0 .var "out", 31 0;
v0x5635ab868790_0 .net "s", 0 0, L_0x5635ab87f2c0;  alias, 1 drivers
E_0x5635ab868470 .event anyedge, v0x5635ab868790_0, v0x5635ab833430_0, v0x5635ab82b6f0_0;
S_0x5635ab868900 .scope module, "muxJump" "Mux32" 2 155, 13 1 0, S_0x5635ab83b750;
 .timescale 0 0;
    .port_info 0 /INPUT 32 "in1";
    .port_info 1 /INPUT 32 "in2";
    .port_info 2 /INPUT 1 "s";
    .port_info 3 /OUTPUT 32 "out";
v0x5635ab868bd0_0 .net "in1", 31 0, L_0x5635ab87f960;  1 drivers
v0x5635ab868cd0_0 .net "in2", 31 0, v0x5635ab8686a0_0;  alias, 1 drivers
v0x5635ab868dc0_0 .var "out", 31 0;
v0x5635ab868ec0_0 .net "s", 0 0, v0x5635ab864520_0;  alias, 1 drivers
E_0x5635ab868b50 .event anyedge, v0x5635ab864520_0, v0x5635ab868bd0_0, v0x5635ab8686a0_0;
S_0x5635ab868fe0 .scope module, "muxMemRead" "Mux32" 2 123, 13 1 0, S_0x5635ab83b750;
 .timescale 0 0;
    .port_info 0 /INPUT 32 "in1";
    .port_info 1 /INPUT 32 "in2";
    .port_info 2 /INPUT 1 "s";
    .port_info 3 /OUTPUT 32 "out";
v0x5635ab8692b0_0 .net "in1", 31 0, L_0x5635ab87ef50;  alias, 1 drivers
v0x5635ab8693c0_0 .net "in2", 31 0, v0x5635ab862d70_0;  alias, 1 drivers
v0x5635ab8694b0_0 .var "out", 31 0;
v0x5635ab869570_0 .net "s", 0 0, v0x5635ab8646f0_0;  alias, 1 drivers
E_0x5635ab869230 .event anyedge, v0x5635ab8646f0_0, v0x5635ab8658e0_0, v0x5635ab862d70_0;
S_0x5635ab8696d0 .scope module, "muxWriteReg" "Mux5" 2 71, 13 17 0, S_0x5635ab83b750;
 .timescale 0 0;
    .port_info 0 /INPUT 5 "in1";
    .port_info 1 /INPUT 5 "in2";
    .port_info 2 /INPUT 1 "s";
    .port_info 3 /OUTPUT 5 "out";
v0x5635ab8699a0_0 .net "in1", 4 0, L_0x5635ab87d7d0;  1 drivers
v0x5635ab869aa0_0 .net "in2", 4 0, L_0x5635ab87d870;  1 drivers
v0x5635ab869b80_0 .var "out", 4 0;
v0x5635ab869c70_0 .net "s", 0 0, v0x5635ab864950_0;  alias, 1 drivers
E_0x5635ab869920 .event anyedge, v0x5635ab864950_0, v0x5635ab8699a0_0, v0x5635ab869aa0_0;
S_0x5635ab869dd0 .scope module, "registers" "Registers" 2 78, 14 1 0, S_0x5635ab83b750;
 .timescale 0 0;
    .port_info 0 /INPUT 5 "readRegister1";
    .port_info 1 /INPUT 5 "readRegister2";
    .port_info 2 /INPUT 5 "writeRegister";
    .port_info 3 /INPUT 32 "writeData";
    .port_info 4 /INPUT 1 "regWrite";
    .port_info 5 /OUTPUT 32 "readData1";
    .port_info 6 /OUTPUT 32 "readData2";
L_0x5635ab87daa0 .functor BUFZ 32, L_0x5635ab87d910, C4<00000000000000000000000000000000>, C4<00000000000000000000000000000000>, C4<00000000000000000000000000000000>;
L_0x5635ab87dd40 .functor BUFZ 32, L_0x5635ab87db60, C4<00000000000000000000000000000000>, C4<00000000000000000000000000000000>, C4<00000000000000000000000000000000>;
v0x5635ab86a120_0 .net *"_ivl_0", 31 0, L_0x5635ab87d910;  1 drivers
v0x5635ab86a220_0 .net *"_ivl_10", 6 0, L_0x5635ab87dc00;  1 drivers
L_0x7f9d559c40f0 .functor BUFT 1, C4<00>, C4<0>, C4<0>, C4<0>;
v0x5635ab86a300_0 .net *"_ivl_13", 1 0, L_0x7f9d559c40f0;  1 drivers
v0x5635ab86a3c0_0 .net *"_ivl_2", 6 0, L_0x5635ab87d9b0;  1 drivers
L_0x7f9d559c40a8 .functor BUFT 1, C4<00>, C4<0>, C4<0>, C4<0>;
v0x5635ab86a4a0_0 .net *"_ivl_5", 1 0, L_0x7f9d559c40a8;  1 drivers
v0x5635ab86a5d0_0 .net *"_ivl_8", 31 0, L_0x5635ab87db60;  1 drivers
v0x5635ab86a6b0_0 .var/i "i", 31 0;
v0x5635ab86a790_0 .net "readData1", 31 0, L_0x5635ab87daa0;  alias, 1 drivers
v0x5635ab86a850_0 .net "readData2", 31 0, L_0x5635ab87dd40;  alias, 1 drivers
v0x5635ab86a980_0 .net "readRegister1", 4 0, L_0x5635ab87de40;  1 drivers
v0x5635ab86aa60_0 .net "readRegister2", 4 0, L_0x5635ab87df30;  1 drivers
v0x5635ab86ab40_0 .net "regWrite", 0 0, v0x5635ab864a10_0;  alias, 1 drivers
v0x5635ab86abe0 .array "registers", 0 31, 31 0;
v0x5635ab86ac80_0 .net "writeData", 31 0, v0x5635ab8694b0_0;  alias, 1 drivers
v0x5635ab86ad70_0 .net "writeRegister", 4 0, v0x5635ab869b80_0;  alias, 1 drivers
E_0x5635ab86a0a0 .event anyedge, v0x5635ab864a10_0, v0x5635ab869b80_0, v0x5635ab8694b0_0;
L_0x5635ab87d910 .array/port v0x5635ab86abe0, L_0x5635ab87d9b0;
L_0x5635ab87d9b0 .concat [ 5 2 0 0], L_0x5635ab87de40, L_0x7f9d559c40a8;
L_0x5635ab87db60 .array/port v0x5635ab86abe0, L_0x5635ab87dc00;
L_0x5635ab87dc00 .concat [ 5 2 0 0], L_0x5635ab87df30, L_0x7f9d559c40f0;
S_0x5635ab86af40 .scope module, "signExtender" "SignExtend" 2 88, 15 1 0, S_0x5635ab83b750;
 .timescale 0 0;
    .port_info 0 /INPUT 16 "in";
    .port_info 1 /OUTPUT 32 "out";
v0x5635ab86b140_0 .net *"_ivl_1", 0 0, L_0x5635ab87e130;  1 drivers
v0x5635ab86b240_0 .net *"_ivl_2", 15 0, L_0x5635ab87e1d0;  1 drivers
v0x5635ab86b320_0 .net "in", 15 0, L_0x5635ab87e710;  1 drivers
v0x5635ab86b410_0 .net "out", 31 0, L_0x5635ab87e670;  alias, 1 drivers
L_0x5635ab87e130 .part L_0x5635ab87e710, 15, 1;
LS_0x5635ab87e1d0_0_0 .concat [ 1 1 1 1], L_0x5635ab87e130, L_0x5635ab87e130, L_0x5635ab87e130, L_0x5635ab87e130;
LS_0x5635ab87e1d0_0_4 .concat [ 1 1 1 1], L_0x5635ab87e130, L_0x5635ab87e130, L_0x5635ab87e130, L_0x5635ab87e130;
LS_0x5635ab87e1d0_0_8 .concat [ 1 1 1 1], L_0x5635ab87e130, L_0x5635ab87e130, L_0x5635ab87e130, L_0x5635ab87e130;
LS_0x5635ab87e1d0_0_12 .concat [ 1 1 1 1], L_0x5635ab87e130, L_0x5635ab87e130, L_0x5635ab87e130, L_0x5635ab87e130;
L_0x5635ab87e1d0 .concat [ 4 4 4 4], LS_0x5635ab87e1d0_0_0, LS_0x5635ab87e1d0_0_4, LS_0x5635ab87e1d0_0_8, LS_0x5635ab87e1d0_0_12;
L_0x5635ab87e670 .concat [ 16 16 0 0], L_0x5635ab87e710, L_0x5635ab87e1d0;
    .scope S_0x5635ab865e00;
T_0 ;
    %pushi/vec4 537395201, 0, 32;
    %ix/load 4, 0, 0;
    %flag_set/imm 4, 0;
    %store/vec4a v0x5635ab866700, 4, 0;
    %pushi/vec4 537460738, 0, 32;
    %ix/load 4, 1, 0;
    %flag_set/imm 4, 0;
    %store/vec4a v0x5635ab866700, 4, 0;
    %pushi/vec4 17387552, 0, 32;
    %ix/load 4, 2, 0;
    %flag_set/imm 4, 0;
    %store/vec4a v0x5635ab866700, 4, 0;
    %pushi/vec4 2886336512, 0, 32;
    %ix/load 4, 3, 0;
    %flag_set/imm 4, 0;
    %store/vec4a v0x5635ab866700, 4, 0;
    %pushi/vec4 4, 0, 32;
    %store/vec4 v0x5635ab866540_0, 0, 32;
T_0.0 ;
    %load/vec4 v0x5635ab866540_0;
    %cmpi/s 256, 0, 32;
    %jmp/0xz T_0.1, 5;
    %pushi/vec4 0, 0, 32;
    %ix/getv/s 4, v0x5635ab866540_0;
    %store/vec4a v0x5635ab866700, 4, 0;
    %load/vec4 v0x5635ab866540_0;
    %addi 1, 0, 32;
    %store/vec4 v0x5635ab866540_0, 0, 32;
    %jmp T_0.0;
T_0.1 ;
    %end;
    .thread T_0;
    .scope S_0x5635ab865b80;
T_1 ;
    %wait E_0x5635ab84a340;
    %load/vec4 v0x5635ab8671d0_0;
    %flag_set/vec4 8;
    %jmp/0xz  T_1.0, 8;
    %pushi/vec4 0, 0, 32;
    %assign/vec4 v0x5635ab867070_0, 0;
    %jmp T_1.1;
T_1.0 ;
    %load/vec4 v0x5635ab866fb0_0;
    %assign/vec4 v0x5635ab867070_0, 0;
T_1.1 ;
    %jmp T_1;
    .thread T_1;
    .scope S_0x5635ab863f80;
T_2 ;
    %wait E_0x5635ab84b490;
    %load/vec4 v0x5635ab864870_0;
    %dup/vec4;
    %pushi/vec4 0, 0, 6;
    %cmp/u;
    %jmp/1 T_2.0, 6;
    %dup/vec4;
    %pushi/vec4 35, 0, 6;
    %cmp/u;
    %jmp/1 T_2.1, 6;
    %dup/vec4;
    %pushi/vec4 43, 0, 6;
    %cmp/u;
    %jmp/1 T_2.2, 6;
    %dup/vec4;
    %pushi/vec4 4, 0, 6;
    %cmp/u;
    %jmp/1 T_2.3, 6;
    %jmp T_2.4;
T_2.0 ;
    %pushi/vec4 1, 0, 1;
    %store/vec4 v0x5635ab864950_0, 0, 1;
    %pushi/vec4 0, 0, 1;
    %store/vec4 v0x5635ab8643b0_0, 0, 1;
    %pushi/vec4 0, 0, 1;
    %store/vec4 v0x5635ab8646f0_0, 0, 1;
    %pushi/vec4 1, 0, 1;
    %store/vec4 v0x5635ab864a10_0, 0, 1;
    %pushi/vec4 0, 0, 1;
    %store/vec4 v0x5635ab8645e0_0, 0, 1;
    %pushi/vec4 0, 0, 1;
    %store/vec4 v0x5635ab8647b0_0, 0, 1;
    %pushi/vec4 0, 0, 1;
    %store/vec4 v0x5635ab864450_0, 0, 1;
    %pushi/vec4 2, 0, 2;
    %store/vec4 v0x5635ab8642d0_0, 0, 2;
    %jmp T_2.4;
T_2.1 ;
    %pushi/vec4 0, 0, 1;
    %store/vec4 v0x5635ab864950_0, 0, 1;
    %pushi/vec4 1, 0, 1;
    %store/vec4 v0x5635ab8643b0_0, 0, 1;
    %pushi/vec4 1, 0, 1;
    %store/vec4 v0x5635ab8646f0_0, 0, 1;
    %pushi/vec4 1, 0, 1;
    %store/vec4 v0x5635ab864a10_0, 0, 1;
    %pushi/vec4 1, 0, 1;
    %store/vec4 v0x5635ab8645e0_0, 0, 1;
    %pushi/vec4 0, 0, 1;
    %store/vec4 v0x5635ab8647b0_0, 0, 1;
    %pushi/vec4 0, 0, 1;
    %store/vec4 v0x5635ab864450_0, 0, 1;
    %pushi/vec4 0, 0, 2;
    %store/vec4 v0x5635ab8642d0_0, 0, 2;
    %jmp T_2.4;
T_2.2 ;
    %pushi/vec4 0, 1, 1;
    %store/vec4 v0x5635ab864950_0, 0, 1;
    %pushi/vec4 1, 0, 1;
    %store/vec4 v0x5635ab8643b0_0, 0, 1;
    %pushi/vec4 0, 1, 1;
    %store/vec4 v0x5635ab8646f0_0, 0, 1;
    %pushi/vec4 0, 0, 1;
    %store/vec4 v0x5635ab864a10_0, 0, 1;
    %pushi/vec4 0, 0, 1;
    %store/vec4 v0x5635ab8645e0_0, 0, 1;
    %pushi/vec4 1, 0, 1;
    %store/vec4 v0x5635ab8647b0_0, 0, 1;
    %pushi/vec4 0, 0, 1;
    %store/vec4 v0x5635ab864450_0, 0, 1;
    %pushi/vec4 0, 0, 2;
    %store/vec4 v0x5635ab8642d0_0, 0, 2;
    %jmp T_2.4;
T_2.3 ;
    %pushi/vec4 0, 1, 1;
    %store/vec4 v0x5635ab864950_0, 0, 1;
    %pushi/vec4 0, 0, 1;
    %store/vec4 v0x5635ab8643b0_0, 0, 1;
    %pushi/vec4 0, 1, 1;
    %store/vec4 v0x5635ab8646f0_0, 0, 1;
    %pushi/vec4 0, 0, 1;
    %store/vec4 v0x5635ab864a10_0, 0, 1;
    %pushi/vec4 0, 0, 1;
    %store/vec4 v0x5635ab8645e0_0, 0, 1;
    %pushi/vec4 0, 0, 1;
    %store/vec4 v0x5635ab8647b0_0, 0, 1;
    %pushi/vec4 1, 0, 1;
    %store/vec4 v0x5635ab864450_0, 0, 1;
    %pushi/vec4 1, 0, 2;
    %store/vec4 v0x5635ab8642d0_0, 0, 2;
    %jmp T_2.4;
T_2.4 ;
    %pop/vec4 1;
    %jmp T_2;
    .thread T_2, $push;
    .scope S_0x5635ab8696d0;
T_3 ;
    %wait E_0x5635ab869920;
    %load/vec4 v0x5635ab869c70_0;
    %flag_set/vec4 8;
    %jmp/0xz  T_3.0, 8;
    %load/vec4 v0x5635ab8699a0_0;
    %assign/vec4 v0x5635ab869b80_0, 0;
    %jmp T_3.1;
T_3.0 ;
    %load/vec4 v0x5635ab869aa0_0;
    %assign/vec4 v0x5635ab869b80_0, 0;
T_3.1 ;
    %jmp T_3;
    .thread T_3, $push;
    .scope S_0x5635ab869dd0;
T_4 ;
    %pushi/vec4 0, 0, 32;
    %store/vec4 v0x5635ab86a6b0_0, 0, 32;
T_4.0 ;
    %load/vec4 v0x5635ab86a6b0_0;
    %cmpi/s 32, 0, 32;
    %jmp/0xz T_4.1, 5;
    %pushi/vec4 0, 0, 32;
    %ix/getv/s 4, v0x5635ab86a6b0_0;
    %store/vec4a v0x5635ab86abe0, 4, 0;
    %load/vec4 v0x5635ab86a6b0_0;
    %addi 1, 0, 32;
    %store/vec4 v0x5635ab86a6b0_0, 0, 32;
    %jmp T_4.0;
T_4.1 ;
    %end;
    .thread T_4;
    .scope S_0x5635ab869dd0;
T_5 ;
    %wait E_0x5635ab86a0a0;
    %load/vec4 v0x5635ab86ab40_0;
    %flag_set/vec4 9;
    %flag_get/vec4 9;
    %jmp/0 T_5.2, 9;
    %load/vec4 v0x5635ab86ad70_0;
    %pushi/vec4 0, 0, 5;
    %cmp/ne;
    %flag_get/vec4 4;
    %and;
T_5.2;
    %flag_set/vec4 8;
    %jmp/0xz  T_5.0, 8;
    %load/vec4 v0x5635ab86ac80_0;
    %load/vec4 v0x5635ab86ad70_0;
    %pad/u 7;
    %ix/vec4 3;
    %ix/load 4, 0, 0; Constant delay
    %assign/vec4/a/d v0x5635ab86abe0, 0, 4;
T_5.0 ;
    %jmp T_5;
    .thread T_5, $push;
    .scope S_0x5635ab863500;
T_6 ;
    %wait E_0x5635ab8070b0;
    %load/vec4 v0x5635ab863800_0;
    %dup/vec4;
    %pushi/vec4 0, 0, 2;
    %cmp/u;
    %jmp/1 T_6.0, 6;
    %dup/vec4;
    %pushi/vec4 1, 2, 2;
    %cmp/u;
    %jmp/1 T_6.1, 6;
    %dup/vec4;
    %pushi/vec4 2, 1, 2;
    %cmp/u;
    %jmp/1 T_6.2, 6;
    %pushi/vec4 15, 0, 4;
    %store/vec4 v0x5635ab863720_0, 0, 4;
    %jmp T_6.4;
T_6.0 ;
    %pushi/vec4 2, 0, 4;
    %store/vec4 v0x5635ab863720_0, 0, 4;
    %jmp T_6.4;
T_6.1 ;
    %pushi/vec4 6, 0, 4;
    %store/vec4 v0x5635ab863720_0, 0, 4;
    %jmp T_6.4;
T_6.2 ;
    %load/vec4 v0x5635ab8638c0_0;
    %dup/vec4;
    %pushi/vec4 0, 48, 6;
    %cmp/u;
    %jmp/1 T_6.5, 6;
    %dup/vec4;
    %pushi/vec4 2, 48, 6;
    %cmp/u;
    %jmp/1 T_6.6, 6;
    %dup/vec4;
    %pushi/vec4 4, 48, 6;
    %cmp/u;
    %jmp/1 T_6.7, 6;
    %dup/vec4;
    %pushi/vec4 5, 48, 6;
    %cmp/u;
    %jmp/1 T_6.8, 6;
    %dup/vec4;
    %pushi/vec4 10, 48, 6;
    %cmp/u;
    %jmp/1 T_6.9, 6;
    %jmp T_6.10;
T_6.5 ;
    %pushi/vec4 2, 0, 4;
    %store/vec4 v0x5635ab863720_0, 0, 4;
    %jmp T_6.10;
T_6.6 ;
    %pushi/vec4 6, 0, 4;
    %store/vec4 v0x5635ab863720_0, 0, 4;
    %jmp T_6.10;
T_6.7 ;
    %pushi/vec4 0, 0, 4;
    %store/vec4 v0x5635ab863720_0, 0, 4;
    %jmp T_6.10;
T_6.8 ;
    %pushi/vec4 1, 0, 4;
    %store/vec4 v0x5635ab863720_0, 0, 4;
    %jmp T_6.10;
T_6.9 ;
    %pushi/vec4 7, 0, 4;
    %store/vec4 v0x5635ab863720_0, 0, 4;
    %jmp T_6.10;
T_6.10 ;
    %pop/vec4 1;
    %jmp T_6.4;
T_6.4 ;
    %pop/vec4 1;
    %jmp T_6;
    .thread T_6, $push;
    .scope S_0x5635ab867b60;
T_7 ;
    %wait E_0x5635ab867e40;
    %load/vec4 v0x5635ab868150_0;
    %flag_set/vec4 8;
    %jmp/0xz  T_7.0, 8;
    %load/vec4 v0x5635ab867ea0_0;
    %assign/vec4 v0x5635ab868050_0, 0;
    %jmp T_7.1;
T_7.0 ;
    %load/vec4 v0x5635ab867f80_0;
    %assign/vec4 v0x5635ab868050_0, 0;
T_7.1 ;
    %jmp T_7;
    .thread T_7, $push;
    .scope S_0x5635ab862a70;
T_8 ;
    %wait E_0x5635ab806510;
    %load/vec4 v0x5635ab862c70_0;
    %dup/vec4;
    %pushi/vec4 0, 0, 4;
    %cmp/u;
    %jmp/1 T_8.0, 6;
    %dup/vec4;
    %pushi/vec4 1, 0, 4;
    %cmp/u;
    %jmp/1 T_8.1, 6;
    %dup/vec4;
    %pushi/vec4 2, 0, 4;
    %cmp/u;
    %jmp/1 T_8.2, 6;
    %dup/vec4;
    %pushi/vec4 6, 0, 4;
    %cmp/u;
    %jmp/1 T_8.3, 6;
    %dup/vec4;
    %pushi/vec4 7, 0, 4;
    %cmp/u;
    %jmp/1 T_8.4, 6;
    %dup/vec4;
    %pushi/vec4 12, 0, 4;
    %cmp/u;
    %jmp/1 T_8.5, 6;
    %pushi/vec4 0, 0, 32;
    %store/vec4 v0x5635ab862d70_0, 0, 32;
    %jmp T_8.7;
T_8.0 ;
    %load/vec4 v0x5635ab8631e0_0;
    %load/vec4 v0x5635ab8632c0_0;
    %and;
    %store/vec4 v0x5635ab862d70_0, 0, 32;
    %jmp T_8.7;
T_8.1 ;
    %load/vec4 v0x5635ab8631e0_0;
    %load/vec4 v0x5635ab8632c0_0;
    %or;
    %store/vec4 v0x5635ab862d70_0, 0, 32;
    %jmp T_8.7;
T_8.2 ;
    %load/vec4 v0x5635ab8631e0_0;
    %load/vec4 v0x5635ab8632c0_0;
    %add;
    %store/vec4 v0x5635ab862d70_0, 0, 32;
    %jmp T_8.7;
T_8.3 ;
    %load/vec4 v0x5635ab8631e0_0;
    %load/vec4 v0x5635ab8632c0_0;
    %sub;
    %store/vec4 v0x5635ab862d70_0, 0, 32;
    %jmp T_8.7;
T_8.4 ;
    %load/vec4 v0x5635ab8631e0_0;
    %load/vec4 v0x5635ab8632c0_0;
    %cmp/u;
    %flag_mov 8, 5;
    %jmp/0 T_8.8, 8;
    %pushi/vec4 1, 0, 32;
    %jmp/1 T_8.9, 8;
T_8.8 ; End of true expr.
    %pushi/vec4 0, 0, 32;
    %jmp/0 T_8.9, 8;
 ; End of false expr.
    %blend;
T_8.9;
    %store/vec4 v0x5635ab862d70_0, 0, 32;
    %jmp T_8.7;
T_8.5 ;
    %load/vec4 v0x5635ab8631e0_0;
    %load/vec4 v0x5635ab8632c0_0;
    %or;
    %inv;
    %store/vec4 v0x5635ab862d70_0, 0, 32;
    %jmp T_8.7;
T_8.7 ;
    %pop/vec4 1;
    %jmp T_8;
    .thread T_8, $push;
    .scope S_0x5635ab864c70;
T_9 ;
    %pushi/vec4 0, 0, 32;
    %store/vec4 v0x5635ab865530_0, 0, 32;
T_9.0 ;
    %load/vec4 v0x5635ab865530_0;
    %cmpi/s 256, 0, 32;
    %jmp/0xz T_9.1, 5;
    %pushi/vec4 0, 0, 32;
    %ix/getv/s 4, v0x5635ab865530_0;
    %store/vec4a v0x5635ab865840, 4, 0;
    %load/vec4 v0x5635ab865530_0;
    %addi 1, 0, 32;
    %store/vec4 v0x5635ab865530_0, 0, 32;
    %jmp T_9.0;
T_9.1 ;
    %end;
    .thread T_9;
    .scope S_0x5635ab864c70;
T_10 ;
    %wait E_0x5635ab864ea0;
    %load/vec4 v0x5635ab865770_0;
    %flag_set/vec4 8;
    %jmp/0xz  T_10.0, 8;
    %load/vec4 v0x5635ab8659a0_0;
    %load/vec4 v0x5635ab8653d0_0;
    %parti/s 8, 2, 3;
    %pad/u 10;
    %ix/vec4 4;
    %store/vec4a v0x5635ab865840, 4, 0;
T_10.0 ;
    %jmp T_10;
    .thread T_10, $push;
    .scope S_0x5635ab868fe0;
T_11 ;
    %wait E_0x5635ab869230;
    %load/vec4 v0x5635ab869570_0;
    %flag_set/vec4 8;
    %jmp/0xz  T_11.0, 8;
    %load/vec4 v0x5635ab8692b0_0;
    %assign/vec4 v0x5635ab8694b0_0, 0;
    %jmp T_11.1;
T_11.0 ;
    %load/vec4 v0x5635ab8693c0_0;
    %assign/vec4 v0x5635ab8694b0_0, 0;
T_11.1 ;
    %jmp T_11;
    .thread T_11, $push;
    .scope S_0x5635ab868270;
T_12 ;
    %wait E_0x5635ab868470;
    %load/vec4 v0x5635ab868790_0;
    %flag_set/vec4 8;
    %jmp/0xz  T_12.0, 8;
    %load/vec4 v0x5635ab8684f0_0;
    %assign/vec4 v0x5635ab8686a0_0, 0;
    %jmp T_12.1;
T_12.0 ;
    %load/vec4 v0x5635ab868600_0;
    %assign/vec4 v0x5635ab8686a0_0, 0;
T_12.1 ;
    %jmp T_12;
    .thread T_12, $push;
    .scope S_0x5635ab868900;
T_13 ;
    %wait E_0x5635ab868b50;
    %load/vec4 v0x5635ab868ec0_0;
    %flag_set/vec4 8;
    %jmp/0xz  T_13.0, 8;
    %load/vec4 v0x5635ab868bd0_0;
    %assign/vec4 v0x5635ab868dc0_0, 0;
    %jmp T_13.1;
T_13.0 ;
    %load/vec4 v0x5635ab868cd0_0;
    %assign/vec4 v0x5635ab868dc0_0, 0;
T_13.1 ;
    %jmp T_13;
    .thread T_13, $push;
# The file index is used to find the file name in the following table.
:file_names 16;
    "N/A";
    "<interactive>";
    "MIPS.v";
    "./AddALU.v";
    "./ALU.v";
    "./ALUcontrol.v";
    "./ShiftLeft32bits.v";
    "./ControlUnit.v";
    "./DataMemory.v";
    "./FetchUnit.v";
    "./InstructionMemory.v";
    "./Add4.v";
    "./ShiftLeft28bits.v";
    "./Multiplexer.v";
    "./Registers.v";
    "./SignalExtend.v";
